1
0.333333
0.142857
0.0909091
0.0666667
0.0526316
0.0666667
0.0232558
0.037037
0.102041
0.111111
0.0909091
0.103448
0.0666667
0.0697674
0.0454545
0.0416667
0.117117
0.147541
0.145161
0.183673
0.16
0.153846
0.163636
0.186441
0.182186
0.172691
0.163347
0.15873
0.15415
0.150579
0.149425
0.146067
0.178571
0.174377
0.176471
0.172414
0.195652
0.197568
0.20597
0.202381
0.201183
0.204819
0.213018
0.209302
0.221591
0.226519
0.22314
0.213115
0.203252
0.193548
0.184
0.174603
0.165354
0.15625
0.147287
0.138462
0.129771
0.121212
0.112782
0.104478
0.0962963
0.0882353
0.080292
0.0724638
0.0647482
0.0638298
0.0694444
0.0933333
0.151515
0.154762
0.144509
0.162011
0.255102
0.248731
0.246231
0.270125
0.276896
0.274648
0.28125
0.288889
0.289116
0.297659
0.305921
0.33123
0.333333
0.332293
0.335375
0.333333
0.331298
0.358601
0.35942
0.367521
0.384106
0.379538
0.375
0.370492
0.366013
0.361564
0.357143
0.352751
0.348387
0.344051
0.339744
0.335463
0.33121
0.326984
0.322785
0.318612
0.314465
0.310345
0.30625
0.302181
0.298137
0.290123
0.286154
0.282209
0.278287
0.27439
0.266667
0.26284
0.259036
0.255255
0.251497
0.244048
0.240356
0.236686
0.229412
0.225806
0.222222
0.215116
0.211594
0.208092
0.201149
0.197708
0.190883
0.1875
0.186441
0.184358
0.183333
0.181319
0.180328
0.179348
0.177419
0.178667
0.178947
0.181347
0.182519
0.18481
0.183879
0.186104
0.192214
0.189448
0.192399
0.201856
0.206422
0.212528
0.209821
0.214912
0.220779
0.227176
0.241237
0.256461
0.267442
0.289963
0.300725
0.314488
0.33107
0.339967
0.365625
0.363495
0.365177
0.385066
0.383041
0.411279
0.438961
0.451128
0.470799
0.468565
0.492099
0.496674
0.517387
0.537764
0.538808
0.537655
0.537369
0.542142
0.543565
0.542774
0.542213
0.543885
0.545876
0.547999
0.54782
0.564192
0.566363
0.566008
0.567349
0.566998
0.567367
0.572598
0.571645
0.570867
0.571429
0.575614
0.574129
0.573742
0.580941
0.579581
0.581461
0.581184
0.582374
0.581487
0.579653
0.586732
0.586656
0.584926
0.589499
0.588344
0.587302
0.586807
0.592593
0.596358
0.596159
0.5981
0.597604
0.605422
0.605016
0.604724
0.611605
0.612135
0.618203
0.619005
0.624474
0.627008
0.629088
0.629012
0.633951
0.639493
0.637838
0.63522
0.632287
0.62996
0.62766
0.626102
0.624232
0.622707
0.620824
0.619335
0.617862
0.616041
0.614601
0.612822
0.611414
0.609675
0.607957
0.606598
0.604918
0.603259
0.601619
0.6
0.5984
0.596819
0.595417
0.594351
0.592665
0.589564
0.587621
0.585094
0.584445
0.58368
0.583052
0.582311
0.581704
0.580987
0.580283
0.579705
0.579022
0.578352
0.577692
0.577043
0.576698
0.575051
0.574061
0.573638
0.573968
0.574228
0.574482
0.574772
0.575016
0.575294
0.575454
0.573167
0.572971
0.571341
0.571298
0.571688
0.572879
0.574041
0.575175
0.576281
0.577361
0.57571
0.575639
0.571929
0.568276
0.568251
0.567825
0.566921
0.565887
0.565653
0.564509
0.562647
0.560227
0.55787
0.556051
0.555764
0.554781
0.554161
0.553393
0.55229
0.551465
0.550245
0.544162
0.543798
0.543425
0.542104
0.540893
0.539183
0.539366
0.540211
0.540359
0.539765
0.538752
0.538027
0.53624
0.534683
0.531556
0.530442
0.529344
0.527584
0.527617
0.526838
0.525545
0.525245
0.523579
0.523335
0.521229
0.520353
0.517308
0.516673
0.514024
0.513854
0.513495
0.512426
0.51168
0.513218
0.512308
0.512042
0.512267
0.511164
0.510046
0.50993
0.509313
0.506791
0.506242
0.505278
0.504332
0.502545
0.500593
0.500021
0.496858
0.496207
0.495234
0.494621
0.493675
0.493108
0.493893
0.495028
0.494574
0.493258
0.492264
0.49239
0.492089
0.492292
0.4929
0.491904
0.492228
0.491861
0.490695
0.4893
0.488172
0.486664
0.486505
0.486153
0.487
0.485769
0.485421
0.484794
0.483949
0.483249
0.482828
0.483827
0.483444
0.483709
0.483056
0.482615
0.481644
0.482194
0.48207
0.481411
0.480022
0.479846
0.4791
0.479999
0.480969
0.480909
0.48028
0.479639
0.479511
0.47996
0.479779
0.479192
0.480086
0.479958
0.479705
0.479806
0.480022
0.479565
0.479467
0.479572
0.479389
0.478333
0.477857
0.478777
0.478536
0.478619
0.478352
0.478738
0.481458
0.481877
0.482178
0.482826
0.482144
0.481981
0.482519
0.483397
0.484527
0.484528
0.48613
0.485748
0.485622
0.485769
0.485415
0.484833
0.484247
0.485388
0.485368
0.485621
0.485016
0.484691
0.485547
0.485274
0.485451
0.48762
0.489446
0.489818
0.489582
0.48961
0.489367
0.489172
0.489207
0.490228
0.491184
0.491719
0.492799
0.493108
0.494788
0.495945
0.4958
0.496152
0.497912
0.497323
0.496815
0.499873
0.503653
0.505825
0.505154
0.504655
0.504577
0.504666
0.507738
0.508676
0.50889
0.507814
0.507484
0.507749
0.508128
0.508052
0.510925
0.511867
0.511484
0.511214
0.511174
0.51213
0.513905
0.514659
0.5145
0.514404
0.514782
0.51584
0.516239
0.515663
0.515524
0.515823
0.516731
0.517762
0.518132
0.518363
0.518266
0.519243
0.519646
0.520012
0.52085
0.520049
0.521491
0.522195
0.522323
0.522117
0.522337
0.522523
0.523864
0.523777
0.524022
0.524299
0.524344
0.523876
0.52404
0.523889
0.526367
0.527926
0.528475
0.529816
0.530483
0.530356
0.53047
0.530192
0.529444
0.529577
0.529053
0.52909
0.529766
0.529659
0.529291
0.528457
0.528579
0.527791
0.526714
0.525522
0.524601
0.524375
0.523567
0.522864
0.522748
0.522077
0.521474
0.520815
0.520157
0.520135
0.519933
0.51927
0.518343
0.517525
0.516807
0.516597
0.51609
0.515491
0.515111
0.514154
0.512992
0.51224
0.510954
0.51028
0.509395
0.509399
0.50849
0.507631
0.506111
0.502873
0.499932
0.495529
0.492758
0.49071
0.487387
0.484092
0.480905
0.477125
0.477021
0.497932
0.495045
0.492539
0.490672
0.488339
0.485986
0.483736
0.480484
0.478398
0.497961
0.495968
0.494939
0.493725
0.492772
0.491616
0.49056
0.489557
0.488588
0.48741
0.48614
0.485069
0.484239
0.482984
0.481594
0.480201
0.478533
0.476875
0.475196
0.473628
0.472021
0.469569
0.467821
0.466327
0.46407
0.460958
0.457263
0.452726
0.44889
0.443374
0.436543
0.432594
0.426183
0.421099
0.416905
0.410397
0.405068
0.399322
0.395078
0.389894
0.385149
0.378974
0.373034
0.368129
0.363565
0.358567
0.354952
0.353167
0.352209
0.351273
0.35044
0.349545
0.348575
0.347614
0.346655
0.345723
0.344732
0.343695
0.342689
0.341552
0.340488
0.339325
0.338002
0.33666
0.335344
0.333938
0.332439
0.330741
0.328655
0.326496
0.326106
