0.113489
0.106549
0.105565
0.10377
0.102371
0.0944351
0.0942164
0.0880296
0.0818534
0.0816196
0.0812385
0.0805622
0.079675
0.077456
0.0760769
0.0749649
0.0739729
0.0735807
0.0734504
0.0734172
0.0713299
0.0708983
0.0708201
0.0702689
0.0701892
0.0697008
0.0696176
0.0686243
0.0683345
0.0676599
0.0673822
0.0666856
0.0662329
0.0660843
0.0650784
0.064677
0.064055
0.0638407
0.0637488
0.0634891
0.062737
0.0618441
0.0612467
0.0609614
0.0604379
0.0602789
0.0600948
0.0597086
0.0593989
0.0591699
0.0591211
0.0588502
0.0587676
0.0584868
0.0584135
0.0577919
0.0576113
0.0569369
0.055934
0.0556794
0.0555951
0.0555581
0.054888
0.0547157
0.0542387
0.0540512
0.0539407
0.0537556
0.0534072
0.053171
0.0528161
0.052462
0.0524333
0.0522188
0.0521721
0.0521226
0.0519445
0.0516457
0.0511837
0.0505018
0.0502448
0.0500845
0.0489046
0.0486926
0.0484721
0.0481582
0.0479508
0.0478791
0.0477509
0.0475021
0.0474395
0.0468418
0.0468009
0.0462156
0.0461165
0.0459778
0.0459435
0.0459222
0.045917
0.0455496
0.0455249
0.0454842
0.0452747
0.0452691
0.0451305
0.0451031
0.0450379
0.0445459
0.0444547
0.0444106
0.0441448
0.0440443
0.0438928
0.0432975
0.0430976
0.0429156
0.0427627
0.0426687
0.042569
0.0425029
0.0421103
0.0420826
0.0420738
0.0420536
0.0416808
0.0414622
0.0414043
0.041235
0.0410025
0.0409371
0.0407255
0.0406704
0.0405224
0.0402456
0.0401806
0.0401497
0.0399545
0.0396563
0.0388235
0.038804
0.0382888
0.0382206
0.0382181
0.0380311
0.0379078
0.0378697
0.0378565
0.0378077
0.0376607
0.037625
0.0374114
0.0372938
0.0366969
0.0363204
0.0362954
0.0360503
0.0358453
0.0356657
0.0356278
0.0354382
0.0353826
0.0351989
0.0349814
0.0349319
0.0348067
0.0347817
0.0346385
0.034599
0.0342964
0.0338036
0.0336572
0.032995
0.0329832
0.0329121
0.0327704
0.0327589
0.0327587
0.0327496
0.0327441
0.0324848
0.0321477
0.0320988
0.0320359
0.031981
0.0319216
0.0318392
0.031792
0.031574
0.0314631
0.0314456
0.0310621
0.0308935
0.030858
0.0306902
0.0306711
0.0306567
0.030618
0.0305375
0.0305075
0.0304348
0.0304259
0.0303964
0.0303325
0.0302713
0.0299071
0.0297482
0.0295981
0.0294052
0.02932
0.0292298
0.0290993
0.0289726
0.028519
0.0283709
0.028142
0.0277344
0.0274795
0.0274625
0.0272576
0.0271867
0.0271534
0.0271519
0.0269978
0.0267908
0.0266278
0.0265907
0.0265002
0.0263437
0.0262495
0.0260747
0.0259565
0.0258113
0.0257313
0.0256447
0.0255914
0.0255491
0.0254926
0.0253917
0.0251847
0.0249336
0.0248359
0.0247474
0.0246051
0.0245937
0.0244549
0.0244247
0.0243018
0.0242269
0.0240271
0.0239741
0.023794
0.0237097
0.0236061
0.0235194
0.0234313
0.0232812
0.023099
0.0229615
0.0228458
0.022472
0.0222586
0.0222162
0.0221569
0.0220151
0.021898
0.0217731
0.0216899
0.021597
0.0214744
0.0214374
0.0212918
0.0212064
0.0210841
0.0210646
0.0209985
0.0208821
0.0207999
0.0206648
0.0205654
0.0204602
0.0202853
0.0202512
0.0201538
0.0201077
0.0199935
0.0199147
0.019748
0.019514
0.019325
0.019234
0.0191077
0.0189947
0.0188522
0.0187489
0.0186245
0.0185561
0.0184835
0.0183983
0.0182958
0.0181645
0.0180536
0.0179347
0.0177967
0.0177026
0.0176472
0.0176141
0.017548
0.0174685
0.0174414
0.0174016
0.0173175
0.0172589
0.0172218
0.0170658
0.0169099
0.0167798
0.0167004
0.0166175
0.0165255
0.0164442
0.0163731
0.0163025
0.016226
0.0161217
0.0160505
0.015962
0.0158784
0.0157343
0.0156592
0.0155911
0.015483
0.0154025
0.0153342
0.0152715
0.0151941
0.0150604
0.0150018
0.0149682
0.0148354
0.0147668
0.0146567
0.0145829
0.0145101
0.014425
0.0143367
0.0142819
0.01419
0.0141077
0.0140512
0.0139832
0.0139248
0.0138658
0.0138213
0.0137437
0.0136414
0.0135509
0.0134564
0.0134033
0.0133725
0.0133258
0.013276
0.0131552
0.0130678
0.0130224
0.0129683
0.0128566
0.0127836
0.0127298
0.01264
0.0125432
0.0125101
0.0124574
0.0124026
0.0123303
0.012219
0.0121497
0.0120375
0.0119634
0.011917
0.011846
0.0117368
0.0117094
0.0116583
0.0115808
0.0115385
0.0114946
0.0114203
0.0113741
0.0113128
0.0112621
0.011199
0.0111695
0.011118
0.0110385
0.0109865
0.0108955
0.0108531
0.0108074
0.0107312
0.0106694
0.0105841
0.010531
0.0104693
0.0103918
0.010347
0.0102863
0.0102469
0.0101478
0.0100706
0.01002
0.00998271
0.0099322
0.00985863
0.00976578
0.00970914
0.00958955
0.00955098
0.00944483
0.00939299
0.00933077
0.00927455
0.00921505
0.00913318
0.00906216
0.00899566
0.00888962
0.00884916
0.00879012
0.00870958
0.00863549
0.00859332
0.00853245
0.00847419
0.0084299
0.00839857
0.00833232
0.00828231
0.00820286
0.00814995
0.00810787
0.00804798
0.00796548
0.00790869
0.00784924
0.00776562
0.007729
0.00764834
0.00761314
0.00753294
0.00745518
0.00739227
0.00732847
0.00728015
0.00723643
0.00717322
0.00714076
0.00708326
0.00703071
0.00697321
0.00688984
0.00682262
0.00677192
0.00671175
0.00667248
0.00660683
0.0065678
0.00652831
0.00647035
0.00644882
0.00640233
0.00634763
0.00629142
0.00624974
0.00618204
0.00614095
0.00609807
0.00604396
0.00598424
0.00594426
0.00588685
0.00583418
0.00579361
0.00574111
0.00570126
0.00564458
0.00560626
0.00557302
0.0055402
0.00549485
0.00542926
0.00537579
0.00533711
0.00529508
0.00524836
0.00519269
0.00514273
0.00509442
0.00504813
0.00500641
0.00496633
0.00492899
0.00489282
0.00484695
0.00481426
0.00476812
0.00472485
0.00468661
0.00465602
0.00462206
0.00457178
0.0045346
0.00448798
0.00444946
0.00441715
0.00437297
0.0043328
0.00429651
0.00425226
0.00421845
0.00417756
0.00413967
0.00410626
0.00407063
0.00403883
0.00400663
0.00395743
0.00392427
0.00388805
0.00385726
0.00382471
0.00378766
0.00375262
0.00372089
0.00369205
0.00365579
0.00362861
0.00359784
0.003567
0.00352471
0.0034912
0.00346245
0.00342599
0.00338849
0.00335726
0.00332931
0.00328978
0.00325524
0.00322847
0.00320003
0.00317421
0.00314569
0.00311714
0.00308687
0.00305803
0.00303514
0.00300157
0.00296553
0.0029404
0.0029096
0.00287975
0.00285374
0.00282852
0.00279839
0.00277354
0.0027478
0.0027187
0.00268767
0.00266466
0.0026407
0.00261395
0.00258419
0.00255961
0.00252984
0.00250824
0.00248828
0.00246415
0.00243988
0.00241118
0.00238673
0.00236302
0.00233527
0.00230926
0.00228232
0.00226565
0.00224195
0.00221716
0.00219325
0.00217433
0.00215027
0.00213038
0.00210351
0.00208084
0.00205953
0.00203433
0.00201113
0.00198722
0.00196761
0.00194489
0.00192778
0.00190936
0.0018838
0.00185747
0.00183742
0.00181567
0.00179579
0.0017735
0.00175549
0.00173339
0.00171325
0.00169526
0.00167537
0.00165489
0.00163449
0.00161433
0.0015983
0.00157976
0.00156005
0.00153988
0.00152066
0.00150361
0.00148793
0.0014713
0.00145144
0.00143261
0.00141233
0.00139202
0.00137483
0.00135841
0.00134144
0.00132404
0.0013085
0.00129418
0.00127304
0.00125677
0.00124001
0.00122302
0.00120524
0.00118966
0.00117228
0.00115516
0.00113914
0.00112322
0.00110832
0.0010921
0.00107722
0.0010638
0.00104888
0.001035
0.00102026
0.00100831
0.000995442
0.000985002
0.000975555
0.000974393
0.000969787
0.000963622
0.000963622
0.000942485
0.000926465
0.000908722
0.000891852
0.000872839
0.00085664
0.000839512
0.000822602
0.000808836
0.000794109
0.000780344
0.000767343
0.000755389
0.000739376
0.000724494
0.000710412
0.000696424
0.000681782
0.000669643
0.000658363
0.000646035
0.000633441
0.000619765
0.00060805
0.00059925
0.000589308
0.000577443
0.000568135
0.000560954
0.000557243
0.000546259
0.000537571
0.000529471
0.000526776
0.000523538
0.000513444
0.000502919
0.000490783
0.000479499
0.000468509
0.000459719
0.00045011
0.000439712
0.000429679
0.000420454
0.000411498
0.000401816
0.000392883
0.000383742
0.000375956
0.000368728
0.000360794
0.00035446
0.000352646
0.000345276
0.000337241
0.000330538
0.000321641
0.000312699
0.000304965
0.000297973
0.000289712
0.000282114
0.000274558
0.000267279
0.000259124
0.000253088
0.000248579
0.000241408
0.000235033
0.00022869
0.00022186
0.000215331
0.000209119
0.000203576
0.000198643
0.000192984
0.00018668
0.00018194
0.000176569
0.000172874
0.000167099
0.000161724
0.000156993
0.000151998
0.000147616
0.000143217
0.000138885
0.000134924
0.000130998
0.000127686
0.000123987
0.000120323
0.000116363
0.000113132
0.000109782
0.000106227
0.000103528
0.000100462
9.74238e-05
9.47304e-05
9.10233e-05
8.83402e-05
8.55205e-05
8.26527e-05
7.99163e-05
7.7207e-05
7.40032e-05
7.1202e-05
6.85314e-05
6.63894e-05
6.39508e-05
6.17702e-05
5.99388e-05
5.7636e-05
5.5197e-05
5.26747e-05
5.06377e-05
4.86118e-05
4.64507e-05
4.45006e-05
4.2353e-05
4.01842e-05
3.80328e-05
3.62613e-05
3.44877e-05
3.24615e-05
3.07851e-05
2.91584e-05
2.72766e-05
2.56846e-05
2.39891e-05
2.24257e-05
2.09975e-05
1.95371e-05
1.80299e-05
1.67389e-05
1.57052e-05
1.45608e-05
1.34078e-05
1.23439e-05
1.11941e-05
1.00458e-05
9.08852e-06
7.94217e-06
6.98667e-06
6.03305e-06
5.04241e-06
4.33884e-06
3.63094e-06
3.04186e-06
2.46524e-06
1.95279e-06
1.48803e-06
1.11871e-06
7.84746e-07
5.15511e-07
2.64217e-07
7.3685e-08
3.84478e-09
0
0
0
0
0
0
0
0
0
