125.251
85.2165
71.3892
65.6807
58.9541
50.0745
48.0639
45.4798
44.7695
43.8405
42.7749
41.1471
41.1367
40.4205
39.2294
38.1027
37.272
37.1982
36.1534
34.9502
33.7646
33.1115
32.8473
32.4823
32.1594
31.6031
31.4777
31.1305
31.0583
30.4703
30.1479
30.0058
29.6827
29.5124
29.2832
29.251
29.1762
28.9695
28.8497
28.5856
28.3719
28.2059
27.9457
27.8711
27.6854
27.6021
27.5485
27.2559
27.0429
27.0091
26.9348
26.6746
26.5906
26.4977
26.4439
26.2794
26.2062
26.0539
25.855
25.7733
25.7017
25.5538
25.4733
25.3081
25.2404
25.0171
24.9314
24.783
24.6225
24.4951
24.3679
24.1985
24.085
23.9537
23.7704
23.6177
23.4795
23.316
23.2173
23.011
22.802
22.6237
22.5182
22.3668
22.1758
22.0437
21.8481
21.7106
21.5379
21.3849
21.2256
21.0038
20.8911
20.7036
20.5367
20.347
20.2007
20.0025
19.8498
19.6661
19.4821
19.3242
19.147
18.9419
18.7993
18.6327
18.4511
18.2567
18.0884
17.8923
17.732
17.5043
17.3238
17.1694
16.9938
16.795
16.6054
16.4377
16.2139
16.0579
15.8601
15.6667
15.4751
15.3042
15.1344
14.9107
14.7252
14.5462
14.3459
14.1628
13.9754
13.7717
13.5835
13.3771
13.1954
13.0107
12.8002
12.6198
12.4209
12.2085
12.0241
11.8245
11.6394
11.4439
11.2375
11.0351
10.8421
10.6578
10.4432
10.246
10.0525
9.84818
9.64034
9.4343
9.24387
9.03606
8.85374
8.64066
8.43174
8.22633
8.03873
7.83042
7.6193
7.42548
7.22864
7.02079
6.81046
6.60788
6.4068
6.1994
5.99229
5.79325
5.58561
5.38217
5.18025
4.97437
4.77058
4.56655
4.35895
4.16214
3.95358
3.7459
3.54214
3.33713
3.13042
2.92729
2.71692
2.51532
2.30976
2.10401
1.90342
1.69543
1.48698
1.29829
1.07355
0.905562
0.692692
0.483428
0.280732
0.0407628
