1
0.333333
0.142857
0.0909091
0.0666667
0.0526316
0.0666667
0.0697674
0.0188679
0.12
0.0980392
0.107143
0.0877193
0.108911
0.0967742
0.0793651
0.0625
0.0434783
0.0285714
0.142857
0.162162
0.176471
0.153846
0.148148
0.157895
0.180328
0.183673
0.173554
0.162055
0.160784
0.157088
0.153558
0.151515
0.148148
0.158672
0.155235
0.168539
0.164835
0.16129
0.171233
0.186667
0.189542
0.227273
0.231198
0.235772
0.237057
0.235772
0.226933
0.213759
0.202899
0.189573
0.179487
0.178654
0.178295
0.169231
0.160305
0.151515
0.142857
0.134328
0.125926
0.117647
0.109489
0.101449
0.0935252
0.0857143
0.0780142
0.0769231
0.0758621
0.0810811
0.109677
0.149701
0.177143
0.191257
0.208122
0.20202
0.2
0.19802
0.192118
0.233645
0.269565
0.264069
0.258621
0.265823
0.278689
0.306321
0.323308
0.320896
0.321033
0.316176
0.367003
0.364548
0.386503
0.386018
0.392857
0.390533
0.387097
0.382637
0.378205
0.373802
0.369427
0.365079
0.360759
0.356467
0.352201
0.347962
0.34375
0.339564
0.335404
0.331269
0.32716
0.323077
0.319018
0.314985
0.310976
0.30303
0.299094
0.295181
0.291291
0.287425
0.279762
0.275964
0.272189
0.268437
0.264706
0.25731
0.253644
0.25
0.242775
0.239193
0.235632
0.228571
0.225071
0.221591
0.214689
0.211268
0.204482
0.203343
0.2
0.197802
0.196721
0.192412
0.189189
0.182796
0.181818
0.179894
0.17801
0.177083
0.178295
0.180662
0.176768
0.175
0.176179
0.17734
0.179612
0.181818
0.180095
0.178404
0.181395
0.189066
0.193694
0.200873
0.195652
0.2
0.20339
0.213251
0.218814
0.22
0.226824
0.239923
0.255121
0.261426
0.27972
0.28
0.30363
0.303777
0.316294
0.333333
0.338346
0.339286
0.345029
0.359551
0.361227
0.360768
0.377309
0.402726
0.403681
0.406061
0.411905
0.439462
0.461129
0.483417
0.487587
0.511737
0.54142
0.540196
0.541
0.542007
0.541804
0.541353
0.540629
0.541879
0.541419
0.540714
0.542136
0.543517
0.54406
0.545336
0.546118
0.546111
0.547059
0.548628
0.548494
0.548915
0.550707
0.552607
0.552128
0.552049
0.551942
0.551008
0.551909
0.550984
0.549883
0.54965
0.553592
0.557596
0.559563
0.560368
0.560356
0.563406
0.563109
0.564629
0.564994
0.566033
0.56546
0.569727
0.570447
0.573398
0.579145
0.579827
0.582316
0.583847
0.585778
0.584416
0.584928
0.587504
0.590169
0.591779
0.591114
0.58978
0.587556
0.584799
0.582613
0.579902
0.577752
0.575087
0.573272
0.571823
0.569661
0.567555
0.565473
0.563415
0.56138
0.559367
0.557377
0.555409
0.553462
0.551536
0.549253
0.547373
0.545279
0.543358
0.541897
0.539924
0.538591
0.536975
0.53504
0.533696
0.53211
0.530726
0.529315
0.527874
0.526454
0.525055
0.523676
0.522092
0.520755
0.520016
0.518403
0.517402
0.516005
0.514768
0.512811
0.512047
0.511304
0.510196
0.509713
0.508907
0.508191
0.507487
0.506624
0.505674
0.504406
0.503245
0.502349
0.502338
0.502477
0.50229
0.50185
0.501586
0.501656
0.501063
0.500981
0.500805
0.500402
0.500637
0.501252
0.500933
0.500775
0.500538
0.50053
0.500076
0.501271
0.501693
0.50147
0.501881
0.502221
0.503552
0.50438
0.505089
0.505979
0.507168
0.506971
0.507007
0.508499
0.510017
0.511134
0.509023
0.507094
0.504978
0.502868
0.500955
0.501269
0.501566
0.501934
0.503625
0.505212
0.506654
0.508353
0.509505
0.510788
0.511916
0.513642
0.515131
0.516314
0.516122
0.517818
0.519726
0.521524
0.520916
0.521188
0.522517
0.522893
0.522739
0.524114
0.527688
0.530642
0.531012
0.531879
0.532499
0.536339
0.537636
0.538281
0.540989
0.541725
0.543838
0.54401
0.542267
0.54132
0.540724
0.540105
0.538368
0.536576
0.53632
0.535099
0.534781
0.534789
0.531734
0.553347
0.549977
0.547799
0.546558
0.544688
0.54406
0.542664
0.540693
0.540627
0.540527
0.54036
0.539941
0.540164
0.542136
0.541924
0.541931
0.543318
0.542587
0.541986
0.541449
0.54128
0.540836
0.540942
0.540804
0.54089
0.54034
0.539294
0.539296
0.538169
0.53779
0.537343
0.537582
0.537542
0.536771
0.535614
0.534772
0.534002
0.534736
0.532505
0.531631
0.531381
0.530795
0.529523
0.529835
0.530031
0.529504
0.529068
0.529243
0.52883
0.528865
0.528603
0.528491
0.527936
0.528907
0.528785
0.528749
0.528798
0.528977
0.529997
0.529967
0.531751
0.533542
0.533127
0.533854
0.534115
0.537532
0.589038
0.5882
0.58733
0.586736
0.58572
0.585602
0.585791
0.585193
0.58529
0.586898
0.586927
0.586974
0.586138
0.58678
0.587043
0.585947
0.584261
0.583369
0.58243
0.583345
0.582739
0.581931
0.580764
0.579946
0.580644
0.580381
0.580576
0.579525
0.579074
0.578795
0.576049
0.576309
0.576497
0.57883
0.579027
0.580295
0.580404
0.582986
0.583631
0.582901
0.582383
0.582725
0.583983
0.583926
0.58373
0.58401
0.582998
0.582043
0.581074
0.580149
0.579204
0.578179
0.577214
0.576212
0.574914
0.573959
0.573718
0.573068
0.572692
0.5712
0.571197
0.57188
0.57191
0.571525
0.570876
0.569972
0.570551
0.569618
0.571059
0.572245
0.572564
0.57307
0.573517
0.575072
0.576013
0.578369
0.580113
0.581669
0.583471
0.585977
0.587112
0.642131
0.640501
0.639297
0.638226
0.637143
0.634189
0.631128
0.630152
0.627165
0.62541
0.624314
0.623082
0.62142
0.620728
0.619108
0.617087
0.615049
0.613594
0.612304
0.611683
0.610274
0.608873
0.607677
0.60645
0.605315
0.603905
0.602859
0.601108
0.599742
0.597302
0.594983
0.593538
0.591821
0.589593
0.586653
0.584063
0.581445
0.57879
0.575838
0.572639
0.570311
0.56756
0.565068
0.561397
0.558135
0.554779
0.552661
0.551201
0.548945
0.545253
0.542703
0.540454
0.537709
0.536719
0.536177
0.536667
0.53354
0.530463
0.526866
0.525193
0.521624
0.518688
0.517914
0.516626
0.515512
0.551593
0.547105
0.544922
0.542342
0.539622
0.534769
0.532229
0.529527
0.52605
0.522189
0.519079
0.514151
0.50948
0.505697
0.500641
0.49744
0.494739
0.493005
0.491519
0.48924
0.486071
0.481851
0.478247
0.473886
0.472618
0.469317
0.466211
0.462488
0.459945
0.456556
0.452622
0.447859
0.444273
0.441152
0.438614
0.434814
0.430921
0.424464
0.418914
0.415007
0.415829
0.413169
0.410471
0.407396
0.402796
0.399941
0.395576
0.392192
0.388509
0.385408
0.382149
0.378658
0.37484
0.371457
0.368182
0.364708
0.361194
0.357736
0.354473
0.350539
0.347619
0.34474
0.341204
0.338642
0.334271
0.33018
0.327356
0.324177
0.321219
0.31983
