127.169
86.7724
72.8155
67.4115
61.2009
53.8525
53.3147
50.8489
50.1751
48.7632
47.52
46.4102
44.8264
43.9649
43.6208
43.3591
42.226
41.7807
40.4452
37.4717
37.0205
36.3012
35.6576
35.5922
35.2243
34.5445
33.9617
33.247
33.0124
32.6283
32.3145
32.1623
31.8019
31.7041
31.5093
31.1037
30.879
30.6445
30.2605
30.2503
30.103
30.0686
29.5577
29.3147
29.0154
28.9191
28.6808
28.4865
28.2261
27.9896
27.8951
27.7396
27.6039
27.5663
27.2641
27.1628
27.0553
27.0236
26.9063
26.7907
26.6051
26.4657
26.25
26.1866
26.1291
25.9999
25.9019
25.7164
25.5843
25.4462
25.2411
25.167
25.0219
24.831
24.713
24.5773
24.3273
24.1896
24.015
23.8943
23.7026
23.524
23.4083
23.2345
23.0483
22.8918
22.7205
22.5431
22.3907
22.2485
22.0033
21.8314
21.6625
21.5221
21.327
21.1855
20.9655
20.7861
20.6138
20.4594
20.2647
20.0863
19.8752
19.6711
19.475
19.298
19.0992
18.9694
18.7578
18.5653
18.3806
18.1708
17.991
17.7966
17.5792
17.4015
17.2162
17.0206
16.8329
16.6424
16.4125
16.2309
16.0127
15.8423
15.635
15.4381
15.264
15.0188
14.8229
14.6215
14.4369
14.2371
14.0368
13.8452
13.6102
13.4344
13.2289
13.0236
12.807
12.6166
12.3957
12.1993
11.9964
11.7699
11.5913
11.3655
11.1671
10.9543
10.7439
10.5361
10.3244
10.1089
9.89997
9.69127
9.47507
9.26444
9.05815
8.84161
8.63389
8.41339
8.21558
7.99034
7.7843
7.56441
7.35576
7.15108
6.92303
6.70963
6.49637
6.28755
6.07354
5.86479
5.64407
5.43271
5.21786
5.00048
4.78913
4.57271
4.35715
4.14494
3.93053
3.71028
3.49784
3.28334
3.07353
2.85361
2.64074
2.42443
2.2091
1.99475
1.77991
1.56858
1.3659
1.14042
0.946974
0.730321
0.509906
0.295049
0.0400637
