0.111632
0.104616
0.104116
0.102986
0.100554
0.0927611
0.0923459
0.0865587
0.0805479
0.0797891
0.079271
0.0783812
0.0779095
0.0748433
0.0740674
0.0739164
0.0737212
0.0734709
0.072234
0.0720747
0.0719389
0.0700233
0.0700196
0.0695907
0.0693633
0.0690503
0.0684457
0.0683887
0.0674496
0.0671546
0.0664939
0.0664051
0.0659072
0.0659013
0.0655146
0.0650759
0.064256
0.0640233
0.0636607
0.0632646
0.0626721
0.0623639
0.0613217
0.0608542
0.0608363
0.0603755
0.0599804
0.0599258
0.0593371
0.0592645
0.0583495
0.0581237
0.0581105
0.057863
0.0577255
0.0575988
0.0575843
0.0575423
0.0575182
0.0571978
0.056911
0.0565702
0.0558241
0.0549135
0.0546899
0.0546066
0.0544302
0.0538515
0.0537968
0.053343
0.0531004
0.0530349
0.0529862
0.0525686
0.052188
0.051733
0.0515292
0.0515086
0.0514569
0.0514562
0.0510538
0.0509332
0.0505607
0.0496169
0.049451
0.0492864
0.0480651
0.0480607
0.0475988
0.0473881
0.0472064
0.0470605
0.04703
0.0468889
0.0466642
0.0465517
0.0459614
0.0459507
0.0453767
0.0452616
0.0452594
0.0451888
0.0451428
0.0449545
0.0449473
0.0449003
0.0447371
0.0447281
0.044348
0.0443412
0.0439789
0.0437392
0.0437082
0.0436995
0.0433536
0.0433116
0.0430753
0.0425805
0.0422925
0.0421518
0.0420622
0.0419811
0.0418123
0.0417728
0.041586
0.0415268
0.0414647
0.0413313
0.0413037
0.0411594
0.0410768
0.0408596
0.0406203
0.040603
0.0405856
0.0402822
0.0401133
0.0398531
0.0398061
0.0394719
0.0391999
0.0388831
0.038317
0.0381946
0.0375944
0.0375803
0.0375674
0.037551
0.0373772
0.0373494
0.0372448
0.0372374
0.0371595
0.0369511
0.0367351
0.0366595
0.0364792
0.0362287
0.0356381
0.0355242
0.0355134
0.0351863
0.0349937
0.0347914
0.034744
0.0347137
0.0345393
0.0345246
0.0343598
0.034348
0.0341794
0.033646
0.0334919
0.033367
0.0333655
0.0331881
0.0325094
0.0324683
0.0324521
0.0323906
0.0323642
0.0322951
0.0322362
0.0322182
0.0322139
0.032151
0.0319759
0.0316196
0.0315678
0.0315542
0.0314102
0.0312239
0.0312138
0.0310693
0.0309277
0.0309205
0.0306418
0.0304386
0.0304244
0.0303979
0.0303295
0.0301146
0.0300285
0.0300168
0.0298898
0.029833
0.0297486
0.0296624
0.0296074
0.0294623
0.0292186
0.0289497
0.0288871
0.028708
0.0284628
0.0280823
0.027852
0.0275171
0.0274002
0.0272979
0.0271693
0.0269853
0.0268569
0.0268115
0.0266345
0.0265668
0.0265038
0.0263134
0.0261709
0.0261335
0.0260779
0.0260141
0.0258485
0.0257055
0.0256488
0.0255798
0.025503
0.0254316
0.0253439
0.0253217
0.0251693
0.0250774
0.0249642
0.0246819
0.0245026
0.0244205
0.0243248
0.0242339
0.0241402
0.024072
0.0240008
0.0237987
0.023755
0.0234774
0.0233093
0.0232755
0.0231169
0.0230453
0.0229442
0.0228153
0.0226587
0.0224801
0.0223514
0.0220806
0.0219932
0.0219128
0.021809
0.0216729
0.0215959
0.0215114
0.0212947
0.0211113
0.0210293
0.0209012
0.0207995
0.020749
0.0206533
0.0204936
0.0204289
0.0203848
0.0202863
0.0201066
0.020012
0.019936
0.0199
0.0198216
0.0197771
0.0196087
0.0193452
0.0192188
0.0190969
0.0189218
0.0188003
0.018762
0.0186987
0.018646
0.0184853
0.0183789
0.0182776
0.0182245
0.0181179
0.018047
0.0179051
0.0177977
0.0177154
0.0175599
0.0174783
0.0173909
0.017308
0.0172421
0.0171842
0.0171137
0.0170588
0.0169896
0.0169332
0.0168034
0.0167077
0.0164883
0.0164575
0.0163599
0.0162795
0.0161842
0.0161311
0.0161134
0.0160683
0.0158965
0.0158222
0.0157361
0.0156885
0.0155714
0.0154428
0.0153536
0.0152297
0.0151558
0.0150707
0.01501
0.0149618
0.0148532
0.0147717
0.0147283
0.0146457
0.0145104
0.0143896
0.0143146
0.0142273
0.0141713
0.0141031
0.0140343
0.0139572
0.0139067
0.0138154
0.0137108
0.0136882
0.0136528
0.0136092
0.0135077
0.0133724
0.0132933
0.0132172
0.0131604
0.0131209
0.0130649
0.0130247
0.0129602
0.0129336
0.0128331
0.0127157
0.0126108
0.0125635
0.0125052
0.0124606
0.0123572
0.0122838
0.0122513
0.0122136
0.0121279
0.0120776
0.0119976
0.0119135
0.0118602
0.0117475
0.0116981
0.0116493
0.0115527
0.0115111
0.0114681
0.0114083
0.0113524
0.011324
0.0112752
0.0112025
0.0111334
0.0110887
0.0110359
0.0109846
0.0109396
0.0108806
0.0108019
0.0107498
0.0106906
0.0106417
0.0106035
0.010518
0.0104606
0.010412
0.0103463
0.0102446
0.0101778
0.0100925
0.0100425
0.00997535
0.0098808
0.00980587
0.00975977
0.00970226
0.00964386
0.00954372
0.00945808
0.00939238
0.00933492
0.00927218
0.0092163
0.00916158
0.00907889
0.00902554
0.00893789
0.00889077
0.00882356
0.00874447
0.00868949
0.00863327
0.00856439
0.00850759
0.00844783
0.00841092
0.00836928
0.00832948
0.00825715
0.00818987
0.0081392
0.00809827
0.00804698
0.00797835
0.00793074
0.00788036
0.00778803
0.00772695
0.00765498
0.00759076
0.00752486
0.00745935
0.00740467
0.00732808
0.00726956
0.00720171
0.00716665
0.0071235
0.00707768
0.00702634
0.00697687
0.00691882
0.00683956
0.00676674
0.00671172
0.00667794
0.00663519
0.00658632
0.00652552
0.00648654
0.00644241
0.00639145
0.00634816
0.00631051
0.00624413
0.00618209
0.00613907
0.00607905
0.00603615
0.00598325
0.00592009
0.00587841
0.00583118
0.00579196
0.00574694
0.0056949
0.00564455
0.00560631
0.00556133
0.00551025
0.00548606
0.00545454
0.00541947
0.00536789
0.00532566
0.00526976
0.00522212
0.00516631
0.00511741
0.00507884
0.00503622
0.00499907
0.00495055
0.00491791
0.00487062
0.004831
0.00477613
0.0047355
0.00468273
0.00465868
0.00462688
0.00458587
0.00454994
0.00451247
0.00446252
0.00442895
0.0043947
0.00434821
0.00431196
0.00427701
0.00424157
0.0042095
0.0041651
0.00412601
0.00409363
0.0040659
0.00403336
0.003992
0.0039604
0.00392046
0.00389101
0.00385705
0.0038268
0.00379336
0.00375705
0.00371861
0.00368285
0.00365613
0.0036242
0.00358699
0.00355796
0.00352537
0.0034952
0.00345635
0.00342876
0.0033992
0.00336713
0.00333892
0.00330081
0.00326858
0.00323485
0.00320583
0.00317405
0.00314732
0.00312268
0.00309339
0.00305972
0.00302711
0.00300262
0.00297189
0.00294708
0.00291113
0.00288357
0.00285357
0.00282925
0.0028063
0.00277829
0.00275217
0.002729
0.00270159
0.00267736
0.00265088
0.00261903
0.00259444
0.00257153
0.0025467
0.00252344
0.00250039
0.00247387
0.00244835
0.00242339
0.00239473
0.00236719
0.00234227
0.00231771
0.00229316
0.00226802
0.00224585
0.00222466
0.00220305
0.00218162
0.00215923
0.00213993
0.00211562
0.00209071
0.00206899
0.00204336
0.00202193
0.00199736
0.00197603
0.00195491
0.00193724
0.00191576
0.00189627
0.00187944
0.00185616
0.00183352
0.00180932
0.00178933
0.00176401
0.0017446
0.00172149
0.00170131
0.0016812
0.00166004
0.00164182
0.00162015
0.00160275
0.00158631
0.00156616
0.00154523
0.00152832
0.00150761
0.0014857
0.0014665
0.00144683
0.00143142
0.00141429
0.00139559
0.00137804
0.00135898
0.00134354
0.00132942
0.00130862
0.00129433
0.00127948
0.0012699
0.00125102
0.00123445
0.0012154
0.00119779
0.00118045
0.0011638
0.00114842
0.00113183
0.00111301
0.00109788
0.0010826
0.00106496
0.00105018
0.00103604
0.00102125
0.00100496
0.000990303
0.000979043
0.000967013
0.000960845
0.000960377
0.000947043
0.00093548
0.000935307
0.000921511
0.000904471
0.000888021
0.000870795
0.000852788
0.00083739
0.000820794
0.000808304
0.000795287
0.000782349
0.000768503
0.00075721
0.00075111
0.000745354
0.000729913
0.000717029
0.000701956
0.000690447
0.000680971
0.000680971
0.000669458
0.000655225
0.000641783
0.000627189
0.000612394
0.000599143
0.00058651
0.000575017
0.000560877
0.00054783
0.000536156
0.000526498
0.000516864
0.00050786
0.000498346
0.000486684
0.000476681
0.000467821
0.000457782
0.000448722
0.0004389
0.000429551
0.000419938
0.000409851
0.000401394
0.000391685
0.000382766
0.000374676
0.000373313
0.000367162
0.000358019
0.000349423
0.000340729
0.000333849
0.000326303
0.000318301
0.000309803
0.000302686
0.000294533
0.000288017
0.000281166
0.000272397
0.000264706
0.000257354
0.000250507
0.000243514
0.000238526
0.000232929
0.000226252
0.000219085
0.000213506
0.000207518
0.000201287
0.000196344
0.000190984
0.000185846
0.000180972
0.00017558
0.000170457
0.000165374
0.000161287
0.00015494
0.000150458
0.000145976
0.000141457
0.000137542
0.00013362
0.000130445
0.000126196
0.000122997
0.000119186
0.000115624
0.000112314
0.000108759
0.000105336
0.000102107
9.93588e-05
9.66008e-05
9.3886e-05
9.02364e-05
8.69163e-05
8.4236e-05
8.18004e-05
7.86612e-05
7.60601e-05
7.36062e-05
7.06641e-05
6.82772e-05
6.57985e-05
6.32376e-05
6.09568e-05
5.90737e-05
5.67033e-05
5.45576e-05
5.24869e-05
5.02881e-05
4.83855e-05
4.65567e-05
4.44683e-05
4.21496e-05
4.00781e-05
3.81362e-05
3.62517e-05
3.45021e-05
3.25985e-05
3.07532e-05
2.91473e-05
2.74916e-05
2.57599e-05
2.42558e-05
2.26671e-05
2.11777e-05
1.96937e-05
1.82945e-05
1.69544e-05
1.60816e-05
1.49005e-05
1.37173e-05
1.25685e-05
1.14104e-05
1.02873e-05
9.26194e-06
8.26671e-06
7.20044e-06
6.41705e-06
5.39243e-06
4.55053e-06
3.84118e-06
3.16066e-06
2.59977e-06
2.06354e-06
1.59583e-06
1.19582e-06
8.63935e-07
5.89288e-07
3.36861e-07
1.26564e-07
1.5354e-08
0
0
0
0
0
0
0
0
0
0
0
0
0
0
