1
0.333333
0.142857
0.142857
0.0909091
0.0434783
0.1
0.047619
0.047619
0.0526316
0.0555556
0.0645161
0.0491803
0.0322581
0.04
0.0196078
0.0684932
0.04
0.0379747
0.0243902
0.0232558
0.0454545
0.0337079
0.0526316
0.0515464
0.0505051
0.049505
0.0485437
0.047619
0.046729
0.0545455
0.0619469
0.0697674
0.0615385
0.0606061
0.0666667
0.0714286
0.083871
0.075
0.0617284
0.0545455
0.0481928
0.0470588
0.0465116
0.0444444
0.107692
0.140794
0.134752
0.134948
0.141892
0.138047
0.138158
0.140127
0.156627
0.16035
0.170163
0.172662
0.170213
0.175
0.175309
0.174447
0.171084
0.176744
0.177914
0.179487
0.179226
0.177498
0.170588
0.165385
0.175503
0.17341
0.164773
0.162921
0.159664
0.156425
0.150685
0.171904
0.175258
0.174359
0.183168
0.193277
0.197411
0.199367
0.201893
0.193344
0.194313
0.194959
0.195965
0.194544
0.196593
0.194346
0.193798
0.191579
0.189378
0.188547
0.187196
0.185288
0.185031
0.182573
0.186254
0.191176
0.190127
0.192843
0.193144
0.196592
0.197394
0.19726
0.187718
0.186464
0.187328
0.187371
0.190184
0.189153
0.180546
0.179153
0.181582
0.181642
0.184747
0.183968
0.184555
0.18362
0.184228
0.182711
0.182234
0.17782
0.177368
0.17662
0.17565
0.174463
0.175817
0.176758
0.1991
0.196868
0.195351
0.19558
0.19449
0.198498
0.198715
0.19893
0.216203
0.21691
0.217085
0.217653
0.220727
0.223645
0.224191
0.224169
0.220379
0.215802
0.218192
0.216648
0.218378
0.217978
0.216186
0.216605
0.213531
0.21386
0.212755
0.212722
0.212027
0.209636
0.209826
0.208713
0.20728
0.20667
0.204736
0.203922
0.204878
0.202913
0.201352
0.202501
0.201339
0.201336
0.19962
0.198292
0.20203
0.20632
0.209426
0.221786
0.225163
0.226941
0.225669
0.225478
0.236289
0.243072
0.242329
0.246703
0.24933
0.253866
0.264385
0.28646
0.298401
0.304029
0.306658
0.311433
0.317455
0.31772
0.319588
0.319263
0.315278
0.313783
0.339409
0.334613
0.360647
0.386959
0.385785
0.388635
0.387048
0.381044
0.376229
0.380479
0.380389
0.38703
0.391703
0.390802
0.388672
0.404192
0.415888
0.414747
0.41441
0.414746
0.416783
0.416207
0.415474
0.415286
0.417139
0.452721
0.464489
0.473491
0.484589
0.491384
0.507189
0.505673
0.502855
0.502473
0.501382
0.501547
0.526246
0.530957
0.529638
0.536298
0.542452
0.541646
0.547898
0.577689
0.579555
0.585822
0.590689
0.595196
0.593387
0.593519
0.592815
0.587635
0.583625
0.578058
0.572974
0.568956
0.563513
0.55884
0.553969
0.54986
0.546897
0.542054
0.53698
0.53316
0.528569
0.523626
0.517863
0.512902
0.508498
0.503329
0.498759
0.492441
0.487891
0.481967
0.477935
0.485633
0.480177
0.474125
0.468265
0.462094
0.456929
0.45111
0.445942
0.443986
0.553456
0.545413
0.537582
0.530642
0.521957
0.515773
0.506433
0.498213
0.490472
0.481554
0.474709
0.47371
0.583956
0.58067
0.578237
0.576501
0.57453
0.572271
0.570028
0.567939
0.564965
0.563206
0.560177
0.557168
0.555558
0.552462
0.550189
0.54713
0.544275
0.541217
0.539045
0.53583
0.53337
0.529521
0.526175
0.524094
0.520798
0.517649
0.51516
0.511427
0.507569
0.50321
0.499573
0.49516
0.491221
0.48744
0.483569
0.478831
0.473773
0.468517
0.464857
0.460335
0.456264
0.452392
0.446835
0.44124
0.438672
0.434246
0.430503
0.42493
0.418979
0.415714
0.409114
0.403016
0.397493
0.391713
0.385105
0.383595
