58
58
46
77
12
62
8
52
69
52
0
26
9
64
68
58
58
16
62
48
36
58
50
84
2
58
24
64
14
52
34
12
47
12
61
40
2
8
43
16
11
57
15
6
8
6
2
6
60
78
84
10
56
22
16
69
52
70
0
63
66
36
63
60
9
47
4
51
56
51
32
4
60
22
51
44
54
68
74
56
40
12
47
81
72
22
44
9
48
59
76
74
32
44
78
14
6
78
50
66
24
6
68
58
58
52
58
58
58
58
33
58
62
0
59
14
20
51
63
34
43
60
24
48
72
64
27
10
22
66
50
32
10
22
10
18
50
58
64
72
11
72
76
9
72
60
60
47
35
64
40
10
50
60
51
58
59
50
9
50
60
48
51
52
72
51
2
87
43
58
52
72
81
76
40
64
52
34
17
13
47
29
77
2
58
58
79
16
7
58
28
0
16
22
44
16
12
40
28
55
14
10
16
63
30
24
78
18
52
6
78
11
68
58
48
68
59
73
0
41
34
2
32
0
47
46
9
58
62
18
64
10
63
8
31
64
58
0
79
62
72
12
16
57
22
72
10
32
40
86
52
77
80
60
85
72
50
57
22
60
34
78
62
58
14
14
49
76
76
51
64
24
23
43
56
52
14
58
52
58
77
58
58
52
0
30
14
32
14
72
11
22
40
85
69
72
20
52
40
43
0
51
64
34
58
58
58
33
58
58
33
17
58
68
60
66
9
10
4
34
52
58
68
47
52
77
42
58
14
9
56
55
44
58
47
2
62
86
69
20
76
49
77
12
38
68
37
14
70
63
84
69
47
43
47
56
48
7
9
73
14
46
60
60
36
12
39
22
29
22
24
9
22
11
22
52
14
77
22
30
26
2
43
15
16
18
44
12
30
12
44
9
24
38
32
13
80
18
0
85
27
6
63
12
0
0
57
13
2
84
64
55
57
17
11
52
58
46
22
52
34
37
32
57
78
49
57
3
9
51
72
11
69
35
52
78
0
16
9
0
18
34
47
22
7
29
77
9
64
68
36
16
43
72
50
10
51
52
84
7
44
67
69
10
72
24
52
10
47
52
18
47
49
50
68
76
72
11
74
34
28
24
6
39
47
84
14
14
34
6
2
14
77
65
64
47
24
4
34
78
18
78
69
0
44
68
64
43
12
9
29
0
54
55
85
30
78
62
62
76
7
84
34
40
12
76
40
44
1
63
12
34
52
51
40
11
6
67
52
38
49
81
76
32
43
22
22
16
7
10
43
64
62
41
59
52
11
49
16
10
51
69
51
67
10
34
56
22
44
52
40
4
67
47
22
13
77
11
50
32
72
11
22
4
84
62
47
59
47
48
7
58
42
18
83
68
62
60
67
22
44
13
68
72
48
24
66
59
38
32
13
52
34
52
57
52
40
18
32
60
74
87
55
37
50
10
40
7
60
24
22
58
29
85
44
47
9
32
22
3
34
18
79
81
12
12
32
32
72
32
73
37
58
12
78
64
76
6
50
71
78
49
0
78
52
83
87
58
24
32
72
26
65
54
2
43
58
72
59
25
30
32
60
60
66
0
73
22
28
58
73
72
77
57
73
63
68
0
73
8
69
51
56
69
11
81
22
64
37
69
77
34
59
32
44
32
43
77
12
56
51
81
12
60
10
60
21
51
22
40
80
9
6
30
9
0
36
47
72
44
51
63
81
56
68
10
13
52
68
22
64
42
52
67
40
62
62
29
58
58
58
69
47
58
33
33
0
0
58
58
25
25
58
58
58
52
63
0
17
12
58
40
2
58
58
17
58
16
12
73
78
13
58
42
58
58
34
58
58
58
63
16
42
58
58
25
33
25
25
58
58
34
77
52
14
77
77
73
58
14
58
58
58
16
62
8
68
6
47
58
17
25
25
2
14
12
56
34
79
22
69
0
1
25
58
14
78
2
62
47
48
29
0
37
69
78
17
47
0
72
13
80
43
49
48
40
39
17
14
16
58
58
34
62
68
78
34
16
32
29
48
30
38
0
69
86
52
17
85
17
58
17
58
17
17
14
68
18
62
69
13
33
14
47
58
58
25
58
68
34
52
34
14
58
78
77
58
68
58
63
13
69
40
58
78
2
31
57
30
16
52
17
69
18
52
58
78
58
85
77
58
58
68
58
29
14
34
17
69
58
58
25
58
42
58
63
58
42
58
40
52
14
58
58
58
58
58
58
58
42
58
62
58
40
58
54
58
77
14
0
0
63
17
10
34
12
58
58
16
24
78
58
14
58
52
62
58
58
33
33
33
58
0
12
52
0
86
14
62
34
62
68
6
33
33
58
58
58
58
58
58
40
42
42
58
33
62
33
52
58
58
2
83
17
58
58
58
33
58
34
34
0
34
73
58
58
68
49
2
47
52
58
58
29
68
58
40
52
34
32
38
50
47
70
16
50
36
77
36
37
68
32
2
14
44
0
52
14
21
58
14
40
47
33
33
58
13
58
34
14
47
58
14
14
56
69
47
63
47
77
34
77
58
2
17
34
14
69
77
62
58
58
58
58
58
42
58
42
58
42
33
42
58
42
58
42
58
33
42
58
33
42
33
33
25
58
58
58
33
58
17
25
25
33
33
58
78
25
58
58
68
47
58
58
69
40
17
0
0
68
54
0
6
17
68
14
63
68
14
58
2
68
48
34
58
17
77
73
12
58
80
12
47
71
62
63
47
73
0
63
76
20
73
14
47
14
47
70
77
58
58
40
14
58
58
58
58
62
0
69
40
63
69
77
58
52
12
58
58
52
73
69
51
58
58
33
34
42
42
5
58
58
58
58
34
61
12
58
58
69
13
17
12
58
69
62
68
17
58
76
58
17
58
17
58
58
0
58
63
58
52
52
52
77
14
24
0
58
69
58
62
81
17
77
68
58
58
77
58
14
58
78
17
33
58
58
58
58
58
58
51
58
58
42
58
58
58
58
58
33
33
58
33
33
33
58
58
58
21
58
58
58
58
58
59
58
58
58
58
33
42
42
25
58
58
25
33
33
58
33
42
58
58
58
33
33
58
58
58
58
58
34
25
69
58
69
58
77
63
58
58
58
58
58
58
4
22
58
78
58
58
28
58
58
69
58
58
58
58
17
33
58
33
58
33
58
58
58
58
58
58
58
58
33
33
58
58
58
58
58
33
58
58
58
58
58
33
58
58
58
42
58
58
58
58
58
58
58
42
58
42
58
58
33
58
58
58
25
5
81
58
58
58
58
58
58
81
58
42
17
58
25
58
58
58
58
58
12
58
58
17
6
58
42
25
81
58
81
21
42
58
58
58
58
58
58
25
58
58
17
58
58
58
58
58
58
58
58
58
25
42
42
58
25
33
25
33
42
25
42
42
42
72
58
22
58
42
58
21
22
58
25
42
48
58
58
50
58
42
58
58
33
42
58
58
58
58
5
17
58
58
58
58
58
33
58
58
42
25
42
42
42
58
58
58
58
58
58
58
58
58
58
58
25
58
33
33
33
58
58
42
25
25
58
33
58
58
58
58
58
58
58
33
42
58
33
58
58
33
33
58
33
58
33
58
58
58
58
33
33
58
58
58
58
58
33
33
33
58
33
33
58
33
33
33
33
58
33
58
81
86
58
58
58
42
25
42
58
58
58
58
25
25
25
58
25
25
42
58
58
42
33
50
17
58
58
58
42
25
58
58
33
33
33
58
58
58
58
42
33
33
25
50
21
25
58
58
33
42
25
42
42
42
42
50
42
42
42
33
33
33
42
58
33
42
33
58
42
25
81
58
58
58
58
58
33
33
42
33
33
33
42
33
33
33
58
42
58
33
58
33
33
58
58
58
33
58
58
33
58
33
58
58
58
58
58
33
33
33
33
33
58
42
58
42
42
58
42
58
42
25
58
25
33
58
58
58
58
25
25
25
58
25
58
25
42
58
25
33
33
58
33
33
58
33
58
58
58
58
58
33
58
58
33
42
33
33
33
33
58
33
33
33
33
33
33
33
42
33
58
58
58
33
33
33
33
33
33
33
33
33
33
42
33
33
33
33
33
33
33
33
33
58
33
33
33
33
33
33
33
33
42
25
33
33
42
25
33
33
33
81
42
42
42
58
33
33
33
42
42
33
33
33
42
33
33
33
42
33
33
42
58
42
58
58
58
58
58
58
33
33
33
58
33
58
58
58
58
58
58
58
33
42
33
42
33
33
33
33
58
58
25
58
33
33
33
33
33
33
33
33
33
33
33
33
33
33
33
33
33
33
33
33
33
33
33
33
33
33
33
33
33
33
33
33
33
33
33
33
33
58
17
14
33
33
33
33
33
42
25
33
42
33
42
42
42
42
25
25
25
42
25
50
42
25
42
42
33
58
42
42
25
42
25
25
42
42
58
50
42
33
42
33
33
33
33
33
33
33
33
33
33
33
33
42
42
33
33
33
33
33
33
33
33
58
33
14
33
42
33
42
33
25
33
42
33
33
33
33
33
33
33
33
33
33
33
33
33
33
33
42
42
33
33
58
58
25
58
33
33
33
33
33
33
33
33
33
33
33
33
33
33
33
33
33
33
33
33
33
33
33
33
33
33
33
33
33
33
33
33
33
33
33
33
33
33
33
33
33
33
33
33
33
33
33
42
42
33
42
33
33
33
33
33
33
58
33
33
33
33
33
33
33
33
33
33
33
33
42
42
33
33
33
33
33
33
33
33
33
33
33
33
33
33
58
25
33
33
33
33
33
33
33
33
42
25
25
25
50
33
25
58
25
33
33
58
33
42
33
33
33
33
33
33
33
33
33
33
33
33
33
33
33
33
33
33
33
33
33
33
33
33
33
33
33
33
33
33
33
58
33
33
33
33
33
33
42
33
33
33
33
33
33
33
58
42
42
33
33
33
33
33
33
33
33
33
33
33
33
33
33
33
33
33
33
42
42
42
25
42
33
42
42
33
33
33
33
33
33
33
33
33
33
33
33
33
58
33
33
33
33
33
33
33
33
33
33
33
33
58
33
33
42
42
42
33
33
33
25
33
58
33
33
33
33
58
33
33
33
33
33
33
33
33
33
33
33
33
33
33
33
33
33
33
33
33
33
33
33
33
33
33
33
33
33
33
33
33
42
33
33
33
33
33
33
33
33
33
33
33
33
33
33
33
42
33
33
33
33
33
33
33
58
33
33
33
33
33
33
33
33
33
33
33
33
33
33
33
33
33
33
33
33
33
33
33
33
33
33
33
33
33
33
33
33
33
33
33
33
33
33
33
33
33
33
33
33
33
33
33
33
33
33
33
33
58
33
33
33
33
33
33
33
33
33
58
33
33
33
17
58
33
33
33
33
33
33
58
33
33
33
33
33
33
17
33
33
33
33
33
33
33
42
33
33
33
33
33
33
33
25
25
42
33
33
33
33
33
33
33
33
33
33
33
33
33
33
33
33
33
33
33
33
33
33
33
33
33
58
33
33
33
33
33
58
33
58
33
33
33
33
42
42
25
33
58
58
42
33
33
33
17
33
33
33
33
33
33
33
33
33
33
33
33
33
33
33
33
33
33
33
33
33
33
33
33
33
33
58
33
33
33
33
33
42
33
42
42
33
33
33
58
17
58
33
58
33
33
33
33
33
33
33
33
33
33
33
33
33
33
33
58
14
58
33
58
58
33
33
33
33
33
33
33
33
33
33
33
33
33
33
33
33
33
33
33
33
33
33
33
33
33
33
33
33
33
33
33
33
33
33
33
33
33
33
33
33
33
33
33
33
33
33
33
33
33
33
33
33
33
33
33
33
33
33
33
33
33
33
33
33
33
33
33
33
33
33
33
33
33
33
33
33
33
33
33
33
33
33
33
58
58
58
33
17
33
58
17
17
58
33
17
58
17
33
17
17
33
33
33
33
25
33
58
33
58
33
33
33
33
33
33
33
33
33
33
42
42
33
33
58
33
33
33
33
33
58
33
33
33
33
33
33
33
33
33
33
33
33
33
33
33
33
33
33
33
33
33
33
33
33
33
33
33
58
33
33
33
33
33
33
58
58
58
33
33
33
33
33
33
33
25
33
33
42
33
25
25
58
58
58
58
42
58
33
33
42
33
33
33
42
33
25
33
33
33
33
33
33
33
33
33
33
33
33
33
33
33
33
33
33
33
33
33
33
33
33
33
33
33
42
33
33
33
33
42
33
33
42
33
33
33
33
33
42
42
33
33
25
42
33
33
33
33
33
33
33
33
33
33
33
33
42
33
42
33
33
33
33
33
42
42
42
33
33
33
42
33
33
33
33
33
42
25
42
42
58
33
42
33
25
33
42
33
25
33
42
33
42
33
33
33
42
42
33
33
33
33
33
33
33
42
33
33
42
33
58
33
33
33
33
33
33
33
33
33
42
33
58
58
33
33
33
33
33
33
33
33
33
33
33
33
33
33
33
33
33
33
33
33
33
33
33
33
33
33
33
33
33
33
33
33
33
33
33
33
33
33
33
33
33
33
33
33
33
33
33
33
58
33
33
33
33
33
33
33
58
33
33
33
33
33
33
33
33
33
33
33
33
33
33
33
33
33
33
33
33
33
33
33
33
33
33
33
33
33
33
33
33
33
33
42
33
33
33
42
25
42
58
33
33
33
33
33
33
33
33
33
33
33
33
33
33
58
33
33
33
33
33
33
33
33
33
33
33
33
33
33
33
33
33
33
33
33
33
33
33
33
33
33
33
33
33
33
33
33
33
33
33
33
33
33
33
42
33
33
33
33
42
33
33
58
33
33
58
58
58
33
58
58
33
33
33
33
33
33
33
33
33
33
33
33
33
33
33
33
33
33
33
33
33
33
33
33
33
33
33
33
33
33
33
33
33
33
33
33
33
33
33
33
33
33
33
33
33
33
33
33
33
33
33
33
33
33
33
33
33
33
33
33
33
33
33
33
33
33
33
33
33
33
33
33
33
33
33
33
33
33
33
33
33
33
33
33
33
33
33
33
33
33
42
42
33
33
33
33
33
33
33
33
33
33
33
33
33
33
33
33
33
33
33
33
33
58
33
17
17
33
33
58
33
33
33
33
33
33
33
58
17
33
33
33
33
33
33
33
58
17
33
33
33
33
33
33
33
33
33
33
33
33
33
33
33
33
33
33
33
33
33
33
33
33
33
33
33
33
33
33
33
33
33
33
33
33
33
33
33
33
33
33
33
33
33
33
33
33
33
33
33
33
33
33
33
33
33
33
33
33
33
33
33
33
33
33
33
33
33
33
33
33
33
33
33
33
33
33
33
33
58
58
33
33
33
33
33
33
33
33
33
33
33
33
33
33
33
33
33
33
33
33
33
33
33
33
33
33
33
33
33
33
33
33
33
33
33
33
33
33
33
33
33
33
33
33
33
33
33
33
33
33
33
33
33
33
33
33
33
33
33
33
33
33
33
33
33
33
33
33
33
33
33
33
33
33
33
33
33
33
33
33
33
33
33
33
33
33
33
33
33
33
33
33
33
33
33
33
33
33
33
33
33
33
33
33
33
33
33
33
33
33
33
33
33
33
33
33
33
33
33
33
33
33
33
33
33
33
33
33
33
33
33
33
33
33
33
33
33
33
33
33
33
33
33
33
33
33
33
33
33
33
33
33
33
33
33
33
33
33
33
33
33
33
33
33
33
33
33
33
33
33
33
33
33
33
33
33
33
33
33
33
33
33
33
33
33
33
33
33
33
33
33
33
33
33
33
33
33
33
33
33
33
33
33
33
33
33
33
33
33
33
33
33
33
33
33
33
33
33
33
33
33
33
33
33
33
33
33
33
33
33
33
33
33
33
33
33
33
33
33
33
33
33
33
33
33
33
33
33
33
33
33
33
33
33
33
33
33
33
33
33
33
33
33
33
33
33
33
33
33
33
33
33
33
33
33
33
33
33
33
33
33
33
33
58
33
33
33
33
33
33
33
33
33
33
33
33
33
33
33
33
33
33
33
33
33
33
33
33
33
33
33
33
33
33
33
33
33
33
33
33
33
33
33
33
33
33
33
33
33
33
33
33
33
33
33
33
33
33
33
33
33
33
33
33
33
33
33
33
33
33
33
33
33
33
33
33
33
33
33
33
33
33
33
33
33
33
33
33
33
33
33
33
33
33
33
33
33
33
33
33
33
