0.0624904
0.0607927
0.059945
0.059461
0.0593657
0.0590865
0.0588423
0.0586101
0.0585825
0.0585712
0.0585544
0.0585313
0.0584079
0.0583685
0.0583467
0.0583248
0.0581587
0.0580088
0.0571809
0.0570361
0.0567437
0.056727
0.0564887
0.0564549
0.0563607
0.0560426
0.0559096
0.0558883
0.0557433
0.0556554
0.0555745
0.0555403
0.055501
0.0554519
0.0554461
0.0554415
0.0553827
0.0553191
0.055088
0.0550325
0.0549734
0.054569
0.0543324
0.0542144
0.0541942
0.0540478
0.0540065
0.0539357
0.053848
0.0538211
0.0538018
0.0537923
0.0537693
0.0536817
0.0535732
0.0535462
0.0531784
0.0530788
0.0530272
0.0528703
0.0527761
0.0527331
0.0525158
0.0525139
0.0524299
0.0518441
0.0518173
0.0518052
0.0517627
0.0517408
0.0515274
0.0514378
0.0514073
0.0514007
0.0513989
0.0513759
0.0513686
0.0513134
0.0510357
0.0510345
0.0510213
0.0510016
0.0509726
0.0507978
0.0503915
0.0503327
0.0503212
0.0503152
0.0501694
0.0500323
0.0498868
0.0498317
0.0497379
0.049701
0.0495315
0.0494818
0.0494749
0.0490619
0.0490292
0.0489973
0.048977
0.0489236
0.0489062
0.0488837
0.0488146
0.0487938
0.0487424
0.0486789
0.0485994
0.0485828
0.0483771
0.0482416
0.0480605
0.0480176
0.0479553
0.0478684
0.0478321
0.0475924
0.0474222
0.0473254
0.0472853
0.0472646
0.0472573
0.0471721
0.0471473
0.0471166
0.0470796
0.0470539
0.0470497
0.0470369
0.0470336
0.0469991
0.0466718
0.046565
0.0464907
0.0463775
0.0463568
0.04634
0.0462647
0.0461318
0.0461275
0.0461119
0.0461007
0.0460953
0.0460257
0.0460143
0.0458882
0.0458093
0.0457194
0.0457085
0.045708
0.0456556
0.045441
0.0453785
0.0452357
0.0450396
0.0450057
0.0448968
0.0448966
0.0448706
0.0447838
0.0447219
0.0446625
0.0446507
0.0446142
0.0446113
0.044608
0.0445956
0.0445834
0.0445509
0.0444904
0.0444656
0.0444171
0.0443703
0.0443343
0.0443277
0.0441036
0.0440467
0.0439018
0.0438875
0.0437793
0.0437744
0.0436919
0.0436635
0.0434952
0.043397
0.0430458
0.0429548
0.0429531
0.0429243
0.0428493
0.0427277
0.0427068
0.042658
0.0426261
0.0425809
0.0425773
0.042564
0.0425394
0.042528
0.0425018
0.0422156
0.0419758
0.0419
0.0418254
0.0416452
0.04157
0.0415359
0.041458
0.0410741
0.0409307
0.0408251
0.040705
0.0405924
0.0404534
0.0402893
0.0400779
0.0398538
0.0398255
0.0397699
0.0397534
0.0397172
0.0395122
0.0394667
0.0392512
0.0391381
0.0390585
0.0389326
0.0388238
0.0388072
0.0384778
0.0384347
0.0383571
0.0382268
0.0381071
0.0380199
0.0378803
0.0375501
0.0375205
0.0373338
0.0372114
0.0370842
0.0370465
0.0370238
0.0368077
0.036756
0.0366867
0.0366051
0.0362734
0.0360686
0.0359171
0.0358552
0.035778
0.0355537
0.0353615
0.0352658
0.0349607
0.0348189
0.0347587
0.0346806
0.034587
0.0343283
0.0342747
0.034055
0.0340346
0.0338718
0.0337363
0.0332414
0.0329902
0.0328758
0.0327299
0.0325406
0.0323647
0.0321822
0.0321153
0.0319903
0.0318865
0.0317668
0.0316898
0.03141
0.0311113
0.0309048
0.0308328
0.0307332
0.0306693
0.0304108
0.0302307
0.0301579
0.0300396
0.0298781
0.0297117
0.0294639
0.02915
0.0288483
0.028654
0.0283951
0.0282218
0.02805
0.0278312
0.0275011
0.0272099
0.0271045
0.0269803
0.0268081
0.0266118
0.0264881
0.0262631
0.0260893
0.0258417
0.0256914
0.0253964
0.0251253
0.0247826
0.024641
0.0242627
0.0241596
0.0239504
0.0237372
0.0236164
0.0233404
0.0231044
0.0228309
0.0226994
0.0226008
0.0223522
0.0221773
0.0220559
0.0220018
0.0217282
0.0215733
0.0213289
0.0210438
0.0207247
0.0205156
0.0201237
0.0198233
0.0195284
0.0191729
0.0189271
0.0187552
0.0185498
0.0182973
0.0180978
0.0179236
0.0177011
0.0174696
0.0174068
0.0170282
0.0168627
0.0166239
0.0163976
0.0162358
0.0159688
0.0158261
0.0156831
0.0155551
0.0153413
0.0149161
0.0146016
0.0144311
0.0141686
0.0139349
0.0136702
0.0132956
0.0130891
0.0127513
0.012543
0.0124364
0.0121061
0.0119221
0.0116872
0.0113738
0.0108359
0.0106671
0.0103945
0.0101794
0.00980028
0.00943769
0.00921492
0.00896624
0.0088609
0.00859932
0.00830476
0.00808937
0.00786429
0.00766122
0.00733944
0.00718428
0.00702963
0.00689173
0.00661689
0.00638461
0.00611701
0.0058001
0.00558693
0.00535982
0.00520787
0.00507602
0.00492273
0.00460036
0.00435787
0.00421698
0.00413409
0.00394053
0.00379132
0.00360251
0.00343095
0.00322143
0.00307685
0.0028968
0.00274786
0.00260523
0.00242328
0.00227439
0.00219994
0.00199261
0.00191536
0.00176299
0.00163453
0.00154348
0.001468
0.00137288
0.00128315
0.00120564
0.00115024
0.00110907
0.0010687
0.00097832
0.000877639
0.000800532
0.000710251
0.000653803
0.000598252
0.000547188
0.000508034
0.000460158
0.00042895
0.000388357
0.000362057
0.000334828
0.000310785
0.000280071
0.000255164
0.000237718
0.000221099
0.000207927
0.000188466
0.00017261
0.000161604
0.000146318
0.000138349
0.000123317
0.000112668
9.79691e-05
8.73002e-05
8.10485e-05
7.05204e-05
5.56628e-05
4.80394e-05
3.90228e-05
3.49398e-05
2.95509e-05
2.29018e-05
1.81028e-05
1.47645e-05
1.15295e-05
8.81481e-06
6.58629e-06
5.45387e-06
3.91442e-06
3.21023e-06
2.43947e-06
1.64735e-06
1.15699e-06
8.44621e-07
5.89406e-07
3.80445e-07
2.00785e-07
1.31147e-07
7.58274e-08
3.97164e-08
2.22925e-08
1.69437e-08
9.49117e-09
5.38034e-09
2.71955e-09
1.5903e-09
7.54492e-10
3.11157e-10
1.08604e-10
3.58801e-11
1.24947e-11
3.51527e-12
2.32716e-13
1.46191e-14
1.25263e-15
0
0
0
0
0
0
0
0
-3.32573e-17
-4.21583e-17
-4.60033e-17
-4.74466e-17
-4.74466e-17
-4.74466e-17
-4.74466e-17
-4.74466e-17
-7.91791e-17
-9.05674e-17
-1.12437e-16
-1.61987e-16
