436.242
171.579
123.937
102.994
85.5992
81.8515
75.0019
69.9982
66.0141
60.6838
57.6429
57.6076
56.0675
54.1486
48.0907
46.1387
44.6869
43.6523
42.9335
41.6354
39.1154
37.5729
37.3803
37.1243
36.2498
35.0382
34.1905
33.6594
33.0834
31.451
30.8114
30.1383
29.543
29.4584
28.7815
28.4245
27.8249
27.4843
27.2567
26.8814
26.7857
26.6256
26.3377
26.2441
25.7469
25.2547
25.2293
25.0863
24.5864
24.0639
24.0127
23.6724
23.5689
23.2257
22.9993
22.6365
22.5041
22.3615
22.1097
21.8922
21.7426
21.6504
21.3586
21.098
21.0211
20.7777
20.6109
20.503
20.2181
20.0722
19.945
19.5673
19.2462
19.041
18.8961
18.669
18.4693
18.1357
17.9941
17.6012
17.4281
17.1498
17.004
16.712
16.3953
16.1369
15.9638
15.7554
15.3973
15.2084
14.8209
14.5506
14.3453
14.1043
13.8229
13.5682
13.2981
13.0439
12.7467
12.5228
12.2561
11.9703
11.7392
11.3902
11.149
10.8414
10.6344
10.3263
10.0556
9.76015
9.48398
9.19979
8.92704
8.67325
8.37435
8.04899
7.76581
7.54257
7.25481
6.9769
6.67755
6.39285
6.14245
5.82367
5.55032
5.28664
5.00267
4.67868
4.3828
4.10994
3.8271
3.52186
3.28878
2.98662
2.72892
2.40891
2.13296
1.84022
1.56333
1.32376
0.998384
0.708477
0.410929
0.046462
