1
0.333333
0.142857
0.0909091
0.142857
0.111111
0.0769231
0.037037
0.037037
0.0344828
0.135135
0.105263
0.116279
0.0952381
0.118644
0.151515
0.155556
0.147059
0.151079
0.142857
0.150685
0.148649
0.16129
0.167702
0.178571
0.171598
0.186047
0.184466
0.179487
0.170886
0.165644
0.156069
0.148571
0.13881
0.122078
0.119171
0.106599
0.103275
0.100503
0.0995025
0.101235
0.102941
0.111111
0.125296
0.128806
0.137079
0.140312
0.146608
0.153348
0.161017
0.162105
0.163934
0.174797
0.176238
0.175542
0.176245
0.176692
0.171642
0.171904
0.181982
0.179211
0.176471
0.172535
0.175652
0.177281
0.180272
0.181818
0.176596
0.174536
0.172487
0.171685
0.164271
0.162314
0.156504
0.15519
0.147279
0.145418
0.134343
0.133789
0.131195
0.128155
0.125302
0.124758
0.122824
0.120921
0.119082
0.117228
0.115839
0.115203
0.115094
0.11477
0.114554
0.114447
0.114603
0.114497
0.11489
0.115896
0.116492
0.117191
0.117674
0.117409
0.117303
0.115987
0.114948
0.115195
0.115488
0.117491
0.119153
0.120175
0.121887
0.122164
0.121675
0.122944
0.122352
0.121762
0.122912
0.122807
0.123136
0.123777
0.126784
0.130399
0.129934
0.12947
0.129151
0.129045
0.130187
0.131068
0.132288
0.139544
0.143537
0.14331
0.145555
0.147001
0.147438
0.148407
0.14987
0.153338
0.154745
0.158312
0.159441
0.159026
0.161153
0.166023
0.167537
0.171675
0.172058
0.173706
0.17307
0.174882
0.178321
0.183071
0.183219
0.183474
0.18297
0.182789
0.182844
0.186419
0.196273
0.196797
0.194618
0.195041
0.194101
0.193198
0.192652
0.191929
0.191569
0.191787
0.189838
0.189114
0.189214
0.187753
0.185757
0.184819
0.183874
0.181777
0.180409
0.180093
0.178604
0.178289
0.175466
0.173503
0.171977
0.170801
0.167853
0.166202
0.162989
0.161229
0.158418
0.157562
0.155341
0.152983
0.151201
0.148475
0.147989
0.14497
0.144045
0.140239
0.135201
0.133998
0.133681
0.132676
0.131461
0.130839
0.129675
0.128944
0.128465
0.127875
0.127273
0.126315
0.125661
0.125613
0.125728
0.125286
0.125107
0.124941
0.124918
0.124988
0.125047
0.125347
0.125103
0.124931
0.125057
0.125865
0.125636
0.125511
0.126235
0.125923
0.126996
0.127535
0.12746
0.12753
0.127875
0.128291
0.128105
0.127571
0.127732
0.127581
0.128715
0.129174
0.129582
0.129766
0.130175
0.130124
0.130858
0.131311
0.131776
0.132902
0.133451
0.133526
0.134171
0.135359
0.136249
0.136274
0.136442
0.136335
0.137893
0.138699
0.140491
0.141385
0.140693
0.139883
0.139706
0.140785
0.141888
0.143218
0.144533
0.145098
0.147239
0.149391
0.150397
0.151684
0.152301
0.153528
0.153823
0.154718
0.155507
0.157334
0.158055
0.158292
0.162191
0.16437
0.166678
0.168453
0.168206
0.169297
0.173163
0.173567
0.175242
0.177126
0.176996
0.18479
0.186271
0.190772
0.191035
0.190554
0.192513
0.19218
0.192098
0.193544
0.193216
0.192776
0.192991
0.192452
0.192345
0.192451
0.192924
0.192799
0.192503
0.192923
0.193278
0.19249
0.1906
0.189573
0.189882
0.190066
0.190028
0.189548
0.189269
0.188401
0.187355
0.186341
0.185559
0.184942
0.185665
0.185785
0.185572
0.185646
0.185853
0.185204
0.184952
0.184798
0.185327
0.186261
0.187379
0.187515
0.187482
0.189676
0.190165
0.191493
0.191467
0.192835
0.193309
0.194668
0.194175
0.194371
0.19909
0.199034
0.198903
0.19996
0.201892
0.202141
0.20247
0.202073
0.202585
0.202877
0.203062
0.203331
0.203773
0.204185
0.20615
0.206515
0.209183
0.208817
0.208792
0.208418
0.20856
0.208313
0.207266
0.206631
0.204158
0.203009
0.20182
0.200822
0.200476
0.199539
0.19811
0.196935
0.196679
0.195898
0.19426
0.192396
0.189579
0.189453
0.187941
0.186818
0.184021
0.18255
0.182191
0.181867
0.181919
0.181648
0.181796
0.181743
0.181519
0.181277
0.181252
0.177287
0.174711
0.171741
0.166489
0.164531
0.16183
0.160483
0.159399
0.1562
0.154501
0.152775
0.151374
0.150461
0.148554
0.147038
0.145129
0.144482
0.143407
0.142173
0.141014
0.14016
0.139771
0.139481
0.139055
0.138264
0.137648
0.135954
0.135997
0.136003
0.135666
0.135964
0.135735
0.135709
0.137124
0.137116
0.137107
0.136917
0.136313
0.135642
0.13545
0.135381
0.135421
0.134957
0.134877
0.135054
0.135184
0.135321
0.135308
0.135568
0.135858
0.135637
0.135355
0.135405
0.134447
0.133773
0.133046
0.132576
0.131528
0.130594
0.13005
0.129202
0.128866
0.127148
0.126048
0.125726
0.124998
0.124589
0.12462
0.12449
0.123173
0.121256
0.120407
0.119242
0.118636
0.117385
0.117262
0.117374
0.116232
0.116255
0.115731
0.115813
0.115157
0.115068
0.11527
0.115461
0.116287
0.116266
0.116424
0.116654
0.116732
0.117108
0.116952
0.117191
0.11811
0.118179
0.118017
0.118327
0.118287
0.118624
0.118582
0.117878
0.11713
0.116365
0.116525
0.116861
0.11734
0.118135
0.118272
0.118332
0.118221
0.116348
0.115533
0.114106
0.112499
0.110601
0.109346
0.108884
0.107921
0.106779
0.105794
0.105766
0.105653
0.10501
0.104399
0.104058
0.103771
0.103788
0.103295
0.102649
0.101849
0.101424
0.101045
0.100566
0.0997743
0.0993346
0.0991691
0.0991139
0.0988828
0.098418
0.0984646
0.0985938
0.0989398
0.0997347
0.099596
0.0986559
0.0985465
0.0983927
0.098239
0.0988255
0.0996113
0.0991948
0.0985135
0.0987797
0.100131
0.100694
0.100957
0.100909
0.101856
0.103504
0.104605
0.105056
0.104951
0.105421
0.104706
0.104231
0.104222
0.103994
0.104008
0.104186
0.102695
0.100842
0.0990611
0.0980645
0.0982225
0.0981359
0.0976013
0.0967718
0.0967831
0.0972311
0.0959525
0.0951597
0.0941848
0.0940386
0.0943098
0.0927929
0.0922227
0.0910556
0.091083
0.0911491
0.090089
0.0880243
0.0860626
0.0846674
0.0837971
0.0833587
0.0821577
0.0798915
0.0780824
0.0776359
0.0772405
0.0769062
0.0760236
0.0745671
0.0743783
0.0740411
0.074046
0.0742851
0.0841213
0.0839043
0.0834579
0.0828693
0.0829304
0.0819777
0.0795801
0.0768495
0.0756016
0.0742532
0.0728771
0.0720958
0.0711133
0.0697786
0.0684974
0.0671647
0.0651307
0.0643399
0.0636559
0.0625505
0.0611228
0.0605541
0.0598799
0.0580545
0.0567846
0.0561216
0.0560133
0.0793814
0.0788274
0.0783823
0.0772428
0.0763293
