0.0948328
0.0932422
0.0928138
0.079789
0.0783479
0.0773251
0.0744994
0.074251
0.0729385
0.0722091
0.0710034
0.0708856
0.0703385
0.0694526
0.0685702
0.0683352
0.0683043
0.067493
0.0671113
0.0669132
0.0648973
0.0638399
0.0631741
0.0631208
0.0630185
0.0628927
0.0625863
0.0625583
0.0622072
0.0616415
0.0612954
0.0611674
0.061084
0.0610794
0.0609032
0.0605495
0.0592932
0.0591764
0.0586649
0.0583106
0.057981
0.0577009
0.0573746
0.0571077
0.0560446
0.0557015
0.0545313
0.0541254
0.0540715
0.0539856
0.0537399
0.053349
0.0533276
0.0531876
0.0527007
0.0526057
0.0521445
0.0519527
0.0518019
0.0516488
0.0516077
0.0515341
0.0514765
0.0511883
0.0509904
0.0507748
0.0506525
0.0506487
0.0501226
0.0497246
0.0497228
0.0497179
0.0496974
0.0494651
0.0491873
0.049148
0.0491363
0.0488048
0.0483639
0.0483513
0.0483463
0.0481808
0.0481532
0.0480888
0.0476905
0.0473842
0.0473579
0.0470281
0.0470252
0.0468513
0.0467918
0.0464922
0.0463708
0.0463087
0.0461916
0.0460531
0.0459864
0.0456401
0.0456225
0.0456036
0.0454335
0.0451408
0.04509
0.0450667
0.0450091
0.0449488
0.0447981
0.0447662
0.0442317
0.0440173
0.0437412
0.0436778
0.0432605
0.0432254
0.0431515
0.0430523
0.0426088
0.0425669
0.0425045
0.0421833
0.0420518
0.0420172
0.0419915
0.0419531
0.0419417
0.0418904
0.0417589
0.0416686
0.0416454
0.0416194
0.041262
0.041169
0.0411477
0.0411154
0.0410533
0.0409695
0.0408686
0.040464
0.0400099
0.0399348
0.0397773
0.0397378
0.0395951
0.0394596
0.0394028
0.0392371
0.0392234
0.0390736
0.0390169
0.0389644
0.038928
0.0389139
0.0385442
0.0384504
0.0383819
0.0383006
0.0382507
0.0380158
0.0380031
0.0379194
0.0378382
0.0377854
0.0376617
0.0375605
0.0375574
0.0375408
0.0374277
0.0374176
0.0373904
0.0373584
0.0372432
0.0372263
0.0372237
0.0371876
0.0371367
0.0371178
0.0366489
0.0364668
0.0363694
0.0363642
0.0362265
0.0360765
0.0359734
0.035926
0.0358437
0.0357825
0.0356718
0.0356296
0.0355678
0.0355091
0.0354997
0.0354884
0.0354613
0.0354462
0.03534
0.0353276
0.0352165
0.0352029
0.0350667
0.0350079
0.0349624
0.0349433
0.0347922
0.0346682
0.0346141
0.0345342
0.0344996
0.0344103
0.0342545
0.0341923
0.0339763
0.0338078
0.0337517
0.0336899
0.0336416
0.0335359
0.0334941
0.0334511
0.033343
0.0330441
0.0329105
0.0328538
0.0327001
0.0326631
0.0326315
0.0324832
0.0324364
0.0323981
0.0322865
0.0321875
0.0320406
0.0318775
0.031771
0.0315788
0.0314365
0.031382
0.0313532
0.0312936
0.0311299
0.0310371
0.0309081
0.0307662
0.030714
0.0306216
0.0305601
0.030525
0.0304848
0.030235
0.0300582
0.0299908
0.0297913
0.02976
0.0296351
0.0296035
0.029495
0.0294015
0.029152
0.0290446
0.0290082
0.0289939
0.0288112
0.0285959
0.0284325
0.0282324
0.0281407
0.0278301
0.0276902
0.0275643
0.0274615
0.0273717
0.027342
0.0271634
0.027027
0.0269751
0.0269209
0.0268713
0.0267573
0.0266807
0.0266611
0.026618
0.0265425
0.0264624
0.0263451
0.0262506
0.0260264
0.0257936
0.0257053
0.0255894
0.025389
0.0252005
0.0249525
0.024895
0.0247897
0.0245705
0.0244366
0.0243409
0.0242094
0.0241061
0.0239431
0.0239009
0.0238005
0.0237252
0.0236327
0.023606
0.0234513
0.0232647
0.0230816
0.0227283
0.0225412
0.0224752
0.0223735
0.0223426
0.0221973
0.0220981
0.0220205
0.0219227
0.0218147
0.0217218
0.0216528
0.0215522
0.0214821
0.0214109
0.0213483
0.0212907
0.0212624
0.021125
0.0210102
0.0208811
0.0207818
0.0206807
0.0206295
0.0204447
0.0203602
0.0202106
0.0200583
0.0199044
0.0198119
0.019635
0.0194612
0.0193824
0.0192256
0.0190786
0.0189838
0.0188161
0.0185896
0.0185106
0.0184389
0.0183193
0.018245
0.0180949
0.0179024
0.0175586
0.0173922
0.0172716
0.0171295
0.0169396
0.0167576
0.0166032
0.0164406
0.0162375
0.0161342
0.015778
0.0155316
0.0152745
0.0150863
0.0148486
0.0147103
0.0144772
0.0142589
0.0141231
0.0139019
0.0137434
0.0136178
0.0134532
0.0133125
0.0131556
0.0130345
0.01292
0.012728
0.0126396
0.0124722
0.0122261
0.0120462
0.0119548
0.011834
0.0117109
0.0115285
0.0113478
0.0111236
0.0109495
0.0108267
0.0107631
0.0106548
0.010584
0.0104858
0.0103736
0.0101683
0.0100343
0.00984972
0.009786
0.00969343
0.00956591
0.00943025
0.00930072
0.00917955
0.0090901
0.00897464
0.00891182
0.00877747
0.00870731
0.0086526
0.00854197
0.00848186
0.0084014
0.00828737
0.00821754
0.00816357
0.0080389
0.00797604
0.00790446
0.0078638
0.00779375
0.00768825
0.00758108
0.00751295
0.00746334
0.0073914
0.00727496
0.00720875
0.00716042
0.00710516
0.00703897
0.00697071
0.0069164
0.00687031
0.00678912
0.00671076
0.00666003
0.00655951
0.00650363
0.00644352
0.00637876
0.00631991
0.00623949
0.006168
0.0061142
0.00602236
0.00599059
0.00594359
0.00589875
0.00581952
0.00573791
0.00567993
0.0056154
0.0055552
0.00550694
0.00543723
0.00538856
0.00532479
0.00528938
0.00524274
0.00520637
0.00514538
0.00509079
0.00504444
0.00500308
0.00495579
0.00491927
0.00486642
0.00481523
0.0047815
0.0047266
0.00467366
0.00463144
0.00460481
0.00456096
0.00452776
0.0044795
0.00442042
0.00436774
0.00431504
0.00426339
0.00421596
0.0041765
0.00413463
0.004095
0.00404806
0.00400044
0.00392831
0.00389873
0.00385014
0.00380758
0.00374876
0.00371308
0.00367936
0.00364493
0.00359929
0.00355551
0.00352839
0.00348777
0.00346
0.00342425
0.00340259
0.0033599
0.00332117
0.00327888
0.00323615
0.00319832
0.00316783
0.00313016
0.00309283
0.00305006
0.00301391
0.00297607
0.00293084
0.00290185
0.00287557
0.00283868
0.00279867
0.00276631
0.00273513
0.00268901
0.00265228
0.00261787
0.00258582
0.00256089
0.00253288
0.00250413
0.00247808
0.00244251
0.00240915
0.00237844
0.00234398
0.00232391
0.00229666
0.00226065
0.0022328
0.00220188
0.00216744
0.0021434
0.00210471
0.00207019
0.00203695
0.00201099
0.00198631
0.00196009
0.00193768
0.00190998
0.00188539
0.001859
0.00183254
0.00180691
0.00178075
0.00175428
0.00173383
0.00170931
0.00168455
0.00166103
0.00164322
0.00162186
0.00159253
0.00157464
0.00155625
0.00152854
0.00150531
0.00148304
0.001461
0.0014393
0.00141869
0.00139797
0.00137606
0.00135626
0.00133534
0.0013148
0.00129424
0.00128016
0.00126071
0.00124373
0.00122259
0.00120322
0.00118348
0.0011624
0.00114081
0.00111982
0.00110402
0.00108713
0.00107367
0.00105807
0.00104645
0.001027
0.00101388
0.000997405
0.000983133
0.000967446
0.000953738
0.000937845
0.00092302
0.000908508
0.000894975
0.00088156
0.000864695
0.000847476
0.000831612
0.000815842
0.0008005
0.000785713
0.000773191
0.000760722
0.000748047
0.000736757
0.000723611
0.000712575
0.000698607
0.000687613
0.000674935
0.000664648
0.000654745
0.000644339
0.000632502
0.000620219
0.000609035
0.000597941
0.000586647
0.000576487
0.000563237
0.000553469
0.000542367
0.000531918
0.000520462
0.000508693
0.000497569
0.000486101
0.000474448
0.000464915
0.000455288
0.000444906
0.00043537
0.000424825
0.00041404
0.000404153
0.000395182
0.000385212
0.000375739
0.000366115
0.000358297
0.000348256
0.000340949
0.000330979
0.000322615
0.00031524
0.00030629
0.000298946
0.00029147
0.000283493
0.000274641
0.000266634
0.000259508
0.000249784
0.000241483
0.000234187
0.000226649
0.000219179
0.000212139
0.000205605
0.000198154
0.000191815
0.000185584
0.000179429
0.000173211
0.000166785
0.00016148
0.000155411
0.00014933
0.000143718
0.000137449
0.000132761
0.000127838
0.000123823
0.000118858
0.000113749
0.000109455
0.000105297
0.000101121
9.64077e-05
9.17857e-05
8.79741e-05
8.3689e-05
7.98583e-05
7.59804e-05
7.196e-05
6.8623e-05
6.51746e-05
6.16129e-05
5.83487e-05
5.54158e-05
5.24161e-05
5.00922e-05
4.75464e-05
4.50599e-05
4.30038e-05
4.05058e-05
3.82087e-05
3.62867e-05
3.41234e-05
3.20583e-05
2.97744e-05
2.77721e-05
2.56832e-05
2.37163e-05
2.19431e-05
1.99601e-05
1.84185e-05
1.67539e-05
1.53296e-05
1.39519e-05
1.24548e-05
1.1159e-05
1.00243e-05
8.96498e-06
7.85255e-06
6.91159e-06
5.99871e-06
5.21222e-06
4.38342e-06
3.7558e-06
3.09665e-06
2.48022e-06
2.00019e-06
1.63588e-06
1.30876e-06
1.00617e-06
7.5214e-07
5.46914e-07
3.49971e-07
1.98706e-07
8.00143e-08
0
0
0
0
0
0
0
0
-5.76508e-08
