57.0766
53.0467
49.1081
46.3345
44.5424
42.4156
40.7596
40.6971
40.14
39.0357
38.6768
37.1983
37.1926
36.7769
36.1107
35.6741
35.0712
34.4964
34.3006
34.1691
33.5224
32.7937
31.9439
31.0375
30.9139
30.8728
30.6878
30.4144
30.1509
29.7415
29.7115
29.3461
28.8689
28.3774
28.1053
27.7837
27.4638
26.9701
26.6947
26.5084
26.3109
26.3071
26.3008
26.0958
26.0557
26.0372
25.9157
25.7521
25.7468
25.5961
25.5049
25.4679
25.2709
24.858
24.7648
24.679
24.421
24.1867
24.1644
24.098
24.0436
23.8826
23.7485
23.6977
23.4635
23.3935
23.3384
23.2466
23.0142
22.8664
22.6626
22.4906
22.456
22.3981
22.2278
22.1209
22.0465
21.9736
21.9487
21.7727
21.6289
21.5598
21.4768
21.3319
21.2324
21.1257
21.0115
20.903
20.7806
20.6984
20.553
20.4449
20.333
20.1658
20.0499
19.8667
19.7315
19.6595
19.5271
19.3876
19.2761
19.1664
18.9981
18.8489
18.7084
18.5972
18.4563
18.3812
18.2602
18.0454
17.9057
17.7728
17.6624
17.518
17.3971
17.2566
17.1579
16.9231
16.8094
16.6563
16.5117
16.3827
16.2328
16.133
15.9457
15.8318
15.6424
15.5256
15.4019
15.2507
15.0768
14.9608
14.8288
14.6613
14.511
14.3847
14.251
14.1018
13.9647
13.8051
13.6299
13.4751
13.3578
13.1892
13.0232
12.854
12.7344
12.5926
12.4448
12.2997
12.1249
11.9654
11.8336
11.6611
11.4889
11.3665
11.1879
11.0527
10.8945
10.7534
10.5749
10.4258
10.2815
10.1351
9.97969
9.80559
9.66004
9.49498
9.36289
9.21172
9.02339
8.86814
8.71637
8.56162
8.40543
8.24158
8.08721
7.93079
7.78123
7.60876
7.45547
7.3068
7.13153
6.96242
6.82269
6.66329
6.49882
6.34703
6.17683
6.02533
5.86521
5.69939
5.54119
5.38716
5.22217
5.05356
4.8963
4.74243
4.57745
4.42307
4.25466
4.09492
3.93144
3.77654
3.61488
3.45356
3.29278
3.12778
2.96857
2.81078
2.64556
2.48475
2.32223
2.16425
2.00204
1.83866
1.68041
1.5187
1.35941
1.19796
1.0264
0.875936
0.71494
0.555091
0.391422
0.227639
0.0205912
