1
0.333333
0.142857
0.0769231
0.0666667
0.0769231
0.0833333
0.04
0.0526316
0.047619
0.0769231
0.0434783
0.0555556
0.037037
0.0714286
0.0574713
0.0674157
0.0642202
0.0714286
0.0533333
0.0322581
0.025641
0.0666667
0.0684932
0.0617284
0.060241
0.0588235
0.0465116
0.0571429
0.0496454
0.0810811
0.105263
0.107296
0.105485
0.105263
0.0946746
0.0782609
0.0712251
0.0670391
0.0684932
0.0698925
0.066313
0.0631579
0.0603675
0.0618557
0.0612245
0.0585242
0.0552764
0.0526316
0.0497512
0.0471464
0.0487805
0.0554217
0.0619048
0.0700935
0.0846682
0.0855856
0.091314
0.0990566
0.117241
0.117043
0.118959
0.116883
0.123552
0.122137
0.118199
0.127072
0.127753
0.128099
0.125773
0.123232
0.122736
0.12369
0.122661
0.120163
0.121756
0.120567
0.115789
0.115385
0.116279
0.114428
0.11405
0.1133
0.116118
0.111492
0.11414
0.112245
0.111864
0.108108
0.107383
0.108626
0.10951
0.104137
0.106322
0.100996
0.0975955
0.112444
0.11276
0.109531
0.103546
0.102384
0.10084
0.0972222
0.0939227
0.0921596
0.0928962
0.0938776
0.0958165
0.0944882
0.0899609
0.0857143
0.0890323
0.0876289
0.0862291
0.0848329
0.083014
0.0839695
0.0825921
0.0906769
0.0821745
0.0829146
0.0933661
0.0931373
0.0926829
0.0935601
0.0939759
0.0935252
0.0909091
0.104094
0.104895
0.106481
0.119101
0.120536
0.123077
0.126087
0.124594
0.136792
0.137255
0.131518
0.12761
0.128086
0.126631
0.127106
0.139501
0.137427
0.149617
0.154696
0.15189
0.157114
0.163279
0.158648
0.160794
0.161249
0.159365
0.158422
0.156055
0.168784
0.176887
0.176678
0.174883
0.174344
0.172775
0.173333
0.198223
0.220213
0.222164
0.232427
0.237082
0.23986
0.259295
0.279814
0.287991
0.28985
0.302231
0.303748
0.303612
0.30432
0.304476
0.302676
0.303096
0.302704
0.312448
0.310376
0.310677
0.315288
0.312836
0.313395
0.312513
0.317467
0.317493
0.317351
0.321464
0.321007
0.323308
0.322346
0.32772
0.329558
0.329248
0.328334
0.326004
0.323535
0.330695
0.33384
0.333574
0.328452
0.328596
0.325609
0.328974
0.334319
0.335073
0.339716
0.353409
0.352781
0.364947
0.373474
0.384367
0.389323
0.398348
0.408847
0.413392
0.412762
0.420725
0.430519
0.443574
0.44094
0.439268
0.439221
0.435058
0.432337
0.430217
0.426876
0.42464
0.420525
0.415809
0.410533
0.408939
0.40608
0.402283
0.397496
0.393516
0.389352
0.386988
0.383643
0.381795
0.379158
0.375588
0.372455
0.368663
0.365216
0.362311
0.36103
0.357896
0.354476
0.352754
0.350597
0.348147
0.346884
0.345129
0.341138
0.338493
0.33613
0.333705
0.330824
0.328087
0.325891
0.323795
0.321057
0.316539
0.313709
0.310411
0.306787
0.30325
0.300046
0.296627
0.292925
0.289486
0.285707
0.282143
0.282007
0.37969
0.374454
0.367573
0.361235
0.354254
0.352077
0.351715
0.351159
0.349668
0.344096
0.341015
0.336546
0.334214
0.331143
