7.218638	0.004996	0.028715
12802.295322	0.044340	0.006671
4402.374518	0.047008	0.006859
10631.795379	0.048132	0.006707
7394.705129	0.037034	0.007575
3397.963021	0.011545	0.016281
3369.343967	0.037572	0.007677
3885.708558	0.047644	0.006804
1113.989019	0.024256	0.009764
10101.963710	0.049580	0.006431
10451.359431	0.040005	0.007029
849.210231	0.022732	0.010206
1287.663515	0.023162	0.010012
3527.069330	0.034394	0.008057
16880.787711	0.039766	0.007718
578.230773	0.021199	0.010814
1173.703732	0.034947	0.008501
10559.523434	0.057161	0.006060
11666.796636	0.055688	0.006243
30261.451034	0.058132	0.005742
3352.846528	0.044495	0.007232
2184.236020	0.036831	0.007998
429.008242	0.015698	0.012650
13.060977	0.007972	0.020907
329.017751	0.025157	0.010175
320.531588	0.030385	0.009174
459.354750	0.039585	0.008092
7965.415880	0.053063	0.006348
1770.231707	0.029564	0.008940
3769.947766	0.047808	0.006953
17650.187450	0.057925	0.005690
1815.468224	0.047488	0.007016
4161.137421	0.053776	0.006422
3571.719167	0.051926	0.006586
16117.738745	0.059189	0.005808
7203.498290	0.049216	0.006495
10431.128066	0.047018	0.006443
7058.410930	0.047874	0.006626
2525.057881	0.003777	0.033150
1984.097666	0.002600	0.042139
9814.316069	0.045625	0.006741
30304.524676	0.057538	0.005717
12329.618032	0.059371	0.005897
9382.871155	0.039469	0.007950
10935.549383	0.055853	0.006127
11012.331354	0.032013	0.007868
13385.741758	0.026248	0.008454
4614.470810	0.053134	0.006471
508.882211	0.015649	0.013993
14998.059588	0.032225	0.007986
1890.701494	0.019067	0.010915
4381.783762	0.045241	0.007025
15522.440156	0.060788	0.005730
21622.418288	0.058540	0.005783
470.656592	0.027948	0.009714
795.548722	0.035220	0.008501
1867.932936	0.043660	0.007502
22379.288703	0.052808	0.006203
20932.041132	0.047079	0.006819
10244.019263	0.049795	0.006715
21470.891996	0.058212	0.005922
14269.261120	0.054079	0.006244
20805.060593	0.053459	0.006178
6804.695641	0.052950	0.006633
15364.736202	0.043746	0.006868
3185.385905	0.043591	0.007324
13238.956750	0.042865	0.007098
28843.098854	0.053697	0.006214
21743.926542	0.055061	0.006148
16798.736772	0.049533	0.006411
10312.128804	0.056187	0.006025
2428.032345	0.040847	0.007756
6452.323853	0.047757	0.007018
22622.536474	0.057940	0.005704
13518.798148	0.051853	0.006268
1470.827185	0.029810	0.008917
11200.588434	0.053212	0.006317
17949.528375	0.061144	0.005637
10732.284165	0.053501	0.006245
22263.613772	0.045822	0.006650
19436.562686	0.052767	0.005929
11925.141653	0.012493	0.014604
3777.491056	0.024480	0.009650
2891.784351	0.052054	0.006832
25300.849459	0.030573	0.008339
25041.110033	0.053707	0.006174
19059.340653	0.047939	0.006607
9098.750038	0.052302	0.006618
1256.862493	0.045704	0.007415
9750.652394	0.057550	0.006042
10063.888526	0.045831	0.006877
34362.801407	0.049829	0.006287
7508.958232	0.057197	0.006184
26532.676497	0.058512	0.005584
8323.961190	0.058158	0.006007
17543.677860	0.056755	0.005825
10212.361903	0.057931	0.005898
3128.974625	0.043541	0.007477
10092.529501	0.051868	0.006594
14004.733437	0.056977	0.006004
26666.176974	0.057009	0.005981
48130.509795	0.058005	0.005763
11986.147303	0.054547	0.006475
16398.022794	0.056087	0.006115
13432.090289	0.053513	0.006372
8514.889193	0.053584	0.006467
7010.508583	0.049570	0.006980
15195.908684	0.048252	0.006779
15256.705495	0.050592	0.006564
2550.139929	0.044430	0.007197
1226.005542	0.037569	0.007985
10259.309809	0.056352	0.006132
6376.617762	0.053266	0.006390
3126.670648	0.043677	0.007405
10080.594905	0.046964	0.006786
4063.982022	0.000330	0.230021
8474.822135	0.057035	0.006080
15485.397158	0.058721	0.005804
13130.051691	0.060188	0.005810
5838.195333	0.054531	0.006327
11391.986256	0.053922	0.006287
16795.738198	0.054267	0.006254
3926.984975	0.048693	0.006751
13154.261248	0.057756	0.005870
33536.252691	0.063820	0.005272
10240.024156	0.058967	0.005846
11621.663427	0.057021	0.006070
21502.083800	0.054893	0.006106
4025.720723	0.050609	0.006751
4940.927598	0.049530	0.006745
6335.049647	0.054987	0.006287
13122.974315	0.056206	0.006068
21210.956950	0.034144	0.008214
20253.652586	0.030045	0.008292
8478.868392	0.052145	0.006524
15678.984947	0.060906	0.005663
6761.356066	0.042371	0.007356
12206.062076	0.060030	0.005888
10585.566046	0.046293	0.006961
45729.567443	0.064314	0.005164
45729.567443	0.064314	0.005164
31978.460791	0.049300	0.006559
39629.071075	0.053905	0.006265
45729.567443	0.064314	0.005164
45729.567443	0.064314	0.005164
50670.234967	0.060371	0.005631
57310.673339	0.044779	0.006584
15209.344142	0.048440	0.006604
24755.556759	0.062521	0.005523
326.774610	0.008471	0.017305
2781.203591	0.022254	0.010049
1051.584251	0.020483	0.010565
1180.292460	0.004629	0.020991
4843.486417	0.036534	0.007820
18138.081040	0.045867	0.006707
6052.263321	0.039087	0.007360
1052.262523	0.011296	0.014235
3440.269795	0.032393	0.008301
5450.505789	0.031408	0.008234
2531.956822	0.006733	0.017766
3973.456631	0.025625	0.009066
9720.636349	0.033816	0.007788
201.977264	0.011942	0.015092
10930.881318	0.027300	0.008372
12444.520556	0.051171	0.006449
4016.175525	0.032289	0.008171
9802.023748	0.044487	0.006727
6773.749728	0.020553	0.010384
17373.920650	0.048291	0.006506
8156.287898	0.038655	0.007236
4405.376662	0.025604	0.008989
3240.526490	0.006397	0.017979
4061.419049	0.019899	0.010453
7620.576247	0.028920	0.008485
1502.876914	0.015632	0.011845
387.626214	0.010424	0.014719
5139.158239	0.029947	0.008509
6169.752593	0.021862	0.009645
8469.799700	0.045761	0.006857
7014.460372	0.041570	0.007062
8879.921836	0.028310	0.008649
3485.819880	0.028587	0.008656
1629.004040	0.022406	0.009945
20965.661117	0.014586	0.010930
22547.376443	0.009784	0.012881
7177.757228	0.010025	0.013440
21241.565957	0.000858	0.037532
12376.437559	0.020390	0.009809
5821.936531	0.009833	0.013963
9594.119188	0.012243	0.012790
1360.157553	0.014484	0.011947
27786.895878	0.032858	0.007436
20524.808708	0.028068	0.008415
6073.632056	0.013091	0.012580
2728.931395	0.008432	0.016186
12608.453308	0.030503	0.008037
6131.335696	0.019994	0.009782
469.971539	0.004063	0.023597
11185.048923	0.003749	0.021009
7531.297019	0.032671	0.007986
854.966099	0.006903	0.018138
7247.209213	0.012855	0.012594
22921.209815	0.042921	0.006466
8027.979364	0.009240	0.013781
26456.356923	0.026095	0.008303
3807.445298	0.007767	0.016096
11780.292574	0.046879	0.006622
7103.388381	0.008769	0.014078
8585.381003	0.012558	0.011819
18420.471020	0.010655	0.012210
2372.278089	0.017736	0.011719
11211.686269	0.033136	0.007923
8815.679152	0.040742	0.007216
11544.725101	0.005636	0.016148
5571.693956	0.035376	0.007623
11143.350151	0.012386	0.012647
50817.047894	0.027109	0.008673
7319.784045	0.032102	0.008036
4781.833731	0.007144	0.016807
20491.248391	0.004368	0.019720
35796.806583	0.028642	0.008458
2810.204719	0.024571	0.009520
23319.288044	0.018680	0.010612
1799.333992	0.006533	0.018255
4905.068831	0.000463	0.070668
459.667241	0.017172	0.012638
985.054291	0.025151	0.009914
19354.884357	0.046331	0.006871
14082.359187	0.003284	0.023736
3476.819224	0.000815	0.064770
11942.916284	0.042869	0.006808
3242.316474	0.038178	0.007632
701.250350	0.014627	0.012978
1953.866496	0.019766	0.010860
17961.576110	0.052633	0.006294
3301.952228	0.040289	0.007442
112.156623	0.005257	0.024544
741.163964	0.011126	0.015213
21364.271697	0.049538	0.006483
453.120141	0.017536	0.012426
1269.235654	0.027095	0.009445
18124.017585	0.049719	0.006582
37658.114414	0.061461	0.005506
17933.532091	0.056979	0.006041
5041.435559	0.038322	0.007591
5507.025089	0.034354	0.007928
1741.089989	0.010466	0.014225
10146.282996	0.002586	0.029929
4067.372287	0.032431	0.008240
14821.112070	0.037970	0.007667
6705.095809	0.028516	0.008705
1.113932	0.003674	0.035645
20187.222896	0.025893	0.008971
16973.815456	0.052269	0.006225
7622.640398	0.030874	0.008884
6626.635403	0.016601	0.011040
13415.373517	0.043507	0.006866
6030.878078	0.006876	0.017157
10012.859903	0.029450	0.008216
10843.628447	0.044173	0.006916
10924.861604	0.049855	0.006456
39594.050303	0.039840	0.007069
11673.343272	0.036249	0.007771
3431.383307	0.015288	0.012157
16026.230677	0.049561	0.006397
9432.821040	0.047490	0.006694
11371.466934	0.045421	0.006803
6386.435275	0.005855	0.017385
6938.066086	0.004648	0.018558
39065.116854	0.056925	0.006121
12478.282806	0.031308	0.008218
25756.311321	0.052612	0.006289
273.964110	0.025965	0.009963
3954.382072	0.039000	0.007398
21309.772987	0.020231	0.009961
31566.883482	0.049873	0.006331
1666.237090	0.029001	0.009031
16763.694425	0.032811	0.007752
6785.956539	0.013002	0.011964
13127.685305	0.024546	0.008736
4822.589002	0.036695	0.007560
420.133621	0.002170	0.035986
1289.245352	0.006757	0.019919
26627.469166	0.024350	0.008878
17016.138947	0.027036	0.008261
719.345602	0.003725	0.023407
23525.193145	0.031677	0.008595
25774.240456	0.008364	0.016059
6639.433525	0.014795	0.012259
424.213316	0.002558	0.033883
15044.637111	0.051029	0.006403
4238.959355	0.017295	0.012039
5648.554826	0.027332	0.009275
4569.150971	0.019614	0.010365
6527.609413	0.008497	0.013878
20684.624483	0.060061	0.005561
4293.830633	0.025213	0.009077
1101.083095	0.025916	0.009803
2632.937378	0.004110	0.026529
2753.369473	0.024362	0.009773
983.435244	0.006592	0.021047
4221.120841	0.016914	0.011680
1656.886277	0.018203	0.011605
4451.073740	0.050203	0.006744
6939.856025	0.015047	0.011955
6154.153607	0.056014	0.006263
2729.610612	0.017929	0.011039
2179.776246	0.003432	0.023712
2852.786312	0.050083	0.006842
4319.488648	0.031772	0.008299
19475.764571	0.004151	0.023574
4460.084842	0.044807	0.007149
6689.540480	0.039123	0.007570
6485.379086	0.006045	0.018677
6708.151329	0.051230	0.006622
9959.504809	0.053153	0.006421
4263.296358	0.017452	0.011732
6801.355818	0.028701	0.008817
7277.928096	0.046079	0.006902
7463.554877	0.044610	0.007084
5347.020257	0.047753	0.006979
11596.162797	0.048512	0.006739
15640.387335	0.020057	0.010543
21786.906590	0.024595	0.009522
7114.760142	0.047740	0.006902
12057.578436	0.041783	0.007439
2584.982226	0.032474	0.008515
4177.501924	0.044656	0.007333
15595.734759	0.022663	0.009323
16059.659315	0.027131	0.008962
3690.203431	0.001032	0.093578
11246.568833	0.018607	0.010731
29818.611936	0.063506	0.005336
5698.142341	0.026067	0.009147
12933.393670	0.049318	0.006744
13939.007063	0.035310	0.007542
1770.657474	0.011094	0.015167
96602.433450	0.026880	0.008768
145.124661	0.005115	0.025017
534.929073	0.008728	0.017650
359.286362	0.019264	0.011452
205.198110	0.012348	0.015151
93.508824	0.008823	0.018415
17.497511	0.003781	0.028846
555.209670	0.026022	0.009610
50.361393	0.005315	0.022616
22.508881	0.003914	0.028077
31.834419	0.005099	0.025574
354.745283	0.016616	0.012474
279.166184	0.006991	0.020712
10153.739801	0.050490	0.006519
5960.898217	0.003198	0.021079
4745.502398	0.021239	0.010804
504.298183	0.003144	0.026413
3640.069836	0.008923	0.018853
2129.117348	0.013911	0.013700
4522.910919	0.022253	0.010733
861.352133	0.007569	0.017940
890.841321	0.006003	0.022161
1857.866191	0.030534	0.009215
4863.982576	0.049917	0.006901
10210.489671	0.055034	0.006360
2348.177836	0.034885	0.008580
4993.516921	0.012703	0.012962
1883.193264	0.005004	0.019742
1926.249935	0.002291	0.027102
12766.813355	0.053942	0.006346
8405.629628	0.022667	0.009298
48.891232	0.001977	0.041702
23.878373	0.003604	0.031212
5496.611408	0.050998	0.006856
435.081710	0.004556	0.022249
757.142897	0.001921	0.031475
9612.967713	0.054970	0.006345
10006.939921	0.055987	0.006183
5776.326330	0.053003	0.006617
5731.745077	0.053228	0.006495
7621.683161	0.013380	0.012096
3566.004236	0.047212	0.006902
15136.799722	0.019107	0.009713
1432.981336	0.046671	0.007179
12737.538057	0.044405	0.006629
7722.301813	0.006625	0.016108
689.618176	0.038541	0.008135
26755.987408	0.042204	0.007146
3547.031685	0.023295	0.009369
4554.769523	0.001836	0.038593
36844.881119	0.015353	0.011672
7697.560020	0.007217	0.017143
5776.034526	0.046438	0.006992
3568.641924	0.007962	0.015970
6295.771521	0.048883	0.006774
6747.085635	0.009293	0.014383
3452.759466	0.052173	0.006617
5733.407602	0.051671	0.006820
3150.645218	0.003228	0.022890
2457.854385	0.011402	0.013654
1574.953594	0.023882	0.010435
10082.997038	0.043489	0.007432
47614.937839	0.028180	0.009212
2513.579401	0.045403	0.007406
12048.783111	0.032845	0.008535
5105.998317	0.044726	0.007222
5646.251072	0.021336	0.010357
908.658902	0.023725	0.010465
2953.531807	0.009982	0.016505
14532.111695	0.041605	0.007253
14672.136993	0.030954	0.008891
8903.455909	0.008857	0.016316
9863.589574	0.027522	0.009315
15583.574021	0.007418	0.017757
36418.598438	0.008691	0.013958
1110.593842	0.014907	0.012750
12559.868595	0.008616	0.016068
5086.712503	0.050922	0.006760
2307.531257	0.029026	0.009212
5218.960218	0.004284	0.021553
682.619036	0.011316	0.015660
1681.713076	0.004061	0.024171
1849.149507	0.019955	0.011255
4812.367395	0.043798	0.007363
200.405001	0.007254	0.022141
310.737493	0.002371	0.036499
441.900686	0.008150	0.020300
1751.211267	0.020419	0.010383
9531.248906	0.003221	0.023097
2267.402813	0.003613	0.025767
12673.504707	0.010053	0.013802
7112.462415	0.003745	0.022070
1942.593216	0.025542	0.009921
2471.589781	0.009230	0.017114
1359.383063	0.042445	0.007700
3618.127732	0.037078	0.007869
2154.832453	0.020414	0.011190
4175.979657	0.010561	0.016492
479.045670	0.003507	0.030937
14354.814963	0.054474	0.006192
7792.710405	0.047284	0.007025
8422.900831	0.046702	0.007078
6637.000106	0.049571	0.006858
2008.792704	0.023291	0.009831
9733.875305	0.009870	0.015337
6616.689276	0.028403	0.009055
2000.682307	0.002744	0.027769
30910.916026	0.053821	0.006208
4815.000065	0.046555	0.007250
5233.312264	0.048712	0.007091
4692.383727	0.051168	0.006732
4963.352718	0.051805	0.006596
6052.297793	0.010372	0.015852
4528.297053	0.022385	0.010470
5374.607316	0.036882	0.007949
12073.833714	0.049724	0.006572
19341.562766	0.054992	0.006084
10518.252618	0.054426	0.006240
1138.802904	0.037554	0.008282
11785.751925	0.054391	0.006204
5735.288534	0.007727	0.019625
14115.498386	0.040220	0.007463
692.438602	0.039819	0.008071
6163.553033	0.053692	0.006536
2811.432183	0.032021	0.008845
16037.442917	0.034695	0.007373
13005.325887	0.054184	0.006092
8406.190040	0.038555	0.007369
15334.527583	0.044557	0.007090
23624.989357	0.051097	0.006524
19649.721560	0.049628	0.006885
2555.319398	0.008971	0.015531
27318.418737	0.008040	0.015998
10936.699870	0.053297	0.006162
8223.069421	0.037186	0.007533
8848.178566	0.042239	0.007011
41689.999868	0.058319	0.005728
3001.570316	0.040576	0.007386
9259.721934	0.034488	0.007520
5667.348156	0.047310	0.006802
9293.248114	0.044242	0.006945
7511.852309	0.030530	0.008057
12832.317333	0.053427	0.006137
12741.827047	0.056122	0.006000
18982.781365	0.049123	0.006481
6805.680662	0.024817	0.009318
7662.920378	0.055118	0.006253
6504.906921	0.051002	0.006516
5885.345989	0.017845	0.010895
11483.480255	0.025763	0.008790
5664.491652	0.052545	0.006653
5713.423336	0.051259	0.006680
20894.224468	0.055194	0.006209
7649.818841	0.051694	0.006631
14543.328270	0.053515	0.006140
11639.188157	0.029056	0.008870
5160.722911	0.012995	0.013107
6351.585856	0.015741	0.011653
5240.810103	0.037181	0.007673
6815.398240	0.053168	0.006498
2356.189950	0.052105	0.006822
14215.337811	0.047532	0.006895
8270.357895	0.044325	0.007323
7091.077958	0.040116	0.007307
1871.458078	0.005980	0.021059
5236.554992	0.022353	0.009409
18690.496369	0.060185	0.005713
7993.561597	0.052772	0.006478
289.906680	0.001583	0.049469
36761.238607	0.063227	0.005335
31593.861849	0.048969	0.006595
10221.673581	0.054057	0.006414
8464.288318	0.048941	0.006851
1272.572223	0.030408	0.009075
2124.613631	0.014544	0.013359
6331.923572	0.006708	0.019193
3257.020883	0.019980	0.011123
15725.042144	0.020067	0.010476
20534.500655	0.046900	0.006776
8422.396246	0.048607	0.006980
6177.277508	0.009950	0.017318
10736.710845	0.052673	0.006293
16205.898374	0.009654	0.015985
45153.576103	0.025507	0.009229
6836.638051	0.032749	0.008673
3034.153651	0.001456	0.047401
3706.355476	0.000964	0.052294
2986.703886	0.009420	0.016033
402.825113	0.000073	0.130599
3135.391015	0.000105	0.151455
1400.074290	0.002231	0.031631
7584.006016	0.002093	0.022616
831.284249	0.000487	0.059869
564.089362	0.000516	0.058467
82.260259	0.000104	0.103381
625.123299	0.001106	0.046732
5294.748375	0.003793	0.022240
1589.303488	0.000594	0.047596
10504.565050	0.003355	0.030027
2652.360456	0.005211	0.026203
18708.384016	0.051900	0.006533
3800.683919	0.021661	0.010062
26315.139087	0.010202	0.016785
7524.771217	0.037783	0.008288
27305.395357	0.044775	0.006895
47359.243125	0.015025	0.012948
18398.814428	0.048031	0.006969
9758.755199	0.046103	0.007272
3816.802084	0.033933	0.009015
2130.742787	0.032673	0.009027
10462.651776	0.001561	0.064686
26077.321767	0.010834	0.015912
8652.692378	0.001151	0.082501
4769.435896	0.043970	0.007574
3530.455450	0.043531	0.007657
1086.586303	0.034618	0.008694
3166.043086	0.047406	0.007242
2915.291113	0.044587	0.007431
4366.061403	0.044440	0.007331
6089.727897	0.042140	0.007444
4702.668650	0.009818	0.016713
17.839755	0.003253	0.044013
5679.090869	0.020172	0.010766
17581.792091	0.046029	0.006874
2584.049838	0.032884	0.008437
18822.295538	0.049237	0.006455
154.498967	0.001271	0.078268
5053.448220	0.052258	0.006680
2971.968351	0.050359	0.007002
16.244450	0.018135	0.012903
2631.826161	0.007546	0.022430
2518.618822	0.024023	0.010566
151.323289	0.015456	0.013484
10020.236133	0.028896	0.008715
4308.680994	0.040863	0.007643
3020.057721	0.037119	0.008358
7995.488282	0.010776	0.017807
458.099420	0.039094	0.008345
10047.113012	0.030589	0.008734
24688.323779	0.040047	0.007376
4581.390903	0.036087	0.008456
6647.669938	0.040086	0.007844
541.062759	0.023501	0.010827
4662.277569	0.039331	0.007621
2650.086378	0.033999	0.008882
2976.466742	0.035903	0.008327
2949.981450	0.043976	0.007408
2313.338536	0.043095	0.007508
2788.052751	0.020696	0.010649
28320.294659	0.041295	0.007228
8293.445662	0.042806	0.007113
7467.800951	0.034150	0.007937
8548.065789	0.031895	0.008229
2606.050417	0.044723	0.007320
15872.860928	0.033627	0.008623
17507.513117	0.024398	0.009638
41722.648842	0.036009	0.007503
21035.326723	0.039144	0.006900
14217.827376	0.031560	0.007660
2281.667541	0.040793	0.007607
7232.252407	0.050336	0.006678
4313.326118	0.031067	0.008481
19383.842633	0.041955	0.007274
1883.733195	0.015502	0.012305
1888.545141	0.021093	0.010464
6376.716054	0.043934	0.007064
1185.595713	0.012193	0.014353
11694.148161	0.038390	0.007654
4181.048176	0.043383	0.007127
5887.115376	0.051978	0.006537
22563.595501	0.048683	0.006735
3040.192144	0.032078	0.008297
6199.133987	0.025335	0.009413
25869.716509	0.040795	0.006643
17746.206464	0.052512	0.006189
36019.054760	0.019120	0.011984
9657.583745	0.043207	0.007106
348.027132	0.000001	0.395027
8894.927646	0.000020	0.209044
8708.373801	0.000017	0.213233
6789.867965	0.000316	0.066800
972.796471	0.000004	0.279560
84.276526	0.000104	0.112873
5155.792154	0.000133	0.083967
5516.515848	0.031904	0.008209
1215.302641	0.005961	0.022392
6303.127676	0.016991	0.011887
9211.857511	0.000326	0.131819
26614.608859	0.034456	0.007904
5235.165831	0.042815	0.007584
2803.278711	0.027740	0.009993
650.766849	0.028501	0.009802
40624.711715	0.001386	0.058459
32740.527000	0.009820	0.016534
292.158923	0.008499	0.019731
5540.035352	0.051047	0.006686
5526.236775	0.028488	0.008704
8457.638407	0.012088	0.013372
7972.571196	0.002495	0.039008
10660.000933	0.027224	0.008399
8805.776083	0.017645	0.010754
6342.318608	0.021379	0.009886
3591.413408	0.024230	0.009223
2177.319811	0.018431	0.010785
240.242000	0.005067	0.028467
160.961543	0.000476	0.114521
1954.116984	0.000444	0.112333
1794.968076	0.035418	0.008615
1454.795379	0.045254	0.007514
12611.878847	0.008926	0.014816
16438.148346	0.018160	0.010482
15238.555897	0.012303	0.012077
25100.041494	0.023260	0.008967
3239.156921	0.018494	0.012758
1211.887488	0.000285	0.159523
3964.474934	0.047429	0.007238
767.605194	0.040117	0.008172
11077.618496	0.044389	0.007583
505.500466	0.001003	0.059854
627.618554	0.023105	0.009985
1354.663110	0.007952	0.016885
2405.519826	0.004291	0.023975
2788.849816	0.011806	0.014931
3825.434822	0.021581	0.010276
14203.293990	0.020172	0.011953
765.365423	0.003188	0.042836
2307.217916	0.007104	0.023882
1746.104195	0.023912	0.010935
437.692757	0.021778	0.011516
13323.362439	0.047368	0.006829
5537.289445	0.030817	0.008356
7194.731589	0.033756	0.008263
15836.801103	0.023112	0.010256
2821.245659	0.037828	0.007936
7725.260152	0.026152	0.009095
16603.548678	0.018217	0.011084
7068.100085	0.011205	0.014717
2562.638035	0.034641	0.008032
27513.651202	0.029060	0.008403
1997.188724	0.004763	0.024141
1729.204302	0.000972	0.054204
912.417054	0.010797	0.014600
3905.020626	0.040114	0.007759
4391.516101	0.020587	0.010343
4530.775654	0.010214	0.015761
11567.357254	0.036026	0.007893
11522.164104	0.023845	0.009832
11964.557765	0.049201	0.006650
5517.193948	0.041274	0.007366
2896.420908	0.043657	0.007515
5864.945207	0.048305	0.006994
8233.484050	0.046170	0.007006
5931.293597	0.038804	0.007818
35855.070468	0.023702	0.009663
3370.261645	0.007793	0.022026
379.925424	0.006921	0.024556
1861.203277	0.012362	0.014111
4140.107438	0.019966	0.010425
1037.486036	0.000811	0.066623
12624.935546	0.024128	0.008780
9202.596364	0.017911	0.010877
11410.979561	0.001443	0.088504
6934.805527	0.000000	0.314453
63.832319	0.000706	0.129861
1476.417775	0.016600	0.011495
3853.806640	0.003873	0.024827
833.455414	0.008540	0.017992
496.652846	0.005702	0.023163
4439.040995	0.000346	0.098918
171.459201	0.015400	0.013850
6479.755496	0.002087	0.036068
1355.809756	0.002730	0.030271
14801.906080	0.000196	0.163095
28629.876998	0.007832	0.016827
10901.370400	0.003224	0.023671
3696.578820	0.017044	0.011379
3749.513383	0.008025	0.018158
12742.625492	0.001506	0.036927
1755.718555	0.008497	0.017641
6084.072425	0.016611	0.011459
6316.314816	0.014736	0.012386
1066.019667	0.013339	0.014817
653.014829	0.016249	0.013086
6485.159500	0.005460	0.025646
9.797525	0.000091	0.205929
131.404355	0.000052	0.240913
0.018138	0.000510	0.152358
3895.177235	0.001396	0.039793
2745.883222	0.002067	0.030216
276.320805	0.013663	0.014209
3004.235993	0.012436	0.015448
495.501837	0.007490	0.021492
5947.421939	0.024467	0.009985
1226.327039	0.002029	0.051459
8536.408999	0.004541	0.027590
8109.943700	0.010975	0.016014
119.770876	0.016819	0.013002
8448.489269	0.008128	0.019665
6468.538413	0.031064	0.008660
4039.168729	0.038648	0.008280
1558.710198	0.030860	0.009361
157.471914	0.010275	0.017322
15382.550124	0.021870	0.010830
13764.593075	0.011404	0.014968
8693.294825	0.005169	0.024867
61278.957436	0.019990	0.010862
4314.264952	0.007057	0.017693
313.054125	0.001534	0.059766
2634.125864	0.004745	0.025446
1613.575538	0.008333	0.019349
2058.419037	0.009307	0.018671
589.732436	0.007066	0.020929
0.000000	0.001245	0.090116
707.525559	0.005508	0.022623
4916.703927	0.016564	0.012580
3942.451358	0.014076	0.013317
542.385761	0.000476	0.098248
88.332406	0.000751	0.081107
23.698693	0.004237	0.032977
10.675367	0.001958	0.051228
511.918947	0.003481	0.031686
8365.138996	0.006840	0.021094
165.948844	0.010179	0.018204
10897.009114	0.038778	0.007780
7322.549911	0.002775	0.048267
781.640527	0.002826	0.037613
608.827688	0.003192	0.038503
292.735741	0.006198	0.024559
9891.799778	0.034695	0.008107
9683.809557	0.020532	0.010899
7536.105517	0.036454	0.008601
2640.314243	0.041274	0.008000
190.279537	0.017707	0.012943
1152.128533	0.027824	0.009767
3164.519098	0.010173	0.017073
5818.547698	0.007147	0.021182
2379.154538	0.029498	0.009339
43175.292669	0.003965	0.027002
7723.232049	0.002271	0.054224
786.595079	0.003070	0.035644
8928.297806	0.022467	0.011070
6202.308652	0.020601	0.011273
2081.695242	0.000490	0.159596
9704.337802	0.008498	0.019465
4810.802085	0.000582	0.130139
9718.856958	0.041304	0.007461
4656.111762	0.002761	0.036918
2593.429242	0.003172	0.037161
7204.855152	0.042317	0.007468
484.738053	0.004787	0.028678
32053.187497	0.031896	0.008930
68.324752	0.004010	0.041027
2319.467212	0.034991	0.008433
670.348480	0.012642	0.014253
2549.115274	0.023028	0.010522
2808.706582	0.029623	0.009108
128.167086	0.018193	0.012511
12314.735677	0.034323	0.008056
6785.505691	0.028028	0.008915
67.758693	0.006277	0.024464
1023.022754	0.016348	0.012934
6045.827472	0.014803	0.012622
32.157138	0.003489	0.036765
7045.814010	0.003214	0.032355
1507.748359	0.018234	0.012633
5413.049846	0.025029	0.010160
17574.124305	0.021130	0.009965
1168.673592	0.022341	0.010897
436.657557	0.008016	0.018913
512.611086	0.009302	0.019872
58.081444	0.010311	0.018415
644.077567	0.020379	0.011996
27.989562	0.000850	0.092922
426.459285	0.013394	0.014933
2556.769283	0.023705	0.010524
17832.817671	0.015887	0.012033
11753.932325	0.018694	0.011212
2427.543381	0.008557	0.021157
4675.348355	0.019355	0.012103
4047.514865	0.011842	0.016348
12172.534864	0.016862	0.011982
233.605521	0.005525	0.026505
766.416371	0.021811	0.011516
911.820549	0.026164	0.010185
3117.762023	0.009026	0.019445
4192.195270	0.006809	0.021933
4253.924731	0.006383	0.024383
442.979302	0.004637	0.031375
978.130147	0.005760	0.026818
2372.875894	0.005409	0.026710
933.322584	0.034628	0.008375
916.712096	0.038467	0.008044
4926.859381	0.015012	0.013418
252.586503	0.006437	0.025241
252.399891	0.005458	0.029052
2075.462910	0.022355	0.011125
5716.908442	0.018604	0.011971
1477.674371	0.010779	0.017656
25182.637909	0.017615	0.011152
8082.793847	0.029647	0.008460
1103.993656	0.008661	0.018766
4805.682963	0.018117	0.011773
13094.994665	0.025071	0.009756
9.662401	0.005698	0.029463
3705.803517	0.027796	0.009381
5193.238572	0.031194	0.008722
2103.904570	0.023651	0.009794
419.358253	0.019253	0.011792
6361.099331	0.021774	0.010437
12953.955627	0.029562	0.008966
4841.721393	0.032438	0.008277
6049.192401	0.027460	0.009014
1546.476781	0.024207	0.010008
27401.036615	0.026551	0.009789
31070.478006	0.022709	0.009896
7759.934732	0.027176	0.008759
5100.890548	0.041178	0.007460
5117.190759	0.037788	0.007867
2957.139018	0.027780	0.009391
5127.891993	0.025503	0.009369
2667.131446	0.031136	0.008937
2789.303483	0.039651	0.007926
2486.155308	0.023387	0.010401
6519.853583	0.040929	0.007494
7741.080289	0.039293	0.007772
4727.212084	0.025379	0.009709
2808.545609	0.032353	0.009003
340.702657	0.009131	0.018304
1193.725075	0.013863	0.014210
4135.043661	0.025915	0.009777
8950.981174	0.026592	0.009431
1968.126844	0.030505	0.008734
16995.822094	0.033931	0.008590
19581.379228	0.032588	0.008528
7352.257708	0.010596	0.016325
29522.124972	0.038684	0.007555
2958.936308	0.025368	0.009551
7011.035771	0.024444	0.009600
16442.938831	0.005431	0.023639
11934.967360	0.019372	0.011900
20367.572543	0.040714	0.007706
1409.014919	0.027693	0.009786
15261.242271	0.007718	0.022580
4802.502516	0.001803	0.035142
1452.449104	0.000691	0.083412
5133.773672	0.007936	0.018365
263.923477	0.005809	0.025869
15834.695914	0.002994	0.044717
3.039924	0.000833	0.099768
1799.851957	0.015094	0.012686
1309.709096	0.002181	0.031670
644.281180	0.001525	0.040807
12134.753415	0.000922	0.045701
1308.212412	0.000804	0.044366
2597.833180	0.002816	0.027220
221.307839	0.003220	0.030033
2146.197948	0.002223	0.038481
1415.102003	0.004332	0.022201
0.593086	0.001121	0.074042
565.039996	0.005920	0.022320
1.412501	0.001357	0.061966
736.613420	0.006599	0.020496
14242.493471	0.001991	0.074161
1540.550559	0.000654	0.043503
152.440876	0.000098	0.172537
2124.917510	0.002529	0.024848
2256.097167	0.001445	0.030822
610.915993	0.002694	0.027105
0.000000	0.000000	0.472881
2107.931489	0.003523	0.021742
1891.963254	0.002334	0.028478
3263.828301	0.003815	0.027980
4019.768474	0.001206	0.036313
693.452554	0.001289	0.040299
1635.371882	0.001460	0.033709
584.046483	0.001252	0.040455
137.665041	0.000545	0.058111
1114.359865	0.000649	0.044508
878.072192	0.003532	0.027593
0.000000	0.000000	0.590264
0.000000	0.000000	0.590264
0.000000	0.000000	0.590264
5437.991518	0.000000	0.453992
0.000000	0.000000	0.590264
1131.950339	0.006135	0.019143
2196.870785	0.002543	0.038040
5899.044482	0.003079	0.027991
4705.440294	0.007153	0.018562
20797.173752	0.000166	0.154322
214.667711	0.013906	0.015422
930.041394	0.018832	0.012257
1040.906439	0.005227	0.025430
803.717675	0.010678	0.016161
24524.074308	0.010860	0.015028
3311.320673	0.007353	0.019966
28902.002040	0.009767	0.017124
5741.887518	0.001459	0.069402
74610.563010	0.008143	0.019320
7855.482579	0.020333	0.009801
1886.054755	0.016330	0.011616
306.666017	0.014360	0.013429
1360.105402	0.016045	0.012218
1019.086172	0.012992	0.013763
2276.722632	0.029598	0.008841
20583.257973	0.008108	0.020163
1018.848082	0.028244	0.009230
4065.198398	0.013344	0.013886
5098.389272	0.027365	0.009057
8833.636773	0.017155	0.011231
9453.768090	0.004153	0.035830
1511.641277	0.007802	0.017044
113.332266	0.004797	0.026718
2969.753610	0.009422	0.016458
1727.536902	0.003176	0.034903
3832.508090	0.012759	0.015419
5268.077100	0.001270	0.061160
8187.491856	0.008537	0.018794
32779.361919	0.009251	0.013528
4949.052040	0.009807	0.017094
279.058732	0.002148	0.048068
3941.479001	0.009243	0.019008
1489.968080	0.004605	0.030076
9645.430765	0.007316	0.022949
6516.387888	0.001044	0.054154
85954.857143	0.001991	0.067782
40004.445966	0.006299	0.025109
1697.607785	0.001403	0.077199
92155.058998	0.001235	0.055371
22506.620723	0.011270	0.014658
197.587002	0.009954	0.019367
140.295746	0.012141	0.016946
1442.255581	0.000378	0.086085
3456.886854	0.000702	0.091151
4969.547994	0.015688	0.012757
7245.413278	0.001455	0.047302
3530.162829	0.002368	0.031938
1052.055457	0.001454	0.042848
1242.386072	0.003884	0.033198
2835.959638	0.006913	0.023566
24980.495732	0.009908	0.018352
15760.868849	0.000523	0.114805
219.526039	0.005720	0.026123
13867.920901	0.016182	0.013129
606.359644	0.004226	0.035511
1482.198509	0.008846	0.020436
3478.868499	0.001711	0.046630
22350.673764	0.008725	0.016463
1247.046956	0.001611	0.045502
3032.488286	0.010948	0.017296
1214.150637	0.001942	0.041630
3005.030474	0.015623	0.012099
4056.200764	0.012694	0.014694
28787.701369	0.012594	0.015193
11837.062549	0.002540	0.053875
3089.799457	0.001959	0.041544
930.752048	0.001287	0.057303
1218.575637	0.001261	0.034222
6594.635123	0.000674	0.050666
65.840049	0.000070	0.168035
934.874785	0.000929	0.053145
5247.525410	0.001876	0.028900
9282.063964	0.000109	0.364501
37.149979	0.000857	0.078422
0.000000	0.000000	1.000000
0.000000	0.000000	1.000000
235.999233	0.001125	0.059859
0.024529	0.000639	0.174072
1572.395460	0.012508	0.015303
2308.231038	0.016783	0.012755
10913.073599	0.001495	0.055501
18.422057	0.000003	0.229455
73.139090	0.000009	0.192732
4.284399	0.000001	0.248912
4.284399	0.000001	0.248912
69.680766	0.000009	0.193411
14.963733	0.000003	0.230002
247.064179	0.000020	0.169390
0.826075	0.000001	0.249279
91.919678	0.000009	0.170624
1340.295313	0.000064	0.092056
850.678026	0.000050	0.111643
7094.516490	0.000738	0.054250
4031.211643	0.000887	0.044692
5667.011357	0.001185	0.041923
2686.792108	0.010185	0.014565
1777.180050	0.001397	0.036731
40105.091002	0.000204	0.148970
7905.772080	0.000325	0.092510
1460.978909	0.000588	0.060019
2417.490219	0.000128	0.093061
1608.429053	0.000572	0.043525
132.076757	0.000036	0.110580
10858.426267	0.000519	0.045124
244.558049	0.000030	0.108035
3652.329545	0.000607	0.055407
12794.068192	0.003703	0.023913
2607.377217	0.001091	0.037408
45376.381709	0.001013	0.056933
442.941314	0.001678	0.047031
320.533994	0.002694	0.030741
28201.974159	0.006203	0.016336
26160.968725	0.003833	0.021306
13281.820816	0.016238	0.012195
339.561656	0.007092	0.024514
1290.047202	0.009673	0.016913
592.798580	0.011481	0.015957
688.681377	0.002647	0.037948
609.949957	0.012792	0.014401
9387.210353	0.017053	0.012113
16450.479748	0.014212	0.013238
7460.257770	0.000548	0.122093
11466.121735	0.001424	0.041252
6322.417727	0.001089	0.052197
469.920186	0.005569	0.025196
84.182108	0.006290	0.023109
1080.243948	0.015709	0.012724
8778.950302	0.000428	0.077063
1246.208043	0.007048	0.020102
723.591494	0.003036	0.032694
4558.592850	0.010881	0.015509
1771.641257	0.001528	0.040962
732.141442	0.002022	0.042688
1575.626934	0.001879	0.032399
45814.124380	0.001331	0.034364
49914.013644	0.000882	0.042897
245.967772	0.001252	0.058259
13334.474630	0.000789	0.056482
5783.723336	0.000856	0.041694
4716.117112	0.002919	0.027156
385.505004	0.001383	0.047089
1682.610895	0.001378	0.065587
2512.752949	0.010094	0.014781
6137.764766	0.020566	0.010130
5856.997074	0.014811	0.012175
2541.770843	0.018452	0.011083
705.539132	0.007900	0.017819
217.441863	0.014366	0.013670
974.293863	0.023529	0.010180
729.106994	0.000093	0.128640
6191.969768	0.000224	0.067486
704.497390	0.000093	0.138504
2954.940961	0.000133	0.095673
108.294630	0.000398	0.060442
142.674049	0.000416	0.056970
19.919525	0.000117	0.161534
1804.227402	0.000200	0.069061
213.609392	0.000351	0.062335
5707.941725	0.000506	0.051013
13401.684201	0.000633	0.056923
1291.881128	0.000274	0.071781
1897.603582	0.000708	0.041503
14871.407768	0.000400	0.059454
74.064332	0.000091	0.177785
147.347818	0.000186	0.144643
23130.935656	0.000103	0.092805
2119.082273	0.001070	0.033099
9079.961555	0.000438	0.053106
34844.003348	0.000413	0.061302
1763.640134	0.000312	0.055971
1799.028988	0.000631	0.052297
18904.961897	0.000602	0.052311
30394.188526	0.000690	0.047136
9200.222025	0.000209	0.068624
3605.631196	0.000069	0.130711
4213.496634	0.001219	0.032155
328.795624	0.000000	0.210269
5632.752883	0.000006	0.131068
4098.754111	0.000003	0.206230
7572.774063	0.000018	0.116291
3977.269123	0.000227	0.059583
158.947631	0.000006	0.142340
622.340999	0.000005	0.167577
4413.062220	0.000003	0.152947
12073.034649	0.000233	0.068500
4369.855456	0.000107	0.079398
5672.475638	0.000955	0.036467
1392.469826	0.000453	0.050470
7043.852458	0.000091	0.070553
2210.301777	0.000086	0.107051
5860.482152	0.000141	0.068012
88.967114	0.000028	0.161325
242.046502	0.000055	0.110583
50.057217	0.000403	0.256152
0.000000	0.000051	0.647651
93.598010	0.000376	0.178416
1.297913	0.000094	0.241461
9.454873	0.000107	0.248864
161.175138	0.000000	0.347693
76.281306	0.000000	0.344626
324.061479	0.000000	0.283706
32.405870	0.000000	0.254371
2487.226796	0.000000	0.242507
91.159403	0.000000	0.337009
1443.425330	0.000001	0.151659
21.225065	0.000001	0.208967
865.579203	0.000000	0.223167
2959.902690	0.000002	0.148686
2497.864787	0.000304	0.079708
1585.999576	0.000135	0.111339
0.000000	0.000000	1.000000
0.000000	0.000000	1.000000
0.000000	0.000025	0.490530
0.166667	0.000000	0.449023
6190.000000	0.000000	0.618056
3096.000000	0.000000	0.562500
0.000000	0.000000	1.250000
2.133748	0.000123	0.204494
0.503968	0.000096	0.257231
35.277031	0.000024	0.246785
0.252874	0.000002	0.426900
0.000000	0.000000	1.222222
2.000000	0.000000	0.611111
6.997089	0.000316	0.270767
238.873803	0.006282	0.026449
152.932223	0.015336	0.013495
0.422839	0.005637	0.028546
7921.858324	0.010118	0.015441
8122.677813	0.012071	0.014028
318.900813	0.010339	0.017138
4437.217811	0.016714	0.012299
514.455672	0.020221	0.011392
562.754025	0.017465	0.012432
4553.497943	0.011164	0.014802
3765.628430	0.022918	0.010302
1914.967056	0.015545	0.012664
1087.905569	0.017200	0.012073
6008.824566	0.005111	0.024531
3696.430978	0.012999	0.014391
79.399892	0.000918	0.072730
1909.570935	0.000476	0.098449
27.708970	0.000145	0.127544
0.000000	0.000067	0.239055
8161.368490	0.000530	0.082076
4063.611974	0.001984	0.055649
2162.569334	0.012467	0.015686
7847.695078	0.004304	0.035777
145.936730	0.010561	0.016691
21682.980710	0.008724	0.016235
1825.629509	0.005585	0.023476
9818.828003	0.008816	0.016171
3321.723786	0.008264	0.017487
2826.796121	0.001980	0.058060
652.735090	0.003407	0.040522
636.234173	0.003313	0.041040
674.285918	0.004196	0.034575
5521.604238	0.004143	0.036399
712.939251	0.002856	0.038249
4581.578140	0.004527	0.031960
6430.542658	0.003545	0.040600
0.000000	0.000000	1.034722
0.000000	0.000000	1.034722
0.000000	0.000099	0.610660
0.000000	0.000099	0.610660
3994.210105	0.008215	0.018444
3846.231405	0.008268	0.018749
9924.297187	0.003699	0.032251
460.411735	0.015515	0.012744
421.158568	0.010588	0.016984
12787.468291	0.005968	0.021693
751.349088	0.011442	0.015148
528.581341	0.011605	0.015280
401.053292	0.002189	0.042917
11236.077231	0.001127	0.088868
6856.720280	0.003307	0.041729
1421.593254	0.013035	0.013678
7100.597985	0.001493	0.045563
11139.709155	0.005524	0.023354
31253.103088	0.001789	0.045246
22774.673900	0.000426	0.110958
212.342563	0.003260	0.038255
0.000000	0.000001	0.840000
9282.000000	0.000205	0.414306
0.000000	0.000001	0.840000
0.000000	0.000001	0.840000
6578.248768	0.000506	0.133624
0.000000	0.000000	1.000000
0.000000	0.000000	1.000000
13000.155700	0.000762	0.110593
10509.449878	0.004928	0.022992
30.198885	0.000018	0.157966
1830.428073	0.000529	0.061255
1311.702209	0.001498	0.046849
11358.263269	0.002013	0.028069
14198.133379	0.001438	0.034292
9450.837992	0.001528	0.030237
4073.754933	0.000136	0.084719
33489.617127	0.000558	0.040575
16001.677539	0.001501	0.037415
39199.279465	0.000278	0.064297
343.759448	0.000039	0.185477
801.220925	0.002191	0.036849
6906.727053	0.004335	0.021100
6198.665284	0.001910	0.040309
2745.257503	0.012525	0.012691
47211.358035	0.006020	0.022449
4029.020926	0.002257	0.039561
384.872000	0.001079	0.052218
994.160810	0.001011	0.041625
858.136333	0.000446	0.053783
2233.512901	0.000605	0.054083
620.938947	0.001587	0.040863
4508.039149	0.010660	0.013620
4879.705300	0.001606	0.038054
189.355538	0.003748	0.027880
1678.213774	0.001355	0.043846
2440.219171	0.000994	0.043602
4264.558971	0.001792	0.042420
3109.573691	0.001779	0.042643
57.081864	0.000223	0.098254
117.597617	0.000291	0.089777
339.153114	0.000024	0.147187
0.000000	0.000002	0.266333
0.000000	0.000002	0.266333
33725.576588	0.000004	0.112813
11.025532	0.000297	0.203745
2392.821226	0.000093	0.106349
45.136184	0.000041	0.121904
1098.665303	0.001370	0.063876
0.000000	0.000091	0.522180
6190.000000	0.000009	0.467980
6.772699	0.000023	0.452374
0.000000	0.000000	1.250000
3096.000000	0.000000	0.555556
0.000000	0.000029	0.343580
8.140573	0.000030	0.298675
3651.065552	0.000024	0.298994
0.000000	0.000000	1.187500
6191.000000	0.000000	0.348889
6.701549	0.008218	0.020735
80.710684	0.004016	0.036897
1405.717885	0.013386	0.013900
91.683608	0.003745	0.033178
332.068518	0.008314	0.017422
45734.392504	0.000069	0.245149
767.158509	0.006680	0.024296
2859.145006	0.007243	0.020170
4273.771623	0.001996	0.054945
765.574031	0.001118	0.079829
463.106840	0.002482	0.051529
6190.000000	0.000120	0.611388
22443.795799	0.000248	0.088505
3119.760662	0.000081	0.177322
155.395825	0.000459	0.078112
1120.451203	0.005274	0.022262
838.418939	0.003925	0.027398
4793.594625	0.008650	0.017417
2340.476426	0.005854	0.022605
413.718217	0.001874	0.042496
6647.277845	0.001009	0.080700
1191.770227	0.000188	0.214988
4008.371473	0.001801	0.055221
14319.984663	0.000265	0.102337
2484.232925	0.000480	0.053857
6.626621	0.000009	0.219330
201.587938	0.000025	0.129565
14046.183086	0.000015	0.201273
301.275832	0.002007	0.037442
749.732852	0.001817	0.041302
580.913465	0.000305	0.056813
127.499962	0.000471	0.069234
595.316655	0.000246	0.076697
2914.597347	0.000260	0.075785
980.769794	0.000042	0.145852
4362.178572	0.000016	0.113731
68.719076	0.000011	0.182476
197.886042	0.000015	0.140351
15.109624	0.000011	0.221787
3557.721119	0.001337	0.057546
4750.661697	0.000433	0.165818
223.507527	0.000000	0.299284
624.167656	0.000477	0.069522
210.330194	0.000194	0.133799
2028.121119	0.000035	0.143741
1048.649293	0.000043	0.103896
125.244722	0.000480	0.067284
1075.386047	0.000260	0.070268
3542.751876	0.000001	0.350869
0.000000	0.000001	0.700351
3114.193764	0.000276	0.150699
0.000000	0.000052	0.262583
131.105791	0.000157	0.180152
95.947878	0.000235	0.165185
2053.107057	0.000071	0.168195
0.592351	0.000071	0.226656
5090.459548	0.000152	0.145281
356.078300	0.000901	0.109221
30877.968610	0.000213	0.161196
2728.699505	0.000381	0.080360
1507.243293	0.000178	0.142368
0.000000	0.000000	1.187500
0.000000	0.000000	1.250000
3096.000000	0.000000	0.555556
12376.000000	0.000001	0.395040
15679.797719	0.000039	0.224063
1811.543434	0.000258	0.108025
50044.294869	0.000224	0.075388
15461.500000	0.000000	0.378117
1.500000	0.000000	0.683056
0.000000	0.000000	0.895556
0.000000	0.000000	1.250000
3096.000000	0.000000	0.555556
15230.238715	0.000038	0.112363
32371.403428	0.000006	0.134423
5602.652941	0.000001	0.164494
3295.687453	0.000001	0.311646
0.000000	0.000000	0.636393
1194.407712	0.000000	0.419286
1030.666667	0.000000	0.488594
161.491045	0.000000	0.486372
1031.416667	0.000000	0.454449
2773.893831	0.000001	0.252020
12352.000000	0.000001	0.508083
5665.000000	0.000000	0.473906
12352.000000	0.000001	0.508083
12877.666667	0.000000	0.379212
0.333333	0.000000	0.548715
5156.500000	0.000000	0.417865
1033.666667	0.000000	0.465573
0.000000	0.000000	0.669038
0.000000	0.000000	0.770612
0.000000	0.000000	0.868056
0.833333	0.000000	0.660988
1.000000	0.000000	0.780864
3.000000	0.000000	0.555556
0.000000	0.000000	1.000000
1.000000	0.000000	0.780864
0.000000	0.000000	1.222222
1452.697595	0.000003	0.244922
1452.697595	0.000003	0.244922
204.440426	0.000000	0.486292
0.000000	0.000000	0.629887
2284.722720	0.000250	0.098775
2681.783781	0.000233	0.103002
134.910872	0.000017	0.140173
5234.788845	0.000146	0.102713
275.875438	0.000020	0.123684
2.000000	0.000000	0.562500
0.000000	0.000000	1.250000
2.000000	0.000000	0.562500
0.000000	0.000000	1.250000
5938.881130	0.000095	0.147316
1033.576445	0.006375	0.019379
10619.486340	0.005227	0.021640
5717.953310	0.005245	0.023282
0.000000	0.000000	0.507881
2308.910142	0.000004	0.218065
3236.034650	0.000006	0.194128
36087.946810	0.000000	0.232854
297.038578	0.000038	0.218983
0.000000	0.000000	0.766011
7634.232692	0.000000	0.430322
17.056438	0.000917	0.111338
3481.302743	0.003420	0.032096
46.951924	0.001815	0.051780
1224.238900	0.009725	0.015485
4095.594130	0.018026	0.010586
47.742999	0.005943	0.028094
32.728098	0.000238	0.123897
9.402495	0.000037	0.130592
37157.279205	0.000092	0.138378
20228.236254	0.000000	0.304073
4571.360345	0.000000	0.523872
150.743041	0.002834	0.033377
7059.228449	0.000090	0.228226
12372.000000	0.000000	0.544784
1648.433975	0.000000	0.555895
2507.388511	0.000000	0.310859
262.098950	0.001472	0.056965
759.539890	0.001121	0.064753
230.590560	0.001756	0.054413
73.065344	0.001557	0.055192
51.987061	0.000562	0.092070
7879.298785	0.002374	0.047415
8566.624645	0.001032	0.081432
6.321272	0.000435	0.164430
1547.000000	0.000000	0.706019
4641.500000	0.000000	0.612847
219.462113	0.014757	0.013515
1277.155126	0.000173	0.142140
309.040511	0.000006	0.225268
0.833333	0.000000	0.722222
2.666667	0.000000	0.595052
0.000000	0.000000	0.935764
2.666667	0.000000	0.595052
38119.675391	0.013536	0.013719
19.957605	0.000009	0.237570
0.183839	0.000011	0.249333
94.789685	0.000004	0.192635
0.000000	0.000000	0.935764
0.833333	0.000000	0.722222
9348.521697	0.000042	0.099806
2911.667722	0.000002	0.231771
14.365786	0.000288	0.161548
0.826166	0.000057	0.297406
5.056236	0.000085	0.259818
38.352615	0.000585	0.107888
2704.968477	0.003392	0.030916
17.992954	0.000307	0.145587
510.901061	0.002848	0.037552
3498.040551	0.005822	0.026924
4.140371	0.000000	0.544531
0.000000	0.000000	1.250000
1.000000	0.000000	0.500000
0.000000	0.000000	0.689167
1.227733	0.000009	0.381644
130.492468	0.000158	0.201364
4.730172	0.000000	0.438228
0.000000	0.000000	1.250000
28.908134	0.000107	0.166263
21.150229	0.000015	0.235428
1843.519572	0.000444	0.094968
1189.559488	0.000370	0.119376
1780.398498	0.000436	0.092328
259.579180	0.000165	0.182086
2001.040006	0.000472	0.112138
225.011896	0.001971	0.047095
3142.126212	0.000116	0.278526
4717.286316	0.003035	0.045216
97.761374	0.000589	0.106813
84.363658	0.000515	0.124181
1090.508761	0.000000	0.443798
214.982792	0.000005	0.253299
0.000000	0.000004	0.387407
12229.030762	0.000071	0.182587
0.000000	0.000000	1.160000
0.000000	0.000008	0.668558
4197.248124	0.000002	0.448724
1545.833333	0.000002	0.617947
5.833333	0.000000	0.593750
0.000000	0.000000	1.187500
3.199596	0.000138	0.252496
0.000000	0.000000	0.935764
1.000000	0.000000	0.500000
0.000000	0.000000	1.250000
0.000000	0.000000	1.250000
175.198525	0.000048	0.177604
0.000000	0.000006	0.444860
454.353370	0.000034	0.190453
1530.148087	0.000247	0.105129
243.149724	0.000001	0.385635
15439.761905	0.000000	0.378169
531.951345	0.000001	0.347270
36688.329570	0.000022	0.216523
2591.256196	0.000140	0.127620
6.073774	0.000003	0.290214
133.500951	0.000003	0.255227
12373.226190	0.000000	0.406636
9282.000000	0.000000	0.611111
1562.238095	0.000000	0.447483
0.000000	0.000000	0.537881
12350.773810	0.000000	0.357626
1066.804049	0.000199	0.115514
2216.655644	0.000144	0.124291
901.887052	0.000000	0.270002
4969.296619	0.000000	0.280016
4309.473952	0.000001	0.273014
4699.120748	0.000000	0.275546
1497.111473	0.000001	0.216011
5397.906730	0.000000	0.229278
34130.986127	0.000157	0.115896
6910.972414	0.000001	0.219524
0.583333	0.000000	0.505204
296.227647	0.000000	0.448393
21.694244	0.000000	0.456597
2585.039994	0.000000	0.372909
0.000000	0.000000	1.222222
6191.000000	0.000000	0.361111
3096.000000	0.000017	0.503905
1364.360626	0.000000	0.205002
0.000000	0.000000	1.160000
3143.358397	0.000000	0.372222
0.000000	0.000000	0.647782
0.833333	0.000000	0.534516
3039.932732	0.000000	0.331670
2823.662182	0.000000	0.325902
347.136944	0.000000	0.459515
1204.376663	0.000008	0.242507
3424.838470	0.000001	0.289395
1226.625959	0.000002	0.319078
11248.571239	0.000004	0.230432
12082.966400	0.000004	0.195542
5476.646307	0.000029	0.215685
2091.346284	0.000029	0.229936
8601.530011	0.000105	0.209489
13281.642580	0.000036	0.179499
10241.983682	0.000005	0.224269
786.181942	0.010840	0.015469
0.000000	0.000002	0.710048
100.558727	0.000056	0.525670
100.558727	0.000056	0.525670
2997.070465	0.000671	0.183006
155.291814	0.000004	0.312763
6000.625945	0.000001	0.277697
5598.733826	0.000001	0.255505
2532.961311	0.000001	0.228177
12085.925617	0.000139	0.178805
27157.897970	0.000000	0.317956
30879.000000	0.000000	0.314263
5373.852228	0.000000	0.352847
1741.900807	0.000000	0.302292
24712.000000	0.000000	0.580000
21645.000000	0.000000	0.217500
0.000000	0.000000	1.160000
0.000000	0.000000	1.000000
0.000000	0.000000	1.000000
146.500176	0.000001	0.483525
2480.188110	0.000023	0.283318
773.879060	0.000000	0.412673
947.466246	0.000000	0.330571
7573.176181	0.000000	0.327223
3295.597899	0.002430	0.036794
4853.007985	0.003646	0.031082
5602.294193	0.000000	0.320031
0.000000	0.000000	1.160000
0.000000	0.000000	0.984375
0.000000	0.000000	0.984375
9284.000000	0.000000	0.416250
0.000000	0.000000	1.000000
0.000000	0.000000	1.000000
1.559524	0.000000	0.505042
1.559524	0.000000	0.505042
5789.058747	0.000842	0.060099
2262.228796	0.000970	0.062378
696.550189	0.000430	0.079328
1116.539009	0.000581	0.055348
613.538279	0.000294	0.082931
265.195623	0.000360	0.081068
360.857970	0.000271	0.098326
401.942998	0.000213	0.089355
1443.938885	0.000729	0.080759
0.000000	0.000000	1.000000
0.000000	0.000000	1.000000
0.000000	0.000000	0.674375
25.440431	0.000034	0.144114
67.341292	0.000012	0.145563
2570.178920	0.001068	0.044918
1724.959772	0.011826	0.013426
1365.172136	0.009347	0.015675
1559.692959	0.004214	0.023531
0.000000	0.000000	1.034722
8.000000	0.000000	0.631944
0.000000	0.000000	1.034722
0.500000	0.000000	0.839506
0.000000	0.000000	1.000000
0.000000	0.000000	1.000000
0.500000	0.000000	0.839506
2.121395	0.000010	0.231262
193.930153	0.000082	0.133520
9.500000	0.000000	0.548611
0.000000	0.000000	1.000000
0.000000	0.000000	1.000000
416.732260	0.000008	0.267813
18.672594	0.000008	0.211731
0.000000	0.000000	0.935764
0.000000	0.000000	0.935764
0.500000	0.000000	0.798611
0.000000	0.000000	1.000000
0.000000	0.000000	1.000000
1696.654439	0.000051	0.164059
47.395132	0.000003	0.344488
3576.189967	0.000049	0.190657
0.000000	0.000000	0.651396
0.000000	0.000000	0.651396
0.695168	0.000119	0.406655
3097.531655	0.000231	0.241110
46.696182	0.000033	0.221209
0.119638	0.000784	0.112277
0.000000	0.000002	0.383078
0.000000	0.000000	0.513302
76.527813	0.000003	0.236265
3526.260940	0.000002	0.250089
1959.199056	0.000001	0.301122
0.000000	0.000000	0.494884
0.000000	0.000000	0.935764
13.678747	0.000000	0.739969
0.678505	0.000061	0.281221
3.756603	0.000244	0.186893
18.341466	0.000183	0.180374
84.642739	0.001215	0.061924
2881.477214	0.000646	0.068097
16.619186	0.000125	0.152003
0.500000	0.000000	0.758488
0.000000	0.000000	0.935764
5.734284	0.000190	0.159768
9.870981	0.000134	0.153425
33.798891	0.000452	0.103822
3179.356169	0.000027	0.160061
0.309671	0.000000	0.510269
21.877264	0.000061	0.151974
2200.477282	0.014029	0.012866
961.572737	0.011351	0.015388
1444.644023	0.014358	0.012022
40.091799	0.000001	0.322858
2.216214	0.000001	0.312529
1005.578638	0.009690	0.015971
22.348664	0.000006	0.249733
3978.957422	0.010283	0.015564
4543.569929	0.001236	0.053734
0.000000	0.000001	0.513169
4667.743509	0.000000	0.435145
1521.984813	0.000000	0.602414
0.000000	0.000000	0.895556
0.500000	0.000000	0.729506
646.120851	0.000012	0.164373
7689.951218	0.000112	0.119471
865.025011	0.000089	0.202824
0.000000	0.000000	0.680525
1710.038547	0.000001	0.246706
0.000000	0.000000	1.222222
3.000000	0.000000	0.722222
4636.261905	0.000000	0.551649
54.971026	0.000001	0.247619
12310.430400	0.000080	0.123177
209.662337	0.000001	0.179319
1485.633081	0.000000	0.491389
0.000000	0.000000	0.696636
0.000000	0.000000	0.763889
236.138376	0.000000	0.321979
2970.393233	0.000001	0.309557
77.004871	0.001797	0.038280
405.979125	0.002402	0.032627
10589.376380	0.005737	0.019683
47120.651896	0.001673	0.036031
382.752300	0.005294	0.022693
2.810500	0.001103	0.058046
15461.739372	0.000224	0.218021
1744.614781	0.000041	0.311491
1233.878030	0.000015	0.173589
0.000000	0.000000	1.000000
0.000000	0.000000	1.000000
4607.280090	0.000000	0.370319
4607.280090	0.000000	0.370319
52.858397	0.000000	0.390517
7608.351876	0.000000	0.262408
7120.420892	0.000000	0.325816
10142.785613	0.000000	0.250454
41419.494847	0.002629	0.037827
153.181226	0.003886	0.036391
841.942664	0.001004	0.043223
3585.180454	0.001394	0.036106
813.348800	0.002600	0.032870
5369.508436	0.001123	0.044694
291.362492	0.000600	0.057066
6877.751530	0.001601	0.032639
690.216358	0.001157	0.042185
6153.702484	0.003021	0.028401
718.102372	0.002221	0.037868
7188.039071	0.002257	0.032274
8203.342194	0.002134	0.034115
3765.892373	0.001913	0.032848
6530.815528	0.000901	0.040495
12195.434972	0.000801	0.039760
591.673963	0.001609	0.041753
1243.773397	0.002130	0.035304
15902.488947	0.001801	0.036191
78.227696	0.007080	0.020997
314.572842	0.004509	0.027291
194.719319	0.005814	0.024335
333.623969	0.000004	0.198260
199.373959	0.000000	0.259486
30.770237	0.000000	0.375583
1471.927894	0.000000	0.193559
0.000000	0.000000	1.160000
0.000000	0.000000	1.160000
0.000000	0.000000	1.000000
0.000000	0.000000	1.000000
1.000000	0.000000	0.596636
71.253935	0.003475	0.032655
21.074518	0.003673	0.031742
68.842228	0.002659	0.034473
0.000000	0.000000	1.187500
74.078307	0.000000	0.575017
3071.861512	0.000000	0.500965
15080.824015	0.000133	0.116516
4252.849094	0.000689	0.065205
369.116680	0.000047	0.125129
330.264592	0.000035	0.096637
146.702729	0.000010	0.137522
9605.349918	0.000388	0.057290
777.369905	0.000494	0.070224
533.623096	0.000172	0.069639
926.736871	0.000534	0.046634
1016.415584	0.000807	0.048567
2708.902234	0.000035	0.086446
5274.635592	0.000530	0.062660
439.497823	0.000193	0.083370
0.000000	0.000000	1.000000
0.000000	0.000000	1.000000
87.273452	0.000020	0.111320
445.384583	0.000027	0.100541
21.711970	0.000010	0.154977
1891.283789	0.000544	0.053673
338.554995	0.000105	0.142472
570.490996	0.000012	0.191796
41.119996	0.000038	0.220495
9297.159837	0.000063	0.174485
3.029539	0.000000	0.441529
0.000000	0.000001	1.160000
4289.988424	0.000032	0.295978
3791.056259	0.000597	0.118547
9.146528	0.000000	0.417677
116.526149	0.000002	0.350203
13.293237	0.000032	0.369995
130.914505	0.000355	0.176479
9.758863	0.000132	0.464111
8096.877173	0.000269	0.246139
1193.411305	0.000130	0.434674
3.116667	0.000000	0.466066
215.201956	0.000346	0.146612
210.580150	0.000375	0.133426
176.684147	0.000344	0.115547
44.137005	0.000436	0.104662
723.556503	0.000183	0.179304
745.402588	0.000194	0.165188
7607.320232	0.000355	0.101387
20.833375	0.000173	0.209729
0.000000	0.000057	0.385819
0.000000	0.000057	0.385819
10216.140046	0.000220	0.223730
14.499244	0.000075	0.234549
0.000000	0.000008	0.361881
6593.446707	0.000005	0.197829
30548.063026	0.000135	0.097130
13282.727745	0.000005	0.148051
8483.696845	0.000000	0.331411
15358.679876	0.000910	0.049674
1894.127959	0.001413	0.060143
18380.486362	0.000163	0.135356
17098.565224	0.000087	0.095878
978.614434	0.000684	0.061507
831.646429	0.001144	0.049792
378.162633	0.000787	0.064225
289.204017	0.002871	0.036698
220.061935	0.000253	0.092249
1467.139585	0.002991	0.029113
4221.188024	0.012975	0.013935
2662.243979	0.014789	0.012222
0.000000	0.000000	1.250000
1.000000	0.000000	0.500000
998.135129	0.000004	0.224732
346.374331	0.000377	0.060098
82.187908	0.000035	0.153717
6103.166659	0.000135	0.081844
0.000000	0.000000	1.250000
1717.580888	0.001505	0.047961
62.925481	0.000891	0.055907
0.000000	0.000042	0.526890
21.355850	0.001030	0.061077
0.000000	0.000000	0.935764
65.391420	0.000000	0.383875
620.846168	0.000001	0.178167
25759.086296	0.000040	0.148980
307.281255	0.000040	0.203092
9775.170638	0.001100	0.040857
400.532929	0.000944	0.054551
6352.898125	0.000102	0.265137
0.000000	0.000000	0.694571
24.564999	0.000000	0.281724
880.443523	0.000011	0.204687
432.208834	0.000000	0.212073
13.116889	0.003685	0.039186
60.018003	0.000464	0.052949
1304.985731	0.000717	0.057981
423.403679	0.000318	0.056470
731.375975	0.000538	0.048258
10308.079788	0.000519	0.048525
3970.922795	0.000370	0.056393
7580.867737	0.000473	0.055373
33.535927	0.003522	0.031446
680.195717	0.003381	0.031686
11.236795	0.000495	0.124030
3215.433725	0.000000	0.271736
26.495083	0.001137	0.066536
2604.174633	0.000050	0.100613
34.785688	0.000042	0.130548
1099.963068	0.000137	0.087298
14370.782471	0.000056	0.090494
212.589512	0.000012	0.134345
478.853596	0.000018	0.125560
1855.221949	0.000003	0.256700
0.100000	0.000005	0.190879
0.000000	0.000000	1.250000
2.000000	0.000000	0.562500
2.000000	0.000000	0.562500
1399.803157	0.000002	0.295282
9298.984034	0.000155	0.105955
13.333048	0.000000	0.567130
0.000000	0.000071	0.517240
0.000000	0.000000	1.250000
3244.538591	0.000000	0.348187
2746.503924	0.000000	0.387777
0.000000	0.000000	1.187500
2110.759296	0.000000	0.529514
6533.836092	0.000000	0.541239
383.831332	0.000071	0.117950
3.767454	0.000000	0.599344
0.000000	0.000000	0.935764
991.024648	0.000000	0.739969
0.000000	0.000001	0.832899
0.500000	0.000001	0.684992
0.500000	0.000001	0.617863
1683.064572	0.000009	0.397635
1188.424191	0.000337	0.098566
346.409828	0.000109	0.202456
243.222015	0.000093	0.239037
0.215280	0.000022	0.464099
79.004332	0.000375	0.194509
2372.608808	0.000001	0.281644
6609.887930	0.000000	0.242732
9511.151936	0.000000	0.220533
1304.584332	0.000000	0.203301
8375.477004	0.000004	0.153276
1463.849844	0.000015	0.140286
10298.532580	0.000928	0.063504
13266.950006	0.000311	0.083016
19.716126	0.000000	0.540123
638.566504	0.000000	0.351217
0.000000	0.000000	0.840278
5673.756067	0.000000	0.307603
35.311589	0.000000	0.454040
5892.862180	0.000000	0.312338
1349.098094	0.000000	0.383350
0.708333	0.000000	0.462788
1680.204546	0.000000	0.420050
4243.881038	0.000000	0.351278
13.391417	0.000000	0.377703
5.714925	0.000000	0.561286
5637.945149	0.000000	0.361704
32197.668505	0.000000	0.280542
1779.107028	0.000000	0.452054
6779.146202	0.000040	0.214126
3069.307273	0.000635	0.066808
2273.935233	0.000002	0.373980
10167.310565	0.000006	0.156989
2043.016523	0.000004	0.227544
12016.665713	0.000106	0.125036
569.903213	0.000003	0.192365
8204.883209	0.000000	0.462191
5986.230588	0.000000	0.460000
376.413594	0.000000	0.223374
6258.518636	0.000042	0.125452
12314.591640	0.000000	0.190753
958.048459	0.000000	0.256726
7352.899989	0.000000	0.201600
8348.319065	0.000000	0.216011
4513.557722	0.000002	0.174005
0.458333	0.000000	0.529237
0.833333	0.000000	0.538150
3670.529980	0.000000	0.505810
56.704226	0.000002	0.531814
13890.926261	0.000012	0.249424
2521.807054	0.000047	0.225942
7686.207893	0.000000	0.334164
16.786483	0.000000	0.592593
1655.018142	0.000000	0.313346
3096.000000	0.000000	0.496914
20.819054	0.000000	0.419218
0.000000	0.000000	0.743906
305.008889	0.000000	0.354606
3119.862065	0.000001	0.271522
17448.622449	0.000018	0.194452
3622.147486	0.000070	0.155104
15312.597618	0.000000	0.307822
1369.245921	0.000003	0.305171
10921.305564	0.000029	0.168290
4011.759382	0.000057	0.116785
1104.331186	0.000030	0.129687
888.526438	0.000001	0.236267
5083.615644	0.000000	0.271510
10096.522655	0.000000	0.320573
0.000000	0.000000	1.034722
0.000000	0.000000	1.034722
6190.000000	0.000000	0.628889
4236.004583	0.000000	0.589722
13458.180297	0.000000	0.396216
2146.972726	0.000028	0.272016
10.495353	0.000000	0.420466
170.430417	0.002285	0.041254
917.202738	0.001058	0.048605
186.507530	0.000004	0.274394
3.628704	0.000153	0.110304
0.238087	0.000762	0.082877
6.914685	0.000397	0.088859
5.578964	0.000085	0.130174
0.000000	0.000007	0.549329
0.000000	0.000003	1.031217
0.583333	0.000000	0.426671
3701.193997	0.000011	0.206828
3287.574967	0.000000	0.275987
11492.560707	0.000015	0.160601
7077.262471	0.000000	0.218529
1.000000	0.000000	0.609977
3108.301831	0.000000	0.382222
4.116694	0.000000	0.359248
0.000000	0.000000	0.458527
10374.812865	0.000046	0.179108
43.013299	0.000000	0.236036
2201.409596	0.000006	0.196176
1972.522929	0.000016	0.142337
0.000000	0.000000	1.222222
14216.096635	0.000037	0.168282
8679.970082	0.000000	0.198299
4436.027354	0.000000	0.208632
4436.027354	0.000000	0.208632
2860.782501	0.000046	0.228446
2.642826	0.000000	0.414961
304.757982	0.000006	0.290538
1696.247549	0.000074	0.198970
1520.343904	0.000072	0.269341
199.233666	0.000376	0.064416
3119.441121	0.000003	0.267263
13902.513277	0.000003	0.252796
26056.611454	0.000003	0.267855
0.000000	0.000000	1.138889
3132.339389	0.000000	0.275590
4.286580	0.000000	0.496215
0.000000	0.000000	0.714034
794.241246	0.000316	0.059394
8066.782629	0.000161	0.057822
2021.527125	0.000074	0.099279
1753.035483	0.000102	0.075965
2243.662172	0.000179	0.085337
373.479074	0.000089	0.130466
844.411411	0.000188	0.088735
2133.660827	0.000166	0.094645
164.615665	0.000265	0.067133
66.346184	0.000155	0.094085
0.000000	0.000000	0.777344
3098.610256	0.000000	0.400391
18.788273	0.000000	0.406045
0.000000	0.000000	1.109375
3096.333333	0.000000	0.382115
5318.302895	0.000040	0.116134
5205.367781	0.000010	0.205787
3890.428604	0.000023	0.161686
3230.593122	0.000058	0.100671
1614.426780	0.000040	0.137267
151.644652	0.000014	0.127725
56.795209	0.000014	0.127426
0.000000	0.000000	1.187500
0.000000	0.000007	0.592318
11802.713440	0.000106	0.124713
2.202605	0.000000	0.474213
4.671726	0.000000	0.457155
1269.605170	0.000003	0.354251
446.866208	0.000000	0.371844
0.000000	0.000000	0.695556
7927.698914	0.000001	0.346149
4160.797841	0.000000	0.296559
0.000000	0.000000	0.403873
51.582560	0.000003	0.254630
17315.656856	0.000761	0.071002
3096.000000	0.000000	0.562500
0.000000	0.000000	1.250000
6190.000000	0.000000	0.609375
47490.042098	0.000007	0.204276
28.232889	0.000095	0.269715
2324.690232	0.000000	0.425154
3607.007836	0.000000	0.416163
3.000000	0.000000	0.618056
3206.280810	0.000000	0.417284
0.000000	0.000000	1.000000
0.000000	0.000000	1.000000
0.000000	0.000000	1.000000
0.000000	0.000000	1.000000
11924.222797	0.000000	0.362706
9284.000000	0.000000	0.364514
690.878598	0.000000	0.574375
40095.541667	0.000000	0.310497
12.519472	0.000000	0.442274
15101.956739	0.000007	0.296636
16164.864630	0.000007	0.335557
774.456593	0.000000	0.609375
0.000000	0.000000	1.187500
3096.000000	0.000000	0.546875
430.699142	0.000055	0.305753
0.000000	0.000001	0.618765
4740.587868	0.000767	0.102299
4178.118043	0.000311	0.174280
3098.732571	0.000003	0.368711
3096.000000	0.000009	0.408798
12.033503	0.000040	0.285631
0.000000	0.000000	1.222222
2.813492	0.000000	0.598765
5277.557331	0.000000	0.371528
0.000000	0.000000	1.250000
45.349612	0.001997	0.056874
19.774943	0.002717	0.047585
4.257779	0.000070	0.211278
2.620339	0.002331	0.052332
0.691408	0.001714	0.061364
0.000000	0.001198	0.076130
3.305915	0.002509	0.049540
2.485286	0.002276	0.052610
0.000000	0.000000	1.222222
3096.000000	0.000000	0.470947
53922.817226	0.000005	0.152038
744.397946	0.000000	0.231139
7895.313402	0.000000	0.310466
8037.348654	0.000000	0.290502
9013.791607	0.000000	0.249467
8037.348654	0.000000	0.290502
23522.172838	0.000000	0.295503
4378.057292	0.000007	0.247292
2278.439285	0.000011	0.175769
16330.343577	0.000528	0.071575
1197.477204	0.000884	0.060009
870.717254	0.001320	0.049573
153.404949	0.000852	0.059468
7539.674873	0.000001	0.365513
37.911004	0.000000	0.528468
4281.696869	0.000000	0.401667
11698.316170	0.000000	0.335699
159.013335	0.000002	0.231991
3238.680787	0.000000	0.551698
556.455932	0.000000	0.641080
213.703580	0.000000	0.469136
41.692969	0.000000	0.666667
6069.774784	0.000000	0.472222
9143.011472	0.000000	0.595556
41.692969	0.000000	0.666667
0.000000	0.000000	1.222222
0.000000	0.000000	1.160000
2958.404629	0.000253	0.130741
3370.734143	0.000000	0.316411
1253.818199	0.000000	0.242043
14760.025422	0.000001	0.160385
3096.000000	0.000000	0.447027
559.321348	0.000000	0.316912
2841.783966	0.000000	0.342652
2076.990385	0.000000	0.241356
0.000000	0.000000	1.222222
6190.000000	0.000000	0.473813
0.000000	0.000003	0.772377
0.975603	0.000003	0.579904
0.000000	0.000000	0.700624
0.000000	0.000027	0.482267
5.455405	0.000085	0.108800
0.000000	0.000000	1.160000
217.673237	0.000111	0.227843
225.366301	0.000012	0.117440
857.415365	0.000011	0.162779
1790.906967	0.000023	0.113255
308.868466	0.000217	0.140353
12843.377305	0.000017	0.166713
45.807103	0.000001	0.373183
3048.937284	0.000001	0.378066
348.892634	0.000003	0.226992
16011.172124	0.000180	0.135584
9283.467495	0.000000	0.390173
0.000000	0.000000	0.497191
557.286615	0.000009	0.180669
4502.387021	0.009335	0.015208
6244.700839	0.010674	0.014344
139.955422	0.000000	0.370833
0.500000	0.000000	0.750000
0.500000	0.000000	0.750000
0.500000	0.000000	0.750000
4730.833333	0.000000	0.454815
1650.558333	0.000000	0.434414
1648.500000	0.000000	0.450617
19297.650000	0.000000	0.312052
6844.166667	0.000000	0.401667
3302.503607	0.000000	0.377778
0.500000	0.000000	0.750000
1860.216667	0.000000	0.340278
4176.650000	0.000000	0.397014
2112.133333	0.000000	0.479678
5875.250000	0.000000	0.355154
1785.426465	0.001517	0.038829
5926.140517	0.006267	0.018540
18.881594	0.000000	0.492778
0.000000	0.000000	1.187500
1241.900000	0.000000	0.425456
0.000000	0.000000	0.676173
0.000000	0.000000	1.160000
7003.887095	0.008838	0.016250
801.009639	0.000748	0.135806
0.000000	0.000000	0.984375
6190.000000	0.000000	0.509885
0.000000	0.000000	0.984375
0.000000	0.000000	1.138889
3097.473844	0.000041	0.202925
92.912536	0.000208	0.135849
21.795399	0.000028	0.399165
12374.954302	0.000039	0.223914
4241.945488	0.001014	0.089355
141.964010	0.000446	0.079673
22.807774	0.000607	0.077137
0.000000	0.000000	0.773916
6.287879	0.000027	0.380811
7.844153	0.000040	0.242700
222.021286	0.000027	0.253676
0.000000	0.000003	0.733398
248.278840	0.000876	0.058140
487.159957	0.000006	0.188468
42.106662	0.000000	0.570216
22.984245	0.000000	0.486572
5297.513985	0.000000	0.343833
1.226190	0.000000	0.592971
8182.150066	0.000000	0.328877
1115.185564	0.000001	0.271527
62.819238	0.000001	0.287700
3730.492550	0.000000	0.330826
3242.956274	0.000000	0.264033
3302.268389	0.000000	0.259316
225.349578	0.000000	0.285159
225.349578	0.000000	0.285159
5605.774422	0.000000	0.263370
96.549009	0.000000	0.367370
1427.043943	0.000000	0.321916
3096.000000	0.000004	0.509600
430.281486	0.000899	0.060049
3096.000000	0.000000	0.555556
0.000000	0.000000	1.250000
6190.553959	0.000061	0.364636
0.000000	0.000025	1.012818
9702.137265	0.000000	0.321677
303.807362	0.000000	0.487006
1079.233979	0.000000	0.245896
3.599585	0.000000	0.646542
0.000000	0.000000	0.733844
3.599585	0.000000	0.646542
11578.535357	0.000000	0.285237
139.241282	0.000000	0.426649
2282.993141	0.000000	0.245577
3179.750042	0.000000	0.573951
0.000000	0.000000	0.862222
7152.221991	0.000001	0.415154
0.000000	0.000000	1.000000
0.000000	0.000000	1.000000
1.600000	0.000000	0.611875
31.800668	0.000416	0.106524
2067.051138	0.000865	0.074894
36.297695	0.000505	0.090463
4.264651	0.000046	0.193698
10.777007	0.000636	0.081882
98.418944	0.001530	0.047256
665.518901	0.001453	0.048627
1363.043608	0.002474	0.031961
3.298906	0.000155	0.116320
756.722591	0.003915	0.026227
19.026852	0.000850	0.059768
692.513418	0.002493	0.025335
15.460401	0.001325	0.049905
2.868888	0.000330	0.118959
3158.332298	0.000304	0.093250
581.169107	0.001988	0.039922
570.228288	0.004187	0.020917
5000.622446	0.005015	0.020313
1459.713311	0.002254	0.040569
13.194821	0.000002	0.278970
146.084308	0.000002	0.235285
0.000000	0.000002	0.329454
13.194821	0.000002	0.278970
95.685878	0.000000	0.255263
13.194821	0.000002	0.278970
1648.882200	0.000108	0.133957
13.194821	0.000002	0.278970
2059.678099	0.000040	0.155253
12.180775	0.000000	0.476806
2634.852949	0.000001	0.302264
4505.149416	0.000001	0.313184
1159.363978	0.000000	0.435232
2.683333	0.000000	0.636875
1660.048498	0.000001	0.301977
2010.900509	0.000000	0.289223
0.250000	0.000000	0.464779
0.000000	0.000000	0.509872
29.606823	0.000000	0.360407
60.728782	0.000000	0.346089
3145.179307	0.000000	0.294182
13945.888174	0.000000	0.350113
3142.370910	0.000000	0.374375
0.000000	0.000000	1.222222
0.000000	0.000000	1.250000
0.000000	0.000000	1.000000
0.000000	0.000000	1.000000
0.000000	0.000001	0.274536
29.666164	0.000003	0.167803
10.679806	0.000000	0.234909
268.829821	0.000004	0.135973
36.432383	0.000001	0.177703
17.939393	0.000003	0.193574
108.738062	0.000002	0.154976
1711.030996	0.000002	0.153262
182.370831	0.000001	0.213419
2508.193704	0.000010	0.128528
2459.161295	0.000003	0.164083
2518.954928	0.000003	0.160917
901.261168	0.000547	0.096984
3361.301262	0.000309	0.137635
3191.789210	0.000021	0.280807
3138.102378	0.000487	0.094251
107.468257	0.000001	0.365067
0.000000	0.000000	0.770612
16862.989085	0.000026	0.207106
39.205622	0.000000	0.399925
118.933922	0.000000	0.257711
25982.367110	0.000022	0.171973
4889.806360	0.000000	0.234256
10926.650733	0.000026	0.181895
5601.411993	0.000000	0.309123
1786.724920	0.000000	0.227993
6190.000000	0.000000	0.489149
917.415671	0.000000	0.304093
0.000000	0.000000	0.984375
0.000000	0.000000	0.984375
3707.326145	0.000000	0.229317
3122.219212	0.000000	0.308835
3964.958387	0.000000	0.203982
0.666667	0.000000	0.571701
9.299299	0.000000	0.380115
4289.664206	0.000026	0.235692
0.000000	0.000000	1.160000
9.727453	0.000000	0.351927
0.000000	0.000000	1.250000
1.000000	0.000000	0.500000
0.000000	0.000000	1.000000
0.000000	0.000000	1.000000
0.000000	0.000000	1.000000
0.000000	0.000000	1.000000
0.000000	0.000000	1.000000
0.000000	0.000000	1.000000
2.000000	0.000000	0.562500
0.000000	0.000000	1.250000
2.000000	0.000000	0.562500
0.000000	0.000000	1.000000
0.000000	0.000000	1.000000
4.148746	0.000156	0.130353
6.145525	0.000227	0.119622
9.004932	0.000054	0.159099
11.870731	0.000013	0.206758
3090.004484	0.000036	0.349355
3108.422137	0.000095	0.278509
9282.000000	0.000008	0.427083
16.143804	0.000012	0.349199
631.143593	0.000040	0.222233
2597.345652	0.000104	0.300410
0.000000	0.000000	0.894097
3096.000000	0.000000	0.548611
0.000000	0.000001	0.642848
5.069856	0.000003	0.285104
3001.752218	0.000010	0.228619
0.817100	0.000001	0.495061
62.243751	0.000009	0.295119
10.475480	0.000020	0.206843
1789.835857	0.001670	0.031353
1108.011907	0.006681	0.018255
1586.445584	0.007798	0.016784
415.540316	0.005927	0.020518
39.130958	0.000329	0.093931
11.154208	0.000490	0.077635
6.625413	0.000449	0.088881
1439.214746	0.001488	0.042847
43.071849	0.001324	0.051084
8922.916186	0.000137	0.177198
5169.654770	0.000467	0.140728
992.795023	0.001890	0.031973
5499.658314	0.002860	0.028726
3308.649760	0.001835	0.045902
3606.296094	0.001930	0.046290
1674.736934	0.000204	0.107193
107.917618	0.000174	0.147661
66.822773	0.000112	0.158832
18.481245	0.000007	0.256172
0.000000	0.000001	0.424795
112.025894	0.000173	0.143912
1610.389291	0.000184	0.103899
390.779725	0.000035	0.216465
482.218281	0.000362	0.073965
2812.342848	0.000047	0.099988
8696.217856	0.000097	0.120083
11751.112832	0.000263	0.056770
9318.155757	0.000158	0.060984
65.809379	0.000541	0.090782
0.567901	0.000080	0.223442
2.706501	0.000103	0.190848
34.206447	0.000576	0.100982
1596.697311	0.000582	0.060647
552.385999	0.001608	0.041880
31.471592	0.000713	0.070621
267.510248	0.001211	0.055027
238.687314	0.001400	0.063082
1509.021066	0.004519	0.022131
4516.731931	0.001201	0.051161
1565.620492	0.000959	0.061628
1621.275012	0.001421	0.046272
2623.417716	0.004949	0.023680
0.000000	0.000000	0.848073
0.500000	0.000000	0.669359
21640.500000	0.000000	0.334888
2.500000	0.000000	0.531463
96.040254	0.006254	0.021233
396.146592	0.001123	0.038853
30364.992479	0.003928	0.027306
458.307283	0.000000	0.488724
0.000000	0.000000	1.000000
0.000000	0.000000	1.000000
0.000000	0.000000	1.222222
3248.515611	0.000000	0.378858
0.000000	0.000000	1.160000
0.000000	0.000000	1.222222
9355.307545	0.000000	0.378858
0.000000	0.000000	1.000000
0.000000	0.000000	1.000000
1330.620896	0.000009	0.194496
19.798517	0.000000	0.217926
142.090766	0.000000	0.291187
0.531691	0.000000	0.352149
9211.007502	0.000137	0.214148
44.410780	0.000387	0.118249
12.414783	0.001564	0.062700
4026.001056	0.000014	0.233707
1599.187499	0.000013	0.267174
0.933578	0.000309	0.159322
289.016683	0.000002	0.355366
131.560603	0.000000	0.303992
11.906478	0.000000	0.263891
318.723304	0.000000	0.268680
1554.570965	0.000000	0.231291
1417.337883	0.000022	0.340118
2615.607565	0.000022	0.320312
956.032664	0.000000	0.266573
2123.263437	0.000000	0.386908
74.101539	0.000000	0.392937
0.000000	0.000000	0.791389
4109.747375	0.000000	0.374044
1.150000	0.000000	0.589844
1.699206	0.000000	0.410964
0.000000	0.000000	1.250000
0.000000	0.000000	1.250000
0.000000	0.000000	1.000000
0.000000	0.000000	1.000000
0.500000	0.000000	0.671875
4.995516	0.000000	0.652500
0.000000	0.000000	1.222222
0.000000	0.000000	0.811389
133.784495	0.000001	0.554986
0.000000	0.000000	0.739149
291.107810	0.001051	0.038891
282.375470	0.005833	0.020832
170.856162	0.000864	0.041575
49.821375	0.002182	0.032379
51.503559	0.001908	0.033047
2799.439634	0.001819	0.032412
2836.949232	0.004226	0.023252
4151.061529	0.005428	0.020623
4275.690444	0.005385	0.020986
2257.236657	0.004928	0.022504
5643.034243	0.004192	0.023124
2737.630553	0.003963	0.023636
5763.109039	0.001505	0.035777
1413.605732	0.000660	0.046916
4979.890677	0.000675	0.048635
21.709176	0.001856	0.035768
260.647795	0.006005	0.020839
728.395052	0.001536	0.033615
27.125559	0.001657	0.036173
4095.753047	0.001300	0.035037
8062.753036	0.002357	0.029996
5254.155330	0.005911	0.020090
8613.369966	0.005994	0.019205
73.178696	0.000059	0.110830
5696.805933	0.000583	0.084048
2199.060473	0.000268	0.151896
3444.149619	0.000428	0.099632
2423.213534	0.000378	0.063089
286.948122	0.000614	0.079879
12550.082521	0.000033	0.163366
245.941894	0.006281	0.021304
577.065468	0.006621	0.020097
15744.980731	0.000149	0.085427
840.464446	0.000086	0.143847
3885.016402	0.000201	0.113853
0.000000	0.000000	0.848073
0.500000	0.000000	0.669359
1037.083283	0.000182	0.112833
7952.280790	0.000137	0.068428
149.116103	0.000449	0.084812
73.294176	0.000517	0.081150
174.937472	0.000439	0.078470
6279.076885	0.000986	0.070004
3952.684689	0.000330	0.156759
60.072145	0.004420	0.024791
305.007526	0.004442	0.022447
208.045952	0.000025	0.371386
0.000000	0.000001	0.749354
3205.477496	0.000000	0.384983
0.000000	0.000072	0.514946
3491.853952	0.000000	0.263952
0.000000	0.000000	1.222222
3096.000000	0.000005	0.370494
9.774555	0.000000	0.481115
8349.536395	0.000143	0.215165
1.294977	0.000734	0.095404
0.000000	0.000000	1.160000
0.000000	0.000000	1.000000
0.000000	0.000000	1.000000
0.000000	0.000000	1.000000
0.000000	0.000000	1.000000
0.000000	0.000000	1.000000
0.000000	0.000000	1.000000
0.000000	0.000000	1.000000
0.000000	0.000000	1.000000
0.000000	0.000000	1.000000
0.000000	0.000000	1.000000
10052.004013	0.000000	0.421514
3843.985995	0.000000	0.401558
19729.340872	0.000052	0.118667
8571.788243	0.000000	0.323619
7327.845943	0.000000	0.275023
75.929956	0.000000	0.514660
317.987489	0.000000	0.385424
62.769982	0.000003	0.203018
15.719036	0.000001	0.247837
32.676526	0.000001	0.204259
83.026416	0.000001	0.242102
765.916669	0.000005	0.170543
2719.183722	0.000112	0.088791
19984.906433	0.000202	0.082843
1112.539544	0.000001	0.136785
1306.410908	0.000002	0.133194
6877.523039	0.000025	0.090230
98.246261	0.000001	0.326214
971.396643	0.000001	0.149866
4078.733303	0.000002	0.160485
7822.527590	0.000167	0.185654
4431.687853	0.000128	0.179614
3041.844591	0.000044	0.120727
3671.665900	0.000055	0.108151
219.972437	0.000007	0.150717
1926.088633	0.000000	0.235005
8832.535826	0.000001	0.192583
2783.312308	0.000004	0.183190
4317.380538	0.000002	0.146603
0.000000	0.000000	0.585884
151.273432	0.000000	0.264326
1380.894522	0.000000	0.328323
2385.892012	0.000000	0.188194
3960.130544	0.000005	0.129222
2665.190272	0.000004	0.189836
9.448107	0.000000	0.399825
18941.866181	0.000003	0.185431
9.184460	0.000000	0.381444
8074.002636	0.000003	0.251554
2885.638497	0.000000	0.340674
1.833333	0.000000	0.514660
0.000000	0.000000	1.000000
0.000000	0.000000	1.000000
0.261793	0.000053	0.320561
3234.080401	0.000299	0.154970
4199.184969	0.000001	0.251440
2260.588303	0.000002	0.345514
2029.815041	0.000000	0.229312
346.724529	0.000000	0.287797
318.823370	0.000000	0.265756
109.931549	0.000000	0.277006
2188.365692	0.000000	0.181875
24.627055	0.000000	0.277513
2899.110266	0.000000	0.271440
534.179871	0.000001	0.161955
23101.250759	0.000011	0.135077
2287.336771	0.000008	0.127273
380.056066	0.000065	0.099647
2063.729206	0.000570	0.056984
11021.859163	0.000251	0.057352
9815.631510	0.000006	0.117946
20688.049592	0.001677	0.033679
5.284211	0.000000	0.303759
2.452273	0.000000	0.452548
48.819107	0.000000	0.321746
4.540705	0.000000	0.462939
2.016709	0.000000	0.411265
2788.184728	0.000000	0.203799
18.031653	0.000000	0.296070
3125.213614	0.000000	0.275389
472.995325	0.000000	0.189848
0.000000	0.000000	0.777344
82.406685	0.000000	0.444167
2061.763466	0.000000	0.269128
1618.641827	0.000000	0.214698
114.347642	0.000012	0.152127
66.818452	0.000020	0.117291
5678.705252	0.000059	0.107434
7695.632272	0.000004	0.149314
1400.358353	0.000018	0.185405
3341.082266	0.000026	0.104147
3389.374203	0.000031	0.100421
4026.949595	0.000001	0.124264
5106.976220	0.000053	0.129674
11744.774696	0.000084	0.076313
547.229566	0.000006	0.131714
1950.447377	0.000022	0.122592
624.612821	0.000120	0.072972
10.809231	0.002107	0.035073
3408.090163	0.002495	0.027497
7.466354	0.000906	0.047672
13.682276	0.001519	0.038437
90.801029	0.001300	0.040641
19.583264	0.001543	0.037834
8.916611	0.002497	0.035538
3936.695600	0.000614	0.083489
144.047526	0.000001	0.400300
0.000000	0.000000	1.122449
5796.503879	0.000000	0.260189
0.000000	0.000000	0.792969
4062.669686	0.000000	0.311151
11.034037	0.000000	0.508289
1899.586313	0.000000	0.327270
0.666667	0.000000	0.556512
3601.961506	0.000000	0.285467
3831.385928	0.000000	0.253402
2540.111454	0.000000	0.320346
1769.486229	0.000007	0.201121
11.760319	0.000012	0.234627
341.130083	0.000070	0.213579
2627.841648	0.000034	0.098543
42.857578	0.000000	0.225443
3277.507159	0.000003	0.190080
959.780877	0.000000	0.247218
4024.598871	0.000003	0.196546
727.546186	0.000000	0.159050
268.838262	0.000000	0.217550
900.053090	0.000000	0.171436
7037.064819	0.000000	0.162099
4000.393022	0.000003	0.148375
11274.621110	0.000069	0.103504
678.251819	0.001254	0.057310
237.047792	0.000035	0.156701
0.822568	0.000003	0.311645
1272.924215	0.000116	0.128834
8013.359323	0.000000	0.212150
300.657794	0.000007	0.196145
565.034769	0.000225	0.090645
214.920841	0.000213	0.113948
1659.602093	0.000374	0.074669
101.754642	0.000068	0.132506
602.554581	0.001521	0.046296
2240.438150	0.000000	0.201144
3353.976195	0.000000	0.227874
16641.379309	0.000004	0.157114
1.441491	0.000003	0.402332
1.911147	0.000002	0.390976
15273.830551	0.000438	0.093271
24842.420184	0.001114	0.053263
0.000000	0.000000	0.843750
9223.856009	0.000000	0.463108
0.000000	0.000000	1.187500
48.362985	0.000000	0.559992
4937.653469	0.000002	0.317845
12753.201291	0.000000	0.357292
0.000000	0.000000	1.222222
3096.000000	0.000000	0.470247
17664.214458	0.000125	0.278120
3148.847678	0.000000	0.388520
3044.040939	0.000000	0.438403
4937.716044	0.000005	0.311345
5418.384368	0.000006	0.284228
29.096172	0.000000	0.507287
3240.060943	0.000000	0.365672
14.000117	0.000000	0.434306
4353.570764	0.000002	0.307662
13100.385301	0.000536	0.165851
1539.589505	0.000002	0.395422
0.000000	0.000002	0.674969
0.000000	0.000004	0.531546
1780.869362	0.000012	0.353098
2.667585	0.000000	0.456597
1952.497612	0.000001	0.302024
1784.858784	0.000001	0.318107
11.662727	0.000000	0.295825
4.994976	0.000001	0.428688
80.898957	0.000001	0.259370
888.718763	0.000001	0.284957
91.965299	0.000001	0.253122
9255.000000	0.000001	0.513206
6184.000000	0.000000	0.539082
6184.000000	0.000000	0.539082
13402.583333	0.000001	0.336415
9282.500000	0.000000	0.447222
1.866667	0.000000	0.513302
3356.317305	0.000020	0.346272
815.205576	0.000001	0.246834
0.000000	0.000000	0.895556
0.500000	0.000000	0.773333
0.000000	0.000000	0.895556
78.129330	0.000001	0.345633
4.000000	0.000000	0.555556
0.000000	0.000000	1.250000
6.500000	0.000000	0.472222
0.000000	0.000000	1.000000
0.000000	0.000000	1.000000
0.000000	0.000000	1.000000
0.000000	0.000000	1.000000
0.000000	0.000000	1.000000
0.000000	0.000000	1.000000
0.000000	0.000000	1.000000
0.000000	0.000000	1.000000
0.000000	0.000000	1.000000
0.000000	0.000000	1.000000
0.000000	0.000000	1.187500
3096.504719	0.000013	0.349362
0.000000	0.000000	1.000000
0.000000	0.000000	1.000000
6.370443	0.000032	0.476161
12372.000000	0.000001	0.602500
9282.000000	0.000000	0.625000
6190.000000	0.000000	0.625000
3096.000000	0.000000	0.562500
0.000000	0.000000	1.250000
4.000000	0.000000	0.555556
0.000000	0.000000	0.944444
4.000000	0.000000	0.570988
6.000000	0.000000	0.598765
984.104434	0.000001	0.528889
0.000000	0.000000	1.187500
3096.924242	0.000000	0.478733
3096.000000	0.000000	0.555556
0.000000	0.000000	1.250000
8305.677574	0.000004	0.486376
2.350580	0.000000	0.547520
84.675875	0.000171	0.132735
0.000000	0.000000	0.778537
0.000000	0.000000	0.777344
293.766223	0.000000	0.438242
7863.947389	0.000001	0.207654
8532.331078	0.000012	0.150211
336.928481	0.000000	0.284713
6190.000000	0.000000	0.380350
3225.044656	0.000000	0.263453
1506.214400	0.000001	0.214430
14.725217	0.000000	0.400572
3665.938247	0.000000	0.310907
16833.856577	0.000000	0.267430
392.606061	0.000000	0.360933
4355.787954	0.000000	0.341787
0.533333	0.000000	0.585550
812.129363	0.000000	0.219452
4927.272801	0.000000	0.244613
15.059491	0.000000	0.446060
3337.315858	0.000000	0.197535
255.973976	0.000000	0.151147
217.265330	0.000000	0.171246
12.900198	0.000000	0.218955
345.921374	0.000000	0.155388
157.108520	0.000001	0.139855
641.232967	0.000000	0.127258
0.826426	0.000000	0.294857
3602.357829	0.000001	0.201010
42.020118	0.000000	0.190769
6.349272	0.000000	0.265591
107.842702	0.000000	0.274176
3103.879208	0.000000	0.349190
1395.251472	0.000000	0.479052
2.666667	0.000000	0.448253
0.000000	0.000000	1.160000
5078.459426	0.000000	0.248853
80.217938	0.000000	0.275719
4979.553502	0.000004	0.126593
4539.300779	0.000019	0.100191
393.676502	0.000018	0.159446
5.207627	0.000001	0.366789
507.435940	0.000000	0.258513
766.282381	0.000000	0.261117
1028.550968	0.000000	0.223807
25520.402767	0.000002	0.171848
4587.905720	0.000017	0.133025
999.432897	0.000473	0.050879
2961.113592	0.000512	0.086073
1867.437609	0.000659	0.071397
791.517713	0.000715	0.078717
3231.191653	0.001050	0.067044
1639.185921	0.000017	0.123239
344.341339	0.000001	0.152376
13465.730443	0.000029	0.121982
4051.806031	0.000000	0.280695
351.910919	0.000000	0.329362
1493.416035	0.000008	0.143966
0.000000	0.000000	1.222222
3096.000000	0.000027	0.355637
63.673522	0.001062	0.055681
62.173663	0.001050	0.057004
56.212440	0.000804	0.092759
146.475608	0.000529	0.129084
0.642857	0.000000	0.562153
1322.202308	0.000009	0.455598
0.000000	0.000000	0.831597
297.771357	0.000000	0.439128
624.429113	0.000001	0.336629
8229.500000	0.000001	0.458550
2.583333	0.000000	0.585979
2068.250000	0.000000	0.515298
1029.333333	0.000000	0.610469
306.420778	0.000007	0.359145
86.565453	0.000007	0.557385
1.500000	0.000000	0.701389
1.500000	0.000000	0.701389
0.500000	0.000000	0.750000
0.000000	0.000000	1.000000
0.000000	0.000000	1.000000
0.000000	0.000000	1.250000
0.000000	0.000000	1.222222
0.000000	0.000000	0.875000
3096.000000	0.000000	0.546875
0.000000	0.000000	1.250000
166.930603	0.000152	0.128047
6.470197	0.000000	0.544153
227.862440	0.000000	0.346822
4542.543202	0.000000	0.262105
56.778277	0.000000	0.347304
0.000000	0.000000	1.138889
0.833333	0.000000	0.638889
3747.119068	0.000000	0.199549
6447.046418	0.000000	0.230419
20389.481015	0.000049	0.129594
7385.876154	0.000000	0.170579
115.965490	0.000000	0.311636
883.728662	0.000000	0.188435
149.640491	0.000000	0.183391
0.500000	0.000000	0.652500
9408.808578	0.000049	0.166635
7153.009810	0.000045	0.089340
566.929316	0.000002	0.136752
3405.997616	0.000026	0.134024
1461.656745	0.000000	0.275010
38386.487484	0.000001	0.188352
7269.622742	0.000101	0.092366
623.492696	0.000024	0.091434
8631.228688	0.000096	0.076116
3153.220492	0.000091	0.097389
10765.719593	0.000000	0.156185
86.228288	0.000000	0.179872
2545.381952	0.000009	0.121518
3643.794592	0.000012	0.116469
1190.882935	0.000000	0.186377
2320.582862	0.000012	0.136876
6178.415268	0.000000	0.239303
423.553467	0.000000	0.178241
816.513803	0.000136	0.127421
156.203288	0.000042	0.116968
5292.889616	0.000022	0.124974
2048.700701	0.000026	0.132110
2075.145314	0.000142	0.108825
2148.125071	0.000073	0.105156
2029.787095	0.000839	0.052427
31532.529060	0.000126	0.118416
14856.041288	0.000000	0.318079
88.471353	0.000073	0.111656
64.416781	0.001033	0.056018
113.003511	0.000315	0.078450
1568.462088	0.000757	0.058421
411.198373	0.000257	0.078970
28.281460	0.000630	0.076656
14.936417	0.000517	0.083495
28628.633914	0.000120	0.157231
6961.680514	0.000757	0.093531
0.000000	0.000000	0.861875
0.000000	0.000000	1.000000
0.000000	0.000000	1.000000
0.666667	0.000000	0.590712
3.000000	0.000000	0.479840
1.333333	0.000000	0.536423
0.666667	0.000000	0.599667
0.666667	0.000000	0.599667
27.018360	0.000000	0.394766
360.600539	0.000001	0.300788
19608.683635	0.000022	0.160822
10.833333	0.000000	0.382937
1.333333	0.000000	0.538469
0.000000	0.000000	0.763889
3410.943251	0.000000	0.351253
2472.557307	0.000000	0.198753
3368.447873	0.000000	0.202277
9.903417	0.000000	0.572065
0.000000	0.000000	0.803489
11167.785149	0.000043	0.156907
2944.294797	0.000000	0.227500
9412.425522	0.000026	0.175952
2618.179767	0.000000	0.233034
11.224622	0.000000	0.281859
6.165623	0.000000	0.295926
3332.503671	0.000000	0.228808
2990.334200	0.000000	0.243848
11.224622	0.000000	0.281859
6.054511	0.000000	0.308338
10.377044	0.000000	0.279652
1759.037455	0.000000	0.342580
5.001990	0.000000	0.559585
2673.340822	0.000000	0.249015
117.418927	0.000000	0.215022
3097.653575	0.000000	0.364583
22023.320246	0.000000	0.214599
18463.204842	0.000000	0.272112
1333.416054	0.000018	0.235335
1430.767853	0.000017	0.231411
17749.943330	0.000103	0.165145
248.325744	0.000001	0.264434
10588.699857	0.000000	0.565334
2024.075939	0.000000	0.421066
8414.214975	0.000000	0.336097
9335.435368	0.000000	0.330679
84.318752	0.000030	0.203149
3293.629693	0.000423	0.077767
2237.911591	0.000462	0.073347
534.334864	0.000000	0.309275
2.353968	0.000000	0.279567
936.266487	0.000000	0.315435
1811.118681	0.000000	0.283298
121.343761	0.000000	0.226808
4.007516	0.000000	0.373577
1110.638718	0.000000	0.249507
33.639853	0.000000	0.408785
5180.104204	0.000001	0.213739
22.587858	0.000000	0.321499
4357.693393	0.000001	0.201062
153.659129	0.000002	0.238242
1301.234112	0.000000	0.234581
7822.024061	0.000000	0.272473
3089.557809	0.000001	0.232448
91.975171	0.000000	0.644097
3167.246798	0.000000	0.300017
4.000000	0.000000	0.555556
0.000000	0.000000	1.250000
6.500000	0.000000	0.472222
1418.842506	0.000142	0.121391
617.407564	0.001322	0.063984
1420.915920	0.000217	0.098014
1868.274381	0.000162	0.100247
5567.690918	0.000518	0.067595
2543.197344	0.000342	0.134325
27.213923	0.000003	0.165408
18.668346	0.000008	0.149637
158.222696	0.000019	0.123714
5420.295942	0.000065	0.200026
13076.682209	0.000067	0.145504
5914.200827	0.000000	0.356945
0.000000	0.000000	0.935764
0.833333	0.000000	0.739969
3.666667	0.000000	0.538194
2.166667	0.000000	0.582562
0.000000	0.000000	0.861875
3.000000	0.000000	0.562222
1.000000	0.000000	0.652274
0.000000	0.000000	0.861875
1.000000	0.000000	0.652274
0.000000	0.000000	0.762222
1.893050	0.000002	0.216889
153.415484	0.000028	0.119522
50.271642	0.000006	0.145105
349.742290	0.000016	0.142019
567.173058	0.000109	0.116973
39.292768	0.000006	0.144444
49.512526	0.000007	0.142491
426.893345	0.000109	0.118273
49.370369	0.000007	0.141029
233.568947	0.000015	0.169848
437.660173	0.000414	0.108833
2020.780351	0.000079	0.140941
51.938722	0.000020	0.217186
1210.003205	0.000057	0.100167
329.032190	0.000000	0.267220
2443.187245	0.000000	0.180488
550.964677	0.000000	0.169876
734.730187	0.000003	0.186029
1157.496920	0.000001	0.146086
1010.672101	0.000004	0.166964
3950.409063	0.000003	0.227537
14.148639	0.000000	0.219882
162.876616	0.000001	0.198692
10.547306	0.000000	0.479499
162.876616	0.000001	0.198692
79.798639	0.000001	0.205789
0.000000	0.000000	0.578408
0.583333	0.000000	0.510014
4128.219688	0.000000	0.344646
6287.230674	0.000000	0.336998
4.015581	0.000000	0.443841
3.771094	0.000000	0.423980
94.232721	0.000014	0.139870
7.824086	0.000006	0.165369
647.214431	0.000032	0.122362
627.527100	0.000008	0.112084
9.033244	0.000001	0.196455
351.060918	0.000000	0.217016
809.598719	0.000001	0.172965
39.350810	0.000001	0.193391
120.559724	0.000001	0.207945
46708.173133	0.000003	0.194748
2695.829245	0.000000	0.252992
5056.852970	0.000000	0.226914
23.601799	0.000000	0.292455
7304.219314	0.000000	0.241505
1628.880532	0.000000	0.272914
6090.015958	0.000000	0.256185
12.401854	0.000000	0.287615
6.371825	0.000000	0.363457
0.416667	0.000000	0.410341
2.248413	0.000000	0.347768
4477.676167	0.000000	0.285517
12.512725	0.000391	0.090183
231.276268	0.000179	0.096947
0.000000	0.000000	0.680525
0.320185	0.000163	0.113641
13.205658	0.000507	0.086983
4.460539	0.000306	0.103272
11.512795	0.000544	0.086903
25.855785	0.000333	0.186165
0.429438	0.000496	0.110673
179.428417	0.000065	0.198184
134.484904	0.000435	0.115613
5687.764073	0.000019	0.335198
745.444048	0.000093	0.226881
37.032508	0.000020	0.344805
3110.227507	0.000127	0.189210
3715.850690	0.000003	0.380841
6190.000000	0.000000	0.609375
15466.000000	0.000001	0.424275
3096.000000	0.000000	0.562500
0.000000	0.000000	0.984375
0.000000	0.000000	0.984375
0.000000	0.000000	1.000000
0.000000	0.000000	1.000000
1.333333	0.000000	0.638117
0.500000	0.000000	0.669753
7.750000	0.000000	0.483524
12.000000	0.000000	0.420802
1.333333	0.000000	0.638117
0.000000	0.000000	1.250000
7.000000	0.000000	0.546875
14.000000	0.000000	0.392639
13.500000	0.000000	0.362344
13.333333	0.000000	0.405556
0.000000	0.000000	1.187500
1.750000	0.000000	0.648488
0.500000	0.000000	0.691852
8.500000	0.000000	0.480833
1.500000	0.000000	0.644097
0.000000	0.000000	1.000000
0.000000	0.000000	1.000000
2.000000	0.000000	0.625000
2.000000	0.000000	0.559136
0.000000	0.000000	1.250000
1.000000	0.000000	0.500000
0.000000	0.000000	1.000000
0.000000	0.000000	1.000000
0.000000	0.000000	1.250000
0.000000	0.000000	1.250000
3096.000000	0.000000	0.555556
6190.000000	0.000005	0.461848
0.000000	0.000000	0.848073
0.500000	0.000000	0.669359
0.000000	0.000000	1.187500
1208.029946	0.000000	0.535599
3385.809847	0.000000	0.496165
2.000000	0.000000	0.584262
6312.782896	0.000000	0.308072
0.000000	0.000000	0.868056
0.000000	0.000000	0.868056
0.500000	0.000000	0.756173
2885.585643	0.000002	0.300439
148.835296	0.000000	0.326455
4913.377274	0.000000	0.272367
17.289573	0.000000	0.320911
1.500000	0.000000	0.701389
1.500000	0.000000	0.701389
0.500000	0.000000	0.750000
135.467097	0.000005	0.308874
159.310306	0.000000	0.353357
0.833333	0.000000	0.671875
0.500000	0.000000	0.701389
109.150171	0.000007	0.196589
40.085777	0.000005	0.296211
7.972205	0.000022	0.152567
54.918169	0.000023	0.134774
5.285385	0.000003	0.253777
173.455045	0.000038	0.108885
1.327883	0.000000	0.397067
268.525572	0.000000	0.298634
75.320228	0.000000	0.220922
180.049631	0.000010	0.161592
82.398376	0.000028	0.109842
936.714760	0.000094	0.114894
1065.828716	0.000001	0.176425
161.461776	0.000000	0.238329
1.238889	0.000000	0.386958
109.796512	0.000062	0.113413
2757.630422	0.000039	0.124472
528.427895	0.000421	0.102831
210.751191	0.000384	0.099999
17.150737	0.000006	0.300985
0.205217	0.000001	0.382290
16.274862	0.000005	0.358159
6.754343	0.000002	0.298109
1773.898081	0.000161	0.153610
1881.281107	0.000165	0.115492
97.242444	0.000007	0.182281
12372.515361	0.000236	0.193011
2686.619146	0.000272	0.138375
2177.102832	0.000232	0.162981
26.135842	0.000230	0.197454
22.930684	0.000195	0.215416
9282.000000	0.000001	0.593112
6190.000000	0.000000	0.625000
3096.000000	0.000000	0.562500
3096.000000	0.000003	0.373241
107.742957	0.000000	0.464844
27.053993	0.000000	0.570747
91.871449	0.000122	0.260783
0.000000	0.000000	1.250000
0.000000	0.000000	0.831597
0.000000	0.000000	1.250000
16836.132902	0.000028	0.318715
3.407432	0.000028	0.369294
7.750000	0.000000	0.483524
0.750000	0.000000	0.677037
0.000000	0.000000	1.000000
0.000000	0.000000	1.000000
13.500000	0.000000	0.362344
0.500000	0.000000	0.750000
1.500000	0.000000	0.701389
1.500000	0.000000	0.701389
6.500000	0.000000	0.472222
0.000000	0.000000	1.222222
3096.000000	0.000001	0.445988
13.325896	0.000007	0.452064
43.728908	0.000007	0.453511
0.000000	0.000000	1.250000
3.000000	0.000000	0.555556
0.000000	0.000000	1.222222
5.000000	0.000000	0.361111
4.000000	0.000000	0.555556
0.000000	0.000000	1.250000
0.000000	0.000000	1.250000
1.000000	0.000000	0.500000
7150.674196	0.000082	0.228421
3096.000000	0.000000	0.534722
11.684532	0.000014	0.384870
186.209169	0.000043	0.285798
6.230156	0.000002	0.333239
126.436992	0.000002	0.315606
1320.667017	0.000077	0.148445
0.609736	0.000000	0.544722
8342.006177	0.000001	0.235272
41495.391416	0.000001	0.180494
737.228999	0.000072	0.200809
0.000000	0.000000	1.098765
730.785910	0.000086	0.119342
8453.872290	0.000233	0.092748
463.750305	0.000043	0.234939
329.856213	0.000242	0.139446
14452.762710	0.000197	0.163978
169.088412	0.000172	0.162092
2589.435025	0.000004	0.237312
5684.404298	0.000004	0.224969
1641.305204	0.000004	0.209844
111.711534	0.000002	0.185357
0.284212	0.000001	0.365579
11315.766115	0.000084	0.098382
2218.325490	0.000037	0.133018
1583.590167	0.000054	0.151370
4149.745598	0.000002	0.450123
1176.630272	0.000000	0.406636
6646.510908	0.000007	0.163042
5428.785930	0.000004	0.168107
2162.437564	0.000001	0.206829
7984.715171	0.000195	0.095536
1057.235151	0.000001	0.188181
7549.484970	0.000007	0.132792
23.209617	0.000000	0.611111
1985.481287	0.000003	0.277469
1785.917674	0.000024	0.163557
0.000000	0.000000	1.187500
14181.170394	0.000000	0.267513
1.000000	0.000000	0.500000
0.000000	0.000000	1.250000
0.000000	0.000000	1.250000
0.000000	0.000000	1.187500
0.000000	0.000000	1.222222
0.500000	0.000000	0.750000
0.500000	0.000000	0.750000
0.500000	0.000000	0.750000
0.500000	0.000000	0.750000
0.000000	0.000000	1.250000
0.000000	0.000000	1.000000
0.000000	0.000000	1.000000
0.000000	0.000000	1.125000
0.000000	0.000000	1.125000
0.000000	0.000000	1.125000
3096.000000	0.000000	0.540000
10.494758	0.000002	0.507542
10.494758	0.000002	0.507542
0.000000	0.000000	0.624043
0.000000	0.000000	0.624043
0.000000	0.000000	1.000000
0.000000	0.000000	1.000000
0.000000	0.000000	1.250000
3096.000000	0.000000	0.562500
6190.000000	0.000000	0.618056
0.000000	0.000000	1.250000
0.500000	0.000000	0.750000
0.500000	0.000000	0.750000
0.500000	0.000000	0.750000
0.500000	0.000000	0.750000
9282.000000	0.000000	0.558642
95.374541	0.000000	0.580247
13269.589150	0.000000	0.580247
2189.077517	0.000000	0.435185
2783.786812	0.000000	0.611111
18841.546521	0.000000	0.435185
5864.120146	0.000000	0.448317
1547.500000	0.000000	0.749228
9282.000000	0.000000	0.434132
1547.500000	0.000000	0.749228
0.000000	0.000000	1.000000
6181.680952	0.000000	0.336186
6191.344048	0.000000	0.322421
1015.320104	0.000000	0.268790
565.369777	0.000000	0.318513
3.516667	0.000000	0.351678
434.555685	0.000000	0.336210
74.085537	0.000002	0.497415
4.144308	0.000000	0.439968
696.267758	0.000014	0.204975
576.762626	0.000065	0.171907
714.475197	0.000088	0.126416
0.595833	0.000000	0.536407
5.000000	0.000000	0.436684
1.166667	0.000000	0.402866
2115.465015	0.000000	0.305550
0.000000	0.000182	0.253097
43705.300933	0.000073	0.260670
11.224510	0.000001	0.285203
0.000000	0.000000	1.138889
12.288589	0.000015	0.287890
882.693619	0.000000	0.330619
1815.082409	0.000000	0.237475
3243.527805	0.000001	0.189524
214.687375	0.000010	0.185087
3377.050896	0.000242	0.151334
187.748639	0.000001	0.355753
28.694542	0.000007	0.235948
6819.407867	0.000000	0.233049
1320.892171	0.000000	0.288891
187.845820	0.000000	0.243992
6190.626425	0.000000	0.378284
177.871131	0.000000	0.263378
6625.712900	0.000001	0.221126
1154.722241	0.000000	0.403274
22.440518	0.000000	0.387059
66.505835	0.000000	0.305168
10.228622	0.000000	0.500389
748.381050	0.000021	0.230269
1440.593382	0.000087	0.210448
3122.003778	0.000002	0.238675
8630.797019	0.000248	0.122712
0.000000	0.000000	1.250000
1.000000	0.000000	0.500000
0.000000	0.000000	1.250000
5041.444628	0.000000	0.388889
2.399941	0.000000	0.452377
1191.259509	0.000514	0.149486
0.000000	0.000000	1.222222
0.000000	0.000000	0.483812
0.000000	0.000000	0.483812
2059.421192	0.000000	0.292869
2059.421192	0.000000	0.292869
2121.190139	0.000000	0.279641
159.357089	0.000000	0.367350
39.561645	0.000039	0.422155
0.000000	0.000004	0.564900
628.363429	0.000000	0.223575
27.949940	0.000000	0.290789
3324.411366	0.000000	0.195487
2323.397180	0.000000	0.210446
1.000000	0.000000	0.500000
0.000000	0.000000	1.250000
0.000000	0.000000	1.250000
10474.142395	0.000001	0.161783
577.903136	0.000000	0.266620
28.861368	0.000000	0.221898
1019.164985	0.000000	0.234121
0.000000	0.000000	1.034722
0.000000	0.000000	1.034722
0.000000	0.000000	1.125000
0.000000	0.000000	1.125000
0.000000	0.000000	1.125000
0.000000	0.000000	1.250000
1.000000	0.000000	0.500000
0.000000	0.000000	0.836875
23.510021	0.000000	0.480649
4605.287805	0.000000	0.387834
1684.022411	0.000000	0.341616
169.181171	0.000000	0.362791
5866.882837	0.000002	0.164227
0.000000	0.000000	1.250000
0.000000	0.000000	1.000000
0.000000	0.000000	1.000000
3096.000000	0.000000	0.462191
0.000000	0.000000	1.222222
1617.384962	0.000000	0.375278
12261.218924	0.000000	0.323141
7.091174	0.000000	0.372324
10324.404693	0.000053	0.196189
0.000000	0.000000	0.527804
13200.276602	0.000053	0.203440
0.000000	0.000000	1.000000
0.000000	0.000000	1.000000
2198.490488	0.000080	0.251000
688.295594	0.000053	0.292737
401.266530	0.000220	0.158799
42082.277797	0.000342	0.115418
3.993922	0.000002	0.284939
0.000000	0.000027	1.011110
0.000000	0.000000	1.250000
0.000000	0.000005	1.033294
21920.213188	0.000000	0.595556
2099.160253	0.000000	0.399693
7620.903308	0.000121	0.182932
1.139683	0.000000	0.382516
0.000000	0.000000	1.000000
0.000000	0.000000	1.000000
0.000000	0.000000	0.428416
0.000000	0.000000	0.952500
0.000000	0.000000	0.952500
23.612218	0.000000	0.350748
0.000000	0.000004	0.701071
12.523981	0.000019	0.386330
1924.296643	0.000044	0.181044
0.000000	0.000001	0.530541
121.975121	0.000020	0.277178
0.333333	0.000000	0.483563
0.166667	0.000000	0.471298
38.070771	0.000001	0.396419
3054.668359	0.000198	0.126014
8110.376728	0.000003	0.573307
228.627089	0.000000	0.274717
1520.831056	0.000000	0.240218
3888.157418	0.000001	0.203674
5894.940624	0.000001	0.206921
973.780118	0.000006	0.243606
425.746981	0.000001	0.239483
1240.300179	0.000001	0.208449
5938.527262	0.000054	0.146454
0.000000	0.000000	1.000000
0.000000	0.000000	1.000000
1.333333	0.000000	0.644097
1497.871981	0.000000	0.543210
1731.380624	0.000000	0.303169
0.000000	0.000001	0.367522
1490.564483	0.000000	0.582829
12282.344472	0.000028	0.232934
18047.810454	0.000035	0.222820
0.000000	0.000000	1.000000
0.000000	0.000000	1.000000
0.000000	0.000000	0.753580
0.000000	0.000000	1.000000
0.000000	0.000000	1.000000
0.000000	0.000000	1.000000
0.000000	0.000000	1.000000
40.638729	0.000000	0.304823
0.000000	0.000000	1.222222
3096.000000	0.000000	0.440907
0.000000	0.000000	0.935764
29.239450	0.000000	0.675154
3293.851065	0.000000	0.477153
0.000000	0.000001	0.811389
139.801673	0.000020	0.532332
2964.812335	0.000002	0.319487
0.886447	0.000001	0.460886
956.624527	0.000118	0.238227
1853.955176	0.000152	0.203465
1435.206933	0.000118	0.240138
5226.460637	0.000505	0.150116
0.000000	0.000000	0.791773
7.166667	0.000000	0.534617
74.333333	0.000000	0.329229
6190.000000	0.000000	0.628889
0.000000	0.000000	1.034722
0.000000	0.000000	1.034722
12407.214286	0.000000	0.288889
2.387962	0.000070	0.263238
8.544986	0.000157	0.209019
15597.789324	0.000118	0.181641
0.000000	0.000000	0.836875
22.333333	0.000000	0.372041
0.000000	0.000000	1.187500
3102.000000	0.000000	0.449844
6169.119048	0.000000	0.464844
0.000000	0.000000	0.875000
6.000000	0.000000	0.583333
1.500000	0.000000	0.780864
4.000000	0.000000	0.555556
1.500000	0.000000	0.780864
197.970859	0.000161	0.167217
0.000000	0.000000	1.222222
41.000000	0.000000	0.388889
48.000000	0.000000	0.611111
15.000000	0.000000	0.555556
0.000000	0.000000	1.000000
0.000000	0.000000	1.250000
0.000000	0.000000	1.000000
0.000000	0.000000	1.000000
0.000000	0.000000	1.250000
2.000000	0.000000	0.562500
0.000000	0.000000	1.250000
2.000000	0.000000	0.562500
0.000000	0.000000	1.000000
0.000000	0.000000	1.000000
569.546089	0.000008	0.359241
1268.200643	0.000017	0.300079
1.333333	0.000000	0.522798
4361.867310	0.000017	0.280974
0.000000	0.000007	0.656147
0.000000	0.000000	1.000000
0.000000	0.000000	1.000000
0.000000	0.000000	0.792969
6190.000000	0.000000	0.602500
24654.023810	0.000005	0.305073
3096.000000	0.000000	0.562500
0.000000	0.000000	1.250000
1.000000	0.000000	0.500000
11802.452381	0.000005	0.335686
22612.285714	0.000005	0.284232
14930.333333	0.000005	0.361436
0.000000	0.000000	0.809630
63.000000	0.000000	0.584593
3.166667	0.000000	0.562296
0.000000	0.000000	0.809630
0.000000	0.000000	1.250000
9321.690476	0.000000	0.316238
4649.190476	0.000000	0.389477
0.000000	0.000000	1.000000
0.000000	0.000000	1.000000
55.000000	0.000000	0.598765
0.000000	0.000000	0.944444
0.000000	0.000000	1.160000
0.000000	0.000000	1.250000
0.000000	0.000000	1.250000
0.000000	0.000000	1.250000
0.000000	0.000000	1.222222
3096.000000	0.000000	0.504444
0.000000	0.000000	0.794722
4628.833333	0.000000	0.593112
1540.833333	0.000000	0.625000
9282.000000	0.000000	0.595052
0.000000	0.000000	1.000000
0.000000	0.000000	1.000000
6.000000	0.000000	0.618056
4653.166667	0.000000	0.378889
3096.000000	0.000000	0.466667
0.000000	0.000000	1.000000
0.000000	0.000000	1.000000
0.000000	0.000000	1.222222
0.000000	0.000000	1.222222
0.000000	0.000000	0.872685
0.000000	0.000000	0.872685
0.000000	0.000000	0.872685
0.000000	0.000000	1.250000
1.000000	0.000000	0.500000
0.000000	0.000000	1.250000
