74
59
17
76
45
74
82
8
53
34
21
0
41
48
85
6
15
66
75
59
20
52
66
74
22
68
41
80
42
45
44
57
66
55
59
50
93
23
74
74
95
75
12
27
43
29
50
33
22
0
0
10
19
54
0
47
78
8
64
40
73
19
67
58
85
11
83
32
71
75
50
51
41
35
19
21
76
69
52
73
4
22
68
76
45
50
52
1
3
55
15
52
70
52
1
92
50
90
28
59
75
92
66
70
61
32
95
48
46
48
41
59
7
27
80
74
63
69
55
69
89
77
2
73
55
70
75
24
72
1
52
19
64
68
4
89
47
59
45
70
19
41
7
19
30
50
50
57
59
74
92
60
44
34
36
7
22
67
88
74
54
72
22
5
41
92
18
44
59
76
92
89
92
29
44
6
7
44
76
77
80
69
39
89
60
92
49
59
30
70
70
67
59
70
68
89
29
22
60
35
74
29
54
70
60
92
59
19
67
60
68
48
2
44
31
44
57
70
29
30
89
97
68
74
49
26
91
82
6
49
2
45
22
68
19
20
74
22
98
74
76
33
69
10
27
41
26
74
64
66
30
74
67
24
45
22
14
44
83
64
63
86
21
39
55
82
21
89
89
35
83
27
22
65
26
82
33
89
6
56
97
74
22
92
44
74
48
68
66
74
80
68
45
19
29
66
35
27
74
29
74
74
68
56
22
67
50
74
53
68
74
73
45
74
8
28
22
0
27
14
58
83
3
6
56
15
11
85
67
68
74
68
19
22
76
23
68
4
74
22
15
22
74
74
21
22
74
74
68
74
54
30
22
74
22
22
68
74
68
11
3
70
68
68
22
49
36
67
74
74
53
74
49
92
59
43
57
68
59
60
53
73
68
97
21
68
74
55
22
80
22
29
22
52
73
60
68
0
85
0
3
53
31
22
68
22
45
48
74
0
68
67
22
74
32
48
67
22
29
68
64
74
74
74
12
89
74
69
92
15
74
16
83
68
22
74
35
53
37
8
37
22
68
44
19
28
80
54
71
68
68
14
53
29
12
0
59
74
28
41
18
0
92
75
83
45
34
43
74
6
35
51
57
30
45
0
50
86
1
35
65
17
68
51
31
22
38
18
75
28
80
29
31
6
26
21
59
58
14
41
45
74
68
67
19
74
50
59
89
14
2
74
74
68
59
56
28
74
23
22
22
97
74
49
6
49
49
22
70
49
49
49
49
22
49
74
22
42
22
68
15
65
68
85
0
41
31
74
22
74
76
85
21
64
15
21
45
74
74
15
82
48
17
74
75
42
0
68
0
87
22
28
11
74
48
11
14
85
28
48
25
11
41
61
76
38
64
45
25
15
33
87
87
41
92
37
82
28
76
21
68
0
50
68
45
86
92
28
2
96
10
75
68
25
49
49
49
49
49
49
49
41
74
39
49
58
66
22
47
74
22
22
11
83
74
74
87
68
0
39
96
22
49
49
11
41
29
38
26
68
41
49
17
21
45
49
2
74
74
22
22
22
74
68
41
68
89
41
48
39
1
32
22
74
52
14
74
49
74
78
55
22
45
11
57
58
45
56
45
53
41
22
74
22
22
74
57
89
74
49
74
68
74
22
74
49
74
68
74
49
68
74
22
26
74
74
6
68
68
68
22
49
49
74
22
49
68
22
22
2
74
74
74
41
22
15
21
45
26
41
74
74
22
74
74
74
74
22
74
74
22
68
22
49
49
74
74
74
74
22
64
74
74
22
74
31
0
41
15
68
68
68
74
39
74
74
74
68
0
74
74
74
87
68
22
64
22
41
74
52
22
22
47
0
2
2
74
68
22
74
74
2
39
66
0
74
22
74
68
74
68
41
22
22
22
39
22
68
74
11
48
74
74
22
74
74
22
27
41
68
68
68
0
0
68
22
24
22
68
2
74
48
65
39
39
41
53
21
43
52
15
83
64
85
0
47
85
11
15
68
83
85
11
15
68
22
68
48
45
11
41
68
76
87
76
22
68
28
2
22
74
74
74
22
74
74
68
74
74
49
49
74
22
74
74
74
74
74
74
74
49
49
70
49
22
49
89
44
74
49
49
49
49
49
49
74
68
68
68
49
68
22
74
74
74
49
0
41
74
68
68
68
22
74
68
68
22
22
68
22
47
68
47
22
48
11
74
22
74
74
22
22
74
39
22
11
22
22
74
74
74
74
68
74
22
74
68
22
49
74
68
49
49
49
74
68
74
49
22
68
74
74
74
22
49
39
74
68
74
68
22
22
74
49
49
49
49
49
74
74
68
68
49
74
68
68
74
49
49
49
49
49
49
49
49
49
49
49
49
49
49
68
49
49
49
49
49
49
49
49
49
49
6
49
74
74
74
29
67
68
74
68
22
74
68
53
68
74
49
74
74
74
22
49
68
74
68
22
74
49
49
49
49
49
49
68
49
74
92
35
38
68
55
22
39
49
49
49
49
49
49
49
49
49
49
49
49
49
49
49
49
49
49
49
49
49
49
49
49
49
49
49
49
49
49
49
49
49
49
49
49
49
49
49
49
49
49
49
49
74
49
49
49
49
68
68
68
49
68
68
49
49
49
49
49
49
68
68
49
68
49
49
49
49
49
49
49
68
68
74
74
68
74
22
22
22
68
68
68
68
57
6
38
68
68
49
49
49
49
49
74
68
74
74
68
74
22
22
74
74
74
74
74
74
74
22
68
68
49
49
74
22
74
26
74
74
74
22
74
74
74
74
74
74
74
74
22
49
74
49
49
74
68
68
74
22
49
49
74
67
49
49
49
49
74
49
49
74
30
74
19
74
74
49
49
49
49
49
22
49
74
49
49
74
22
49
49
49
49
49
49
74
49
49
74
74
49
49
49
49
49
49
49
49
49
74
74
39
74
74
49
74
74
74
74
74
74
49
49
22
74
74
68
68
74
74
49
74
49
49
49
49
49
49
49
49
49
49
49
49
49
49
49
49
74
74
49
49
49
49
49
49
49
49
49
74
49
49
49
49
49
49
74
49
49
49
49
49
49
49
49
49
49
49
49
49
49
49
49
49
49
49
49
49
49
49
49
49
49
49
49
49
68
68
68
49
68
68
68
68
68
68
68
68
49
49
49
49
49
49
49
49
49
68
68
68
68
49
44
67
74
49
49
49
49
49
49
49
74
74
22
26
68
74
49
49
49
49
68
74
49
68
68
49
74
49
74
49
49
22
22
74
68
68
68
49
49
68
68
68
68
22
49
49
49
68
68
49
49
49
49
49
49
74
49
74
74
49
68
68
49
49
49
49
68
49
49
49
49
49
49
49
74
49
74
74
74
49
49
49
49
49
49
49
49
49
49
49
49
68
68
68
49
49
49
49
49
49
49
49
49
49
49
49
68
68
49
49
49
49
49
49
49
49
49
49
49
49
68
49
68
68
68
68
49
49
68
68
68
68
49
49
49
49
49
49
49
49
49
49
49
49
49
22
49
49
49
74
49
49
49
49
74
49
68
49
68
68
68
68
68
68
49
49
49
49
49
74
74
49
49
68
68
68
68
68
49
49
49
49
49
49
49
49
49
49
74
68
68
49
49
49
49
60
22
70
68
68
68
68
68
68
68
49
49
68
68
68
49
49
68
68
68
68
68
49
49
49
49
49
49
74
49
74
49
49
49
49
49
49
68
68
49
49
49
74
49
49
68
68
49
49
49
49
49
49
6
22
6
49
49
68
49
6
49
49
49
49
49
49
49
49
49
49
49
68
68
68
49
49
49
68
68
49
49
49
49
49
22
49
74
74
74
49
49
68
68
68
68
68
49
49
49
74
68
49
49
74
49
49
55
49
22
74
49
74
49
49
49
49
49
49
74
74
22
49
49
49
49
68
68
68
68
68
74
74
74
68
68
68
49
49
49
49
49
49
49
49
49
49
49
49
49
68
68
49
49
49
49
49
49
49
49
49
49
49
74
49
49
49
74
74
74
74
49
49
49
49
49
49
49
49
49
49
49
22
49
49
49
49
49
49
22
74
49
49
49
22
49
74
49
49
74
72
68
68
49
49
49
49
68
49
49
49
49
68
49
49
49
49
49
49
49
49
49
49
49
74
49
49
49
49
49
49
49
74
74
74
49
74
49
49
49
49
49
49
49
49
68
68
68
49
49
49
49
68
49
49
49
49
49
49
49
49
49
49
49
49
49
49
49
49
49
74
49
68
68
49
49
49
74
49
49
49
49
49
68
68
68
68
68
68
68
68
68
68
68
49
49
49
49
49
49
49
49
49
49
49
68
68
68
49
49
68
68
49
49
49
49
49
49
49
49
49
49
49
49
49
49
49
49
49
49
49
49
68
68
68
68
68
49
49
49
49
74
49
49
49
49
49
49
49
49
49
49
49
49
49
49
49
49
49
49
49
49
49
49
49
49
68
49
49
49
49
49
49
49
49
49
49
49
49
49
49
49
49
49
49
49
49
49
49
49
49
49
49
49
49
49
49
49
49
49
49
49
49
49
49
49
49
49
49
49
49
49
49
49
49
49
68
68
49
49
49
49
49
68
49
68
68
68
68
49
49
49
49
49
49
49
49
49
68
49
49
74
49
49
49
49
49
49
49
49
74
74
49
74
74
74
74
74
49
68
49
49
68
68
68
68
68
49
49
49
49
49
49
49
49
49
68
49
68
68
68
68
68
49
68
49
49
49
68
49
49
68
68
68
68
49
49
49
49
49
49
49
49
49
49
49
49
49
49
49
49
49
49
49
49
49
70
89
49
68
68
68
49
68
68
68
68
49
68
68
68
68
68
22
55
49
22
68
68
49
29
74
49
49
49
49
49
49
49
49
74
49
49
49
49
49
49
49
49
49
49
49
49
49
49
49
49
49
68
68
68
68
68
49
49
49
49
49
49
49
49
49
49
49
68
68
68
49
49
49
49
68
49
68
68
68
49
49
49
49
49
49
49
74
49
74
49
70
49
49
49
74
29
55
74
49
49
49
49
49
49
49
49
49
49
49
49
49
68
49
49
68
68
68
68
49
49
49
49
49
68
68
49
49
49
49
49
49
49
49
49
49
49
49
49
49
49
49
49
49
49
49
49
49
49
49
49
49
49
49
68
68
49
49
49
49
49
49
49
68
68
68
68
68
68
68
68
68
68
68
68
68
68
49
49
49
49
49
49
49
49
49
49
49
49
49
49
49
49
49
49
49
19
70
44
49
49
49
74
74
49
74
49
6
74
74
49
49
49
49
49
49
49
49
49
49
49
49
49
49
49
49
49
49
74
49
74
74
68
22
49
74
22
68
68
49
68
74
49
74
49
68
68
68
68
49
49
49
68
68
49
49
49
49
74
49
74
49
49
49
49
49
49
49
49
49
49
49
49
49
49
49
49
49
68
68
68
68
49
49
49
49
49
49
49
6
49
60
44
49
55
22
44
60
30
30
49
49
49
49
19
49
49
49
49
55
69
49
49
49
49
49
49
49
74
74
49
49
49
68
68
49
49
49
49
49
74
74
44
6
49
49
68
49
49
49
49
49
49
74
49
68
68
68
68
68
68
68
68
68
68
49
49
49
49
49
68
68
49
49
49
49
49
49
49
49
49
49
49
49
49
49
49
49
49
49
49
49
49
49
49
49
49
49
49
49
49
49
49
49
68
68
68
68
49
49
49
49
49
49
68
49
68
49
68
49
49
49
49
49
49
49
49
49
49
49
49
68
68
68
68
68
68
68
68
68
49
49
49
49
49
49
49
49
49
49
49
49
49
22
44
49
49
49
49
74
49
49
49
68
68
68
68
68
68
68
68
68
49
49
49
49
49
49
68
49
49
49
49
49
49
49
74
49
49
49
68
49
49
49
49
49
74
68
68
49
49
49
74
74
68
49
68
49
49
49
49
49
74
49
49
49
49
49
49
49
49
74
49
49
49
49
49
49
49
49
49
49
49
49
49
49
49
49
68
49
49
49
68
68
68
49
68
68
68
68
68
68
68
68
68
68
68
68
68
49
49
68
68
49
49
49
49
68
68
68
68
68
68
49
49
49
49
49
49
49
49
49
68
68
49
49
49
49
49
49
68
49
49
68
68
68
49
49
68
68
68
49
68
68
49
68
68
49
68
68
49
49
68
68
49
49
49
49
49
49
49
49
49
68
49
49
49
49
49
49
22
49
49
49
68
68
49
49
49
49
49
74
49
49
49
49
49
49
49
49
49
49
49
49
68
68
68
68
68
68
68
49
49
49
49
68
49
49
68
49
49
68
49
49
49
68
49
49
49
49
49
49
49
49
49
49
49
49
49
49
68
49
49
68
49
49
68
49
49
49
49
49
49
49
49
49
49
49
49
49
49
49
49
49
74
68
68
68
68
68
68
68
68
49
49
49
68
68
49
49
49
49
49
49
49
68
49
68
68
68
68
68
68
68
68
68
68
68
68
68
49
49
49
49
49
49
49
49
49
68
49
49
49
68
68
68
68
49
68
49
68
49
68
49
49
49
49
49
49
68
68
68
68
49
74
49
49
49
49
49
49
49
49
49
68
68
68
68
68
68
68
68
68
68
68
49
49
49
49
49
49
49
49
49
49
49
49
49
49
68
68
49
49
49
49
49
68
49
68
49
49
68
68
68
68
68
68
49
49
49
49
49
49
49
49
49
49
68
68
68
68
68
68
68
68
68
68
68
49
49
68
49
49
49
49
74
49
49
49
49
49
49
49
49
49
49
49
49
49
68
68
68
68
68
68
68
68
68
68
68
68
68
68
68
68
68
68
68
68
68
68
68
68
68
68
49
49
49
68
68
49
49
49
68
68
68
68
68
49
49
68
68
68
68
68
49
49
68
68
49
49
49
49
49
49
68
68
68
49
49
49
49
68
68
49
49
22
49
49
49
49
49
49
49
49
49
49
49
49
49
49
49
49
49
49
49
49
68
49
68
49
49
68
68
68
68
68
68
68
68
68
49
49
49
49
68
68
68
68
68
68
68
68
49
68
49
49
49
49
49
49
49
49
49
68
49
49
49
49
49
49
49
49
49
49
49
49
49
49
49
49
49
49
49
49
49
49
49
49
49
49
49
68
68
68
68
68
68
68
68
68
68
68
68
68
68
68
49
49
49
49
49
68
68
68
68
68
49
68
68
68
68
68
68
68
68
49
49
49
68
68
68
68
68
68
68
68
68
68
49
49
49
49
49
49
68
68
68
49
74
49
49
49
49
49
49
49
49
49
49
49
49
68
68
68
49
49
49
49
49
49
49
49
49
68
68
68
49
68
74
49
68
68
68
68
68
68
49
49
68
68
68
68
68
68
68
49
49
68
68
49
49
68
68
68
68
68
49
49
49
49
49
49
68
68
68
49
49
49
49
49
49
49
49
68
68
49
49
49
74
49
49
49
49
49
68
49
68
68
68
68
68
68
49
49
49
49
49
49
68
49
49
49
49
68
49
49
49
49
49
49
49
68
68
68
49
49
49
49
49
49
68
68
68
68
68
68
68
49
49
49
49
49
49
49
49
49
49
49
49
49
74
68
68
68
49
68
68
49
49
49
49
68
68
68
49
49
49
68
68
68
68
49
68
68
68
68
68
49
68
68
68
68
68
68
68
68
49
49
49
49
49
68
68
49
49
49
49
68
68
49
49
49
68
68
68
68
68
49
49
68
68
68
68
68
68
68
68
49
49
49
49
49
49
68
68
68
49
49
68
68
68
49
49
49
49
68
68
68
