231.815
119.123
74.745
58.6522
54.2316
50.8818
50.2352
50.2135
45.4412
41.586
39.5162
35.7529
33.1521
31.9849
31.7864
30.5695
29.8173
28.3565
27.5703
26.9763
26.6306
25.8939
24.8116
24.4944
23.9724
22.6473
22.5732
22.571
22.2468
21.8661
21.7263
21.6341
21.3646
20.6053
20.302
20.2102
19.9791
19.6168
19.4028
18.9049
18.7945
18.1645
18.1583
17.901
17.5484
17.5189
17.4756
17.1879
17.0744
16.7832
16.7074
16.3502
16.2773
16.1368
16.0914
15.8644
15.5812
15.4184
15.3199
15.1389
14.9673
14.8534
14.7929
14.6257
14.4677
14.3485
14.2653
14.1823
14.0674
13.914
13.7197
13.705
13.4506
13.3248
13.1314
13.0596
12.8629
12.7934
12.5913
12.464
12.2982
12.1994
12.0057
11.8478
11.7087
11.5372
11.3999
11.2616
11.0639
10.8523
10.7398
10.6408
10.3945
10.2349
10.0935
9.9397
9.73316
9.55899
9.39897
9.24825
9.05525
8.92051
8.70953
8.58139
8.39789
8.23495
8.02641
7.91325
7.64134
7.50066
7.31103
7.16871
6.96596
6.77614
6.64442
6.46996
6.2665
6.08092
5.9213
5.74404
5.5564
5.38515
5.1808
5.02514
4.84618
4.64601
4.48646
4.28704
4.09505
3.93597
3.73863
3.54319
3.38863
3.18018
3.0305
2.84248
2.64703
2.48063
2.29752
2.1122
1.94195
1.75664
1.58155
1.40463
1.19492
1.0035
0.824288
0.642432
0.468171
0.266259
0.0236431
