0.0879286
0.0874687
0.0853833
0.0847655
0.0838518
0.0821068
0.0817224
0.0795504
0.0793413
0.0785623
0.0782386
0.0776475
0.0765508
0.0764793
0.0764154
0.0763829
0.0760729
0.0759887
0.0751597
0.0749833
0.0744877
0.0737243
0.073221
0.0724028
0.0716855
0.0714236
0.0711761
0.0707711
0.0706239
0.0705797
0.0703056
0.0696213
0.0693263
0.0692666
0.0691734
0.0691153
0.0687635
0.0686269
0.068503
0.0682521
0.0679266
0.0677078
0.0676534
0.0675625
0.0673693
0.0672996
0.0672946
0.0672134
0.0668534
0.0667404
0.0663811
0.0661847
0.0661662
0.0661392
0.0660679
0.0656466
0.0656171
0.0654297
0.0653287
0.0650358
0.0650175
0.0650094
0.0649961
0.0648849
0.064867
0.0647424
0.0645589
0.0643114
0.0638866
0.0637613
0.0635388
0.0634595
0.0633494
0.0632935
0.0629129
0.062628
0.0621952
0.0621249
0.0616937
0.0613445
0.0608313
0.0606697
0.0606278
0.060566
0.0600601
0.0596474
0.0594806
0.0593291
0.0592177
0.0591621
0.0591368
0.0589736
0.0589598
0.0586798
0.0586382
0.058472
0.0581271
0.0580708
0.0578201
0.0576485
0.0569548
0.0567402
0.0566957
0.0560934
0.0559472
0.0558479
0.0556855
0.0556306
0.0551605
0.055092
0.0550177
0.0546851
0.0544756
0.0544406
0.0543927
0.0541041
0.0539686
0.0534391
0.0534237
0.0529861
0.0529699
0.0528823
0.0528775
0.0527771
0.0527094
0.0526353
0.0526039
0.0525891
0.0525671
0.0519864
0.0519607
0.0518796
0.0518519
0.0515468
0.0513008
0.0509782
0.0509439
0.050847
0.0508053
0.0506858
0.0505679
0.0505212
0.0504518
0.0502923
0.0502305
0.0502301
0.0498666
0.0498606
0.049693
0.049584
0.04954
0.0493798
0.0491727
0.0490463
0.04904
0.0490326
0.0489935
0.0486611
0.048611
0.0482565
0.047917
0.0475228
0.0470453
0.0468113
0.0467399
0.0467027
0.0466064
0.0466021
0.0462042
0.0460185
0.0457962
0.0457673
0.0457278
0.0455231
0.0455165
0.0451552
0.0449515
0.0448439
0.0448103
0.044717
0.0446125
0.0445757
0.0445049
0.0444862
0.0444426
0.0442062
0.0441273
0.0439906
0.0439466
0.0437071
0.0435257
0.0433921
0.0432778
0.0432754
0.0432223
0.0431659
0.0431168
0.0428875
0.0426618
0.0426597
0.0424904
0.0421847
0.0419416
0.0416413
0.041433
0.0411009
0.0408343
0.0406655
0.0399835
0.0399263
0.0395024
0.0394301
0.0393487
0.0389356
0.038891
0.0387941
0.0380617
0.037841
0.0373055
0.0370525
0.0366243
0.0363387
0.0363217
0.0360626
0.0359473
0.0358202
0.0356841
0.0354157
0.0349945
0.0347243
0.0346212
0.0345037
0.0344365
0.0342273
0.0338589
0.0337867
0.0337487
0.03362
0.0335399
0.0335254
0.0333097
0.0332761
0.0331499
0.0328977
0.0327979
0.0326299
0.0322039
0.0319403
0.0318104
0.0316095
0.0315183
0.0314515
0.0313376
0.0311154
0.0306288
0.030442
0.0302238
0.029765
0.0291609
0.0288284
0.0286862
0.0285635
0.0282516
0.0280303
0.0278734
0.0277033
0.0274754
0.0273344
0.0270969
0.0269852
0.0265478
0.0264037
0.0259464
0.0257029
0.025437
0.0252765
0.0250306
0.0247201
0.0244729
0.0241373
0.0240407
0.0240099
0.0237086
0.0235319
0.023415
0.0229591
0.0227123
0.0223343
0.0221921
0.0220207
0.0218394
0.0215317
0.0212663
0.0211237
0.0207635
0.0206412
0.0202508
0.0200803
0.0199772
0.0197253
0.0194162
0.0191259
0.0189954
0.0184351
0.0182862
0.0179757
0.0178663
0.0174176
0.0172354
0.0171393
0.0165836
0.0163967
0.0161921
0.015895
0.0155437
0.015368
0.0149436
0.0146287
0.0142976
0.0141026
0.0137498
0.0133592
0.0129505
0.012794
0.0125198
0.0123761
0.0121949
0.0120238
0.0119385
0.0117908
0.0115922
0.0115011
0.0112568
0.0108549
0.0106996
0.0104689
0.0100693
0.0100083
0.00973789
0.0095655
0.00933916
0.00913574
0.00900726
0.00874592
0.00862148
0.00831904
0.00820624
0.00798997
0.00772135
0.0074924
0.00711057
0.00695747
0.00667628
0.00652768
0.00632921
0.0062048
0.00595826
0.0057187
0.00545834
0.00535629
0.00526515
0.0050166
0.00477075
0.0046341
0.00450487
0.00441797
0.0041647
0.00398708
0.0038592
0.00369118
0.00356126
0.00344234
0.003288
0.00313845
0.00300802
0.00287765
0.00278931
0.0026584
0.002487
0.00234958
0.00222276
0.00216179
0.00208862
0.00202043
0.00188235
0.00176344
0.00166184
0.00160358
0.00153307
0.00143726
0.00131864
0.0012522
0.00118173
0.00112497
0.00107409
0.00101802
0.000978833
0.000947691
0.000905671
0.000871284
0.000815738
0.000750219
0.000691306
0.000661845
0.000600564
0.000570861
0.000530962
0.000488549
0.000467732
0.000431475
0.000405161
0.000386402
0.000370133
0.000332562
0.000310295
0.000287449
0.000270008
0.000258594
0.000233418
0.000219763
0.00020126
0.000185421
0.000171427
0.000152969
0.000136987
0.000121343
0.000111032
0.000104945
9.6494e-05
8.3628e-05
7.63043e-05
6.86868e-05
6.24794e-05
5.49457e-05
4.88368e-05
4.21111e-05
3.69998e-05
3.39715e-05
3.10525e-05
2.77599e-05
2.44179e-05
2.08333e-05
1.81776e-05
1.56929e-05
1.33452e-05
1.17243e-05
1.05151e-05
9.36686e-06
8.11834e-06
6.54475e-06
5.65944e-06
5.01217e-06
3.91962e-06
3.1185e-06
2.49704e-06
1.84723e-06
1.40988e-06
1.11664e-06
8.41849e-07
6.96365e-07
5.72207e-07
4.92634e-07
3.12697e-07
2.15268e-07
1.62616e-07
1.1941e-07
9.09934e-08
5.44851e-08
4.49772e-08
3.92427e-08
2.63162e-08
1.66498e-08
1.19873e-08
7.31873e-09
4.2858e-09
2.45082e-09
1.72374e-09
1.36498e-09
7.40129e-10
4.0967e-10
2.33677e-10
1.53156e-10
5.89501e-11
1.68555e-11
5.17697e-12
1.77816e-12
7.80627e-13
1.57487e-13
3.41446e-14
1.31507e-15
0
0
0
0
0
0
0
0
0
-7.80687e-17
-6.15952e-16
-7.44094e-16
-8.03396e-16
-8.59875e-16
-9.18662e-16
-9.18662e-16
-9.18662e-16
-1.14519e-15
-1.5457e-15
-1.71975e-15
