1
0.333333
0.142857
0.0769231
0.0666667
0.047619
0.0526316
0.0175439
0.04
0.0434783
0.047619
0.04
0.0606061
0.05
0.0344828
0.0322581
0.04
0.047619
0.0652174
0.0434783
0.0212766
0.0285714
0.0545455
0.0357143
0.0175439
0.04
0.0512821
0.0526316
0.0344828
0.0169492
0.0352941
0.0314465
0.0186335
0.0121951
0.00606061
0.0465116
0.0454545
0.0444444
0.105882
0.0930233
0.0804598
0.0681818
0.0561798
0.0444444
0.032967
0.115385
0.116531
0.11828
0.117647
0.116279
0.11
0.0980392
0.0970874
0.0810811
0.0614035
0.0567686
0.0521739
0.0553191
0.0548523
0.0504202
0.057377
0.0682731
0.064
0.0817121
0.105263
0.104478
0.132616
0.137809
0.136842
0.141869
0.139364
0.151079
0.15566
0.152941
0.156177
0.159353
0.158621
0.159817
0.157175
0.165919
0.163311
0.169231
0.171717
0.174129
0.176471
0.178744
0.177033
0.179245
0.185185
0.187215
0.18552
0.183857
0.182222
0.194805
0.2
0.201681
0.222672
0.253846
0.249042
0.247148
0.242424
0.252078
0.250346
0.248619
0.246897
0.245179
0.243466
0.245902
0.244202
0.242507
0.25
0.248322
0.246649
0.24498
0.243316
0.242021
0.240372
0.246719
0.245085
0.239531
0.233809
0.230349
0.227841
0.220905
0.218465
0.217811
0.217158
0.19545
0.189629
0.182359
0.180296
0.179185
0.178257
0.177104
0.177388
0.176642
0.17607
0.175498
0.174356
0.173786
0.171708
0.163332
0.16225
0.16171
0.160631
0.159555
0.15843
0.1548
0.154583
0.136126
0.13403
0.132928
0.130547
0.129574
0.128051
0.12628
0.121662
0.116709
0.116143
0.115207
0.114823
0.112219
0.111111
0.110194
0.10874
0.106418
0.104839
0.103948
0.102977
0.103917
0.103586
0.103093
0.102219
0.101688
0.100954
0.100233
0.0995738
0.0987224
0.0984936
0.0983859
0.0968242
0.0953113
0.096528
0.0958904
0.095401
0.0951839
0.0951118
0.094951
0.0948795
0.0956848
0.0955414
0.0956652
0.0951848
0.09538
0.0953618
0.0962744
0.096679
0.097838
0.0977664
0.0984683
0.0995671
0.0993521
0.100753
0.102011
0.0995362
0.0991441
0.0999291
0.0991501
0.0991881
0.103424
0.103663
0.10416
0.104324
0.104345
0.107179
0.110436
0.115846
0.116264
0.122509
0.123332
0.124352
0.124838
0.127612
0.128008
0.131596
0.139557
0.140274
0.13939
0.138595
0.142421
0.141288
0.144866
0.149204
0.149611
0.151173
0.155071
0.154208
0.153846
0.15441
0.158841
0.159873
0.162697
0.162604
0.165242
0.169482
0.168495
0.16886
0.172471
0.175758
0.176791
0.176919
0.186948
0.186901
0.186585
0.187699
0.194873
0.195217
0.193666
0.193155
0.205096
0.205076
0.208165
0.208302
0.210134
0.218137
0.225012
0.224716
0.228749
0.227284
0.225822
0.224946
0.227273
0.227797
0.230661
0.230268
0.27237
0.275168
0.281063
0.294583
0.293408
0.292871
0.294604
0.299898
0.299695
0.320961
0.335863
0.337115
0.34235
0.347544
0.346822
0.35009
0.353714
0.353582
0.352574
0.351918
0.35116
0.349726
0.350114
0.349042
0.357782
0.360479
0.368397
0.366874
0.366852
0.366564
0.378333
0.379368
0.387788
0.388844
0.388727
0.390301
0.39232
0.393519
0.395786
0.395252
0.394464
0.412466
0.413423
0.416094
0.416434
0.416536
0.421016
0.421922
0.42217
0.427458
0.424681
0.421609
0.418855
0.415808
0.413076
0.412316
0.411191
0.412262
0.420676
0.419628
0.419342
0.424631
0.422502
0.432681
0.433817
0.434654
0.434718
0.435809
0.4353
0.436033
0.438822
0.436593
0.436257
0.440728
0.439201
0.43964
0.444248
0.444396
0.443866
0.443729
0.447402
0.451666
0.450644
0.451108
0.452696
0.454463
0.457477
0.457429
0.455734
0.453733
0.453499
0.458069
0.460795
0.461645
0.464692
0.46746
0.468178
0.467144
0.466521
0.465766
0.465059
0.464305
0.4636
0.462848
0.462096
0.461346
0.46055
0.459801
0.459006
0.458212
0.457419
0.456627
0.456007
0.454227
0.456338
0.455738
0.470587
0.467438
0.46749
0.467534
0.466798
0.466818
0.46567
0.465472
0.467639
0.468386
0.468763
0.467694
0.46726
0.468088
0.468789
0.50704
0.506041
0.504997
0.504001
0.502959
0.501919
0.500833
0.499796
0.498713
0.498243
0.49645
0.496457
0.496688
0.496799
0.495525
0.495754
0.494195
0.493502
0.492157
0.49107
0.4902
0.489335
0.488663
0.490431
0.488818
0.488014
0.487071
0.486758
0.487553
0.488712
0.488301
0.487539
0.487534
0.485888
0.483417
0.482108
0.480916
0.479949
0.479596
0.479189
0.478453
0.476981
0.475894
0.475002
0.474282
0.474412
0.473288
0.472164
0.470783
0.47038
0.469113
0.46842
0.467727
0.467213
0.467563
0.46756
0.467875
0.466498
0.468091
0.46788
0.467586
0.467728
0.46731
0.46596
0.463784
0.462984
0.461803
0.461711
0.461816
0.462002
0.461535
0.460715
0.461164
0.461634
0.462104
0.46092
0.461283
0.461162
0.460311
0.459596
0.458926
0.45743
0.456041
0.454254
0.453906
0.454159
0.450442
0.448581
0.445151
0.44328
0.442785
0.442179
0.442044
0.442058
0.443036
0.443637
0.444159
0.446176
0.447255
0.44758
0.448259
0.448662
0.452563
0.454001
0.453639
0.453677
0.454247
0.453382
0.45221
0.45112
0.449504
0.448407
0.446735
0.446438
0.44549
0.444334
0.443625
0.44334
0.443015
0.442762
0.442135
0.441315
0.440435
0.440058
0.4395
0.43915
0.438825
0.439353
0.438747
0.438725
0.439423
0.440656
0.442333
0.442231
0.442111
0.442751
0.444428
0.444172
0.44623
0.446116
0.446464
0.448103
0.446838
0.446826
0.447219
0.447063
0.446286
0.446183
0.446251
0.445715
0.444782
0.445366
0.444491
0.464217
0.462118
0.45947
0.454017
0.448497
0.442623
0.43598
0.429263
0.425908
0.419946
0.415368
0.410248
0.401707
0.394764
0.389224
0.383985
0.376873
0.371467
0.367092
0.359467
0.354228
0.348245
0.345283
0.338128
0.333935
0.329519
0.324913
0.320779
0.316529
0.312295
0.31131
0.414828
0.410776
0.40793
0.403307
0.399591
0.395949
0.392626
0.389051
0.464761
0.462589
0.459981
0.457809
0.45574
0.45443
0.452919
0.451074
0.44905
0.446639
0.444983
0.443749
0.442352
0.440225
0.437803
0.436294
0.434202
0.431987
0.430594
0.429265
0.427153
0.424084
0.416922
0.411616
0.405777
0.401053
0.395766
0.390605
0.385681
0.380174
0.376083
0.371185
0.365127
0.359774
0.355111
0.350013
0.343705
0.341808
0.393252
0.390514
0.389359
0.387505
0.385905
0.38434
0.381666
0.3803
0.377944
0.376165
0.373937
0.372182
0.370552
0.3683
0.365871
0.36343
0.361022
0.359447
0.357079
0.354541
0.351586
0.348413
0.345729
0.342546
0.340235
0.337086
0.334402
0.330841
0.327039
0.324472
0.320587
0.317559
0.314584
0.311378
0.308564
0.304953
0.302442
0.299472
0.295865
0.293135
0.289901
0.286902
0.284939
0.281541
0.279144
0.275825
0.272584
0.269471
0.267455
