0.161674
0.121226
0.0935907
0.081079
0.0790449
0.0760206
0.0748567
0.0743969
0.0737338
0.0728592
0.0717498
0.0714855
0.0696642
0.0675185
0.065226
0.064256
0.0631258
0.0626621
0.0624539
0.062326
0.0616037
0.0615453
0.0615165
0.0612622
0.0594145
0.057321
0.0572362
0.0571579
0.0567097
0.0555186
0.0553503
0.054093
0.0540704
0.0532284
0.0532081
0.0531968
0.0531011
0.0529373
0.0526404
0.0525861
0.0521092
0.0520114
0.051741
0.0515061
0.0508001
0.0502778
0.0481636
0.0481155
0.0480603
0.0478224
0.0474867
0.0474251
0.0473918
0.047108
0.046713
0.0465619
0.0464392
0.0461522
0.0458051
0.0457572
0.0456953
0.0454764
0.0451805
0.0451748
0.0451613
0.0450612
0.0449565
0.0448008
0.0447592
0.0443134
0.0442702
0.0441907
0.0441161
0.0440019
0.043579
0.0434962
0.043352
0.0432925
0.0432245
0.0432201
0.0429401
0.042866
0.0427606
0.0426551
0.0425034
0.0423886
0.0420494
0.0416329
0.0415852
0.0411856
0.0411855
0.0410544
0.0409835
0.0409798
0.0409002
0.0406469
0.0406089
0.0405485
0.0404708
0.0404523
0.0403863
0.0403363
0.0403259
0.0401525
0.0400894
0.0398895
0.0393684
0.0393524
0.0392964
0.0391483
0.0389444
0.0388459
0.0387694
0.0387687
0.0385734
0.0384846
0.0383971
0.0383585
0.0382537
0.0380173
0.0380041
0.0379867
0.0378516
0.0378272
0.0377207
0.0376987
0.0375723
0.0374889
0.0374111
0.0373842
0.0372771
0.0372445
0.0372364
0.037201
0.0371886
0.0371778
0.0369843
0.0368996
0.0367684
0.0366696
0.0366535
0.0366522
0.0364269
0.0359211
0.0358778
0.0358498
0.0358438
0.0357234
0.0356422
0.0355561
0.0355439
0.0354948
0.0353849
0.0352216
0.0351118
0.0350947
0.0350235
0.0349928
0.0349765
0.0349068
0.0348145
0.0347081
0.0346988
0.0346606
0.0345112
0.0344455
0.0343436
0.034341
0.0342937
0.0342193
0.0340899
0.0339609
0.0338794
0.0336037
0.0335352
0.0335289
0.0334847
0.0332025
0.0331827
0.0331659
0.0331438
0.0329652
0.0328678
0.0328073
0.032796
0.0327661
0.0327644
0.0326024
0.0325996
0.0325757
0.0325524
0.0324155
0.0324097
0.0323475
0.0323181
0.0322977
0.0322907
0.0322783
0.0322694
0.0322328
0.0321821
0.0320284
0.0320038
0.0319539
0.031864
0.0317826
0.0316175
0.0315934
0.0315212
0.0313611
0.0311032
0.0308561
0.0307683
0.0305935
0.0305052
0.0304339
0.0301075
0.0300326
0.0298777
0.0298072
0.0296612
0.0296411
0.0295488
0.0295389
0.0293831
0.0293646
0.029202
0.029093
0.0290782
0.0290238
0.0289425
0.0288751
0.0288405
0.0287718
0.0285179
0.0284462
0.0284059
0.0283196
0.0282842
0.0281326
0.0280522
0.0279888
0.027962
0.0278476
0.0277255
0.0275527
0.0274873
0.0274604
0.0274228
0.0273251
0.0272571
0.0272218
0.0270955
0.026937
0.0267513
0.0266439
0.0265569
0.0265068
0.0263949
0.0263471
0.0261568
0.0261148
0.0260614
0.0258317
0.0257292
0.0256475
0.0255332
0.025457
0.0251509
0.0250134
0.0249136
0.0248349
0.0247781
0.0245923
0.0244689
0.0243091
0.0242298
0.024096
0.0240663
0.0239415
0.0238969
0.0238448
0.0237548
0.0236764
0.0236518
0.0234829
0.0233528
0.023305
0.023265
0.0232036
0.023151
0.0230647
0.0228072
0.0227269
0.0225732
0.0225474
0.0224208
0.0223835
0.0222142
0.022146
0.022041
0.0219158
0.0218513
0.0217085
0.021454
0.0213551
0.0212949
0.0212328
0.0211762
0.0210691
0.0210175
0.0208224
0.0207835
0.0207375
0.0206076
0.02048
0.02043
0.0202167
0.0200883
0.020018
0.0199666
0.0197399
0.0196673
0.0196298
0.0194506
0.0193926
0.019358
0.0192023
0.0191791
0.0190961
0.018946
0.0188277
0.0187138
0.0186611
0.0185818
0.0184781
0.0183456
0.0182956
0.0182364
0.0182156
0.0181502
0.018081
0.0180385
0.0179532
0.0178099
0.0177536
0.0176826
0.0176445
0.0174744
0.0174076
0.0173182
0.0171252
0.0170186
0.0169205
0.0168268
0.0167499
0.0166479
0.016574
0.0164971
0.0164455
0.0163958
0.016307
0.0162308
0.0160808
0.0158762
0.0157372
0.0156111
0.0155029
0.0154419
0.0153336
0.0152214
0.0151505
0.015084
0.0150389
0.0149059
0.0148418
0.0147892
0.0147237
0.0146127
0.0145204
0.0144146
0.0143627
0.0142677
0.0141889
0.014134
0.0140184
0.013911
0.013822
0.0137719
0.0137036
0.0135779
0.0134434
0.0133259
0.0131871
0.0130572
0.0130079
0.0128744
0.0127874
0.0126817
0.0126153
0.0125236
0.0124591
0.012372
0.0122543
0.0121577
0.0120428
0.0119761
0.0118698
0.0117962
0.0117184
0.0116306
0.0115809
0.0114665
0.0114072
0.011288
0.0111859
0.0110764
0.0109818
0.0109363
0.010867
0.0108131
0.0107096
0.0106132
0.0105123
0.0104289
0.0103105
0.0102226
0.0101164
0.0100458
0.00993556
0.00984746
0.00976585
0.00970171
0.00963179
0.00957794
0.00948125
0.00942975
0.00937182
0.00929181
0.00922381
0.00910861
0.00897941
0.0089303
0.00884633
0.00876434
0.00870191
0.00859913
0.00852743
0.00844388
0.00837058
0.00829132
0.00822931
0.00816191
0.00810587
0.00802932
0.00796195
0.00789281
0.00784905
0.00777195
0.00770945
0.00764941
0.00755132
0.0074934
0.00741797
0.00736971
0.00726633
0.0072124
0.00714469
0.00708537
0.00702726
0.00694544
0.00685071
0.0067845
0.00671413
0.00665294
0.00658546
0.00651887
0.00646014
0.0063952
0.00633314
0.00628018
0.00621837
0.00616359
0.00607884
0.00604377
0.00597786
0.00593111
0.00587993
0.00581946
0.00574197
0.005692
0.00562471
0.00556763
0.00550044
0.00545122
0.00539361
0.00534612
0.00527956
0.00521861
0.00515733
0.00508222
0.00501467
0.00496484
0.00489946
0.00483324
0.00477589
0.00471487
0.00465257
0.00459815
0.00454717
0.00449203
0.00442883
0.00437921
0.00431251
0.00427301
0.00420012
0.00414436
0.00410268
0.00405494
0.00399086
0.00393199
0.00389057
0.00385301
0.00380961
0.00376637
0.00371177
0.0036635
0.00361743
0.00356893
0.00353218
0.00348019
0.00344086
0.00339848
0.00336621
0.0033271
0.00328889
0.00323797
0.00320362
0.00315935
0.00312525
0.00309315
0.00304618
0.00299565
0.00296129
0.00291978
0.00288181
0.00284914
0.00280264
0.00275995
0.00271767
0.00266843
0.0026367
0.00259515
0.00255364
0.00251824
0.00248729
0.0024529
0.00241464
0.00238653
0.00235776
0.00232467
0.00228963
0.00225961
0.00223012
0.00219678
0.0021637
0.00213575
0.00210312
0.00207858
0.00205233
0.00202066
0.0019865
0.00195774
0.00193376
0.0019056
0.00187767
0.00185454
0.00182382
0.00180024
0.00177801
0.00175033
0.00172323
0.00169394
0.00166814
0.00164428
0.00161883
0.00159726
0.00157574
0.00155745
0.00153738
0.00151631
0.00149667
0.00147792
0.00146456
0.00146227
0.00146227
0.00144547
0.0014179
0.00138415
0.00135836
0.00133186
0.00130808
0.00128692
0.00125849
0.00123532
0.00120897
0.00118353
0.00115641
0.00113396
0.00111296
0.00109204
0.00107164
0.00105433
0.00103687
0.00101677
0.000997176
0.000980093
0.000957479
0.000937891
0.000923024
0.000905538
0.000888222
0.000873054
0.000857955
0.000842703
0.000828422
0.000820394
0.000806672
0.000790438
0.00077679
0.000762475
0.00075571
0.000741979
0.000726562
0.000712363
0.000698949
0.000691074
0.000682156
0.000669566
0.0006632
0.000652116
0.000638277
0.000629012
0.000617154
0.000600832
0.000593228
0.000575973
0.000562434
0.000546947
0.000537115
0.000525094
0.000511362
0.000504153
0.00048968
0.000482076
0.000470954
0.000461873
0.000455656
0.000445797
0.000434071
0.000428475
0.000419444
0.000412112
0.000402108
0.000393509
0.000386094
0.000377008
0.000369707
0.000360043
0.000351953
0.000346907
0.000341809
0.000331389
0.000325388
0.000316153
0.000307089
0.000301044
0.000293611
0.000285568
0.00027781
0.000272958
0.00026532
0.000261399
0.000254073
0.000248152
0.000242888
0.000236913
0.000232118
0.000226212
0.000221444
0.000215549
0.000213387
0.00020808
0.000203581
0.000198645
0.000193826
0.000188438
0.000181962
0.000174232
0.000167966
0.000162611
0.00015728
0.000151868
0.000147451
0.000140789
0.00013519
0.000129864
0.000126418
0.000122588
0.000118055
0.000114586
0.000111042
0.00010707
0.000103203
0.000100719
9.68721e-05
9.34676e-05
9.02004e-05
8.82045e-05
8.48609e-05
8.20323e-05
7.94826e-05
7.66413e-05
7.35906e-05
7.03293e-05
6.75967e-05
6.43881e-05
6.16224e-05
5.9301e-05
5.76521e-05
5.45371e-05
5.27674e-05
5.09632e-05
4.8419e-05
4.63239e-05
4.42618e-05
4.26104e-05
4.00735e-05
3.8124e-05
3.6074e-05
3.43573e-05
3.2499e-05
3.04299e-05
2.90537e-05
2.75663e-05
2.62021e-05
2.48518e-05
2.34587e-05
2.19143e-05
2.07933e-05
1.96642e-05
1.83138e-05
1.7105e-05
1.59595e-05
1.48374e-05
1.38602e-05
1.28571e-05
1.19049e-05
1.10512e-05
1.02611e-05
9.54108e-06
8.80009e-06
8.14248e-06
7.45531e-06
6.81182e-06
6.28131e-06
5.80596e-06
5.17587e-06
4.73712e-06
4.34439e-06
4.02176e-06
3.81688e-06
3.46399e-06
3.09731e-06
2.77534e-06
2.45028e-06
2.15871e-06
1.93894e-06
1.7205e-06
1.5236e-06
1.34463e-06
1.16837e-06
1.02769e-06
8.81044e-07
7.42402e-07
6.00082e-07
4.76284e-07
3.61536e-07
2.8082e-07
2.09055e-07
1.45479e-07
9.33477e-08
5.13531e-08
2.30918e-08
8.21887e-09
1.77898e-09
4.11925e-11
0
0
0
0
0
0
0
0
0
0
0
0
0
0
0
0
0
0
0
0
0
0
0
0
-1.63764e-14
-2.3069e-14
-2.3069e-14
