139.616
82.893
62.334
55.0902
53.0371
49.7305
48.9477
45.1611
43.2135
42.0169
39.5871
38.6503
37.6741
37.0425
35.3958
35.147
34.7936
34.7423
34.6116
34.3568
33.9012
33.4333
33.2522
32.4544
31.8741
31.7268
31.4452
30.971
30.8814
30.3192
30.2763
30.0688
29.92
29.2536
29.0477
28.8465
28.4479
28.3954
28.3246
28.1336
27.8537
27.7129
27.6667
27.3305
27.2678
27.0141
26.9436
26.8571
26.6037
26.3719
26.2317
26.0694
26.0094
25.8194
25.7956
25.7553
25.5488
25.4495
25.321
25.1886
25.1206
25.0188
24.7784
24.7153
24.5527
24.421
24.3084
24.1348
23.9611
23.8615
23.6928
23.5711
23.4508
23.2812
23.1639
23.0535
22.8401
22.628
22.4431
22.3544
22.2329
22.0125
21.9093
21.705
21.5815
21.3916
21.1846
21.0233
20.8197
20.7169
20.5095
20.3463
20.1865
20.0052
19.8207
19.643
19.4895
19.3236
19.1413
18.9459
18.7626
18.6275
18.3739
18.2409
18.0481
17.859
17.7113
17.5221
17.2969
17.1666
16.9663
16.7579
16.5656
16.3991
16.2468
16.0644
15.853
15.6631
15.5137
15.2595
15.0923
14.892
14.7347
14.5492
14.3368
14.1722
13.957
13.7874
13.5456
13.3887
13.1884
12.9907
12.8039
12.5994
12.398
12.2172
12.019
11.8037
11.6225
11.4178
11.2155
11.032
10.8164
10.6152
10.4238
10.2353
10.0239
9.84759
9.63605
9.44476
9.23306
9.01549
8.83141
8.63304
8.43523
8.22486
8.0367
7.82211
7.61708
7.425
7.20898
7.02155
6.81004
6.60591
6.40141
6.19276
5.99491
5.7985
5.57921
5.36869
5.16821
4.96712
4.77028
4.55783
4.36038
4.15108
3.94673
3.7441
3.5327
3.33583
3.1223
2.92152
2.72232
2.51133
2.31162
2.10715
1.90348
1.7028
1.48722
1.31382
1.06962
0.927038
0.702095
0.49604
0.295487
0.0198749
