1
0.333333
0.142857
0.0909091
0.0588235
0.0526316
0.030303
0.037037
0.0967742
0.037037
0.030303
0.0909091
0.0434783
0.108696
0.0958904
0.0930233
0.0649351
0.0952381
0.0869565
0.0752688
0.0721649
0.0980392
0.111111
0.0909091
0.0973451
0.0955414
0.0949367
0.0943396
0.0931677
0.0959752
0.0948012
0.0990991
0.103858
0.109827
0.109195
0.113636
0.112994
0.11875
0.123457
0.12462
0.114943
0.107345
0.0989011
0.0983607
0.108247
0.111111
0.112821
0.107143
0.104326
0.0987654
0.0965092
0.0942623
0.0844794
0.0763359
0.0757576
0.073724
0.0671642
0.0669145
0.0645161
0.0619469
0.0579965
0.0561404
0.0575916
0.0566038
0.0547945
0.0544218
0.0542373
0.0556492
0.0540541
0.0538721
0.0552764
0.0538721
0.0543657
0.0541872
0.0526316
0.0522876
0.0534846
0.0517799
0.0500808
0.0514469
0.0497592
0.0511182
0.0507937
0.0506329
0.0549451
0.0588235
0.058642
0.057187
0.0556834
0.0541284
0.0526316
0.0521024
0.0514338
0.0508629
0.0503401
0.050405
0.0506499
0.0507409
0.0509839
0.0515464
0.0509839
0.0512249
0.0526782
0.0529568
0.053971
0.0569813
0.0601892
0.0604372
0.0618337
0.0633234
0.0640645
0.066891
0.0687919
0.0690666
0.0705637
0.0742431
0.0760959
0.0775578
0.0793912
0.0800821
0.085947
0.0855049
0.0861789
0.0925852
0.0941271
0.0945513
0.0947621
0.107787
0.109198
0.109375
0.112062
0.113003
0.113601
0.117421
0.117331
0.118929
0.124386
0.134295
0.135612
0.139434
0.141826
0.141938
0.141235
0.139223
0.139232
0.141255
0.144351
0.144637
0.145998
0.151474
0.151657
0.154282
0.154331
0.15734
0.15741
0.162462
0.16155
0.160811
0.160494
0.159292
0.158722
0.15918
0.159024
0.1587
0.158146
0.158243
0.158879
0.159017
0.159111
0.159701
0.159584
0.158573
0.158255
0.156863
0.157459
0.147635
0.142182
0.138843
0.136788
0.135688
0.131997
0.12932
0.128369
0.127854
0.124405
0.119085
0.113178
0.107072
0.107377
0.1068
0.106181
0.103891
0.102951
0.103463
0.103535
0.102929
0.102671
0.103834
0.104915
0.104809
0.104963
0.104623
0.103563
0.103805
0.103053
0.102941
0.101258
0.101688
0.0997547
0.0997557
0.0998987
0.09911
0.0992736
0.0990955
0.0991637
0.0992457
0.0995842
0.100925
0.101387
0.10037
0.100949
0.101488
0.102667
0.103065
0.103435
0.103659
0.103566
0.104579
0.10553
0.106709
0.106478
0.107374
0.108864
0.111555
0.112763
0.113828
0.113742
0.113697
0.116436
0.11747
0.117875
0.12039
0.120264
0.121708
0.12348
0.123703
0.123874
0.125819
0.124623
0.125292
0.127261
0.127663
0.126312
0.127618
0.128648
0.132336
0.132106
0.131882
0.131973
0.132267
0.131783
0.13394
0.135202
0.134884
0.135077
0.136113
0.137363
0.138775
0.140296
0.140232
0.142688
0.142958
0.143092
0.145093
0.144926
0.144941
0.146709
0.146979
0.148808
0.14871
0.148043
0.148225
0.149373
0.149902
0.149608
0.152135
0.154186
0.154548
0.154628
0.154609
0.154517
0.155293
0.155928
0.15593
0.155467
0.154735
0.153135
0.155236
0.154479
0.155453
0.157885
0.159259
0.16057
0.160438
0.160899
0.160099
0.158041
0.156807
0.15701
0.156107
0.154963
0.153032
0.152358
0.151416
0.148893
0.146402
0.144344
0.142705
0.14065
0.14036
0.138579
0.135883
0.134574
0.133397
0.13091
0.128981
0.128054
0.126158
0.124453
0.123796
0.123155
0.12226
0.120868
0.119698
0.119398
0.119513
0.118658
0.117943
0.117906
0.11783
0.118899
0.118699
0.119149
0.118428
0.118476
0.118391
0.118524
0.117762
0.118224
0.118206
0.117036
0.117196
0.117708
0.119306
0.121576
0.12108
0.121014
0.122295
0.123029
0.122967
0.12296
0.123003
0.1233
0.125999
0.127442
0.127755
0.128742
0.130065
0.131032
0.129327
0.128125
0.127912
0.128202
0.128281
0.127856
0.127113
0.127642
0.128238
0.128696
0.128127
0.127885
0.126935
0.126858
0.129048
0.130176
0.131022
0.130889
0.130772
0.133175
0.134277
0.135939
0.137106
0.137464
0.138535
0.139248
0.140652
0.143005
0.142967
0.144094
0.145713
0.145433
0.144432
0.144806
0.146381
0.148387
0.148825
0.150886
0.151264
0.151296
0.153504
0.155236
0.155673
0.156753
0.157729
0.158131
0.159065
0.160603
0.162177
0.163128
0.163523
0.165033
0.166116
0.168695
0.169181
0.172576
0.174362
0.17474
0.176408
0.177484
0.176957
0.176761
0.177798
0.178274
0.179948
0.180061
0.179682
0.1813
0.185074
0.186384
0.190035
0.191686
0.192812
0.193341
0.193801
0.196421
0.19881
0.199449
0.19921
0.199461
0.199613
0.199535
0.199223
0.198828
0.198179
0.198149
0.197816
0.197394
0.196333
0.195622
0.194325
0.198816
0.198731
0.198043
0.197722
0.196679
0.195853
0.19609
0.19588
0.195177
0.195069
0.194688
0.19462
0.195175
0.195077
0.195525
0.196075
0.197948
0.197707
0.198877
0.199229
0.199568
0.20145
0.201518
0.201632
0.202008
0.202229
0.202672
0.202363
0.201959
0.201871
0.202535
0.202626
0.202763
0.203223
0.203268
0.203422
0.204474
0.20478
0.204199
0.203743
0.203961
0.204589
0.204646
0.204251
0.203998
0.204046
0.204257
0.204221
0.203876
0.205076
0.205134
0.20504
0.205021
0.204818
0.204879
0.204938
0.20451
0.203807
0.203604
0.20296
0.201914
0.201267
0.201262
0.200795
0.19995
0.198411
0.19769
0.196865
0.196813
0.196394
0.196051
0.195516
0.194668
0.193358
0.192204
0.191014
0.189165
0.186861
0.185132
0.182498
0.180536
0.179057
0.17788
0.177628
0.177625
0.176703
0.175709
0.17431
0.173205
0.171651
0.169454
0.167035
0.16439
0.161596
0.158411
0.15431
0.151938
0.205417
0.203877
0.204364
0.204528
0.203865
0.203394
0.202769
0.202157
0.201336
0.200509
0.199752
0.198727
0.196843
0.195459
0.193709
0.190855
0.189192
0.186127
0.183924
0.182602
0.1815
0.17974
0.177554
0.176428
0.174111
0.173287
0.172673
0.17201
0.17129
0.170842
0.171332
0.17268
0.172224
0.17235
0.171658
0.17192
0.172457
0.172799
0.174046
0.174743
0.17697
0.178061
0.178806
0.180389
0.181263
0.182291
0.18288
0.183071
0.182062
0.180948
0.180614
0.179906
0.179908
0.181353
0.183299
0.182977
0.183344
0.18586
0.183848
0.18296
0.18213
0.180778
0.180455
0.179695
0.179474
0.179779
0.179475
0.177916
0.177321
