85.1586
69.3069
58.9394
55.5752
49.5499
47.991
45.7608
45.007
44.1586
41.8504
38.2875
37.1174
36.1939
36.0703
35.0565
34.2918
33.539
33.298
33.1382
32.3699
32.2814
32.0461
31.5074
31.0782
31.0014
30.7412
30.2917
30.2874
30.0203
29.4343
29.3896
29.0295
28.55
28.2887
28.0242
28.0206
27.9803
27.9786
27.7868
27.6367
27.3585
27.1756
27.1635
27.1182
26.8755
26.7705
26.5467
26.5207
26.4164
26.2483
25.8883
25.7191
25.6995
25.5145
25.3262
25.1405
25.0661
24.7377
24.6642
24.5672
24.2878
24.1898
23.9699
23.8992
23.7531
23.5843
23.3429
23.2212
23.1988
23.1438
22.9884
22.8764
22.7613
22.7197
22.5311
22.4041
22.3183
22.1457
22.092
21.9607
21.811
21.6462
21.4754
21.4092
21.2962
21.2326
21.0002
20.9489
20.6579
20.5876
20.4841
20.2352
20.1195
19.9674
19.8689
19.7484
19.5426
19.4117
19.288
19.0629
18.9661
18.8037
18.673
18.5393
18.3287
18.2306
18.0658
17.8705
17.7353
17.5519
17.4636
17.2901
17.075
16.9777
16.7939
16.6149
16.4787
16.3415
16.1691
15.9561
15.8398
15.6335
15.4587
15.3468
15.1723
14.9927
14.8446
14.6593
14.4604
14.3234
14.1741
14
13.7938
13.661
13.5364
13.3268
13.1655
12.9552
12.7996
12.6406
12.4538
12.2953
12.0975
11.9613
11.7702
11.602
11.4475
11.2414
11.0692
10.884
10.705
10.5462
10.345
10.2069
10.0046
9.83539
9.68676
9.48757
9.31132
9.13563
8.95263
8.7757
8.58291
8.42857
8.25122
8.08519
7.88473
7.70114
7.52093
7.34403
7.15558
6.98933
6.79738
6.6266
6.45398
6.26759
6.0881
5.89952
5.71273
5.54554
5.35441
5.18294
4.99742
4.81421
4.63074
4.45015
4.26609
4.09047
3.90901
3.7227
3.54252
3.3627
3.1764
2.99223
2.8105
2.62819
2.44373
2.26356
2.08066
1.89714
1.71767
1.53902
1.36113
1.17325
0.992512
0.809342
0.630948
0.445549
0.257527
0.0244719
