0.0984208
0.0605641
0.0549935
0.0526056
0.0517425
0.0509232
0.0485984
0.0484667
0.0479559
0.0459513
0.045458
0.0451993
0.0442881
0.0425023
0.0418296
0.0404289
0.0396967
0.0393242
0.0391672
0.0390838
0.0390728
0.0390273
0.0389482
0.0387929
0.0386494
0.0383277
0.0374412
0.0371019
0.0361119
0.0356801
0.0354199
0.0346118
0.0345886
0.0341477
0.0340321
0.0334718
0.0333971
0.0332173
0.0328435
0.0327905
0.0326896
0.0325632
0.0322343
0.0320925
0.0320723
0.0320683
0.0318445
0.0318068
0.0316305
0.0316102
0.0315677
0.0312678
0.0312467
0.0310407
0.0310373
0.0308846
0.0308008
0.030565
0.0304739
0.0304064
0.0301978
0.0301397
0.0300519
0.0295008
0.0293288
0.029162
0.0291346
0.029092
0.0288785
0.0288445
0.0288314
0.028823
0.0287992
0.0287202
0.028678
0.0286774
0.0286183
0.0285194
0.0284648
0.0281405
0.0281217
0.0280791
0.0280397
0.0279867
0.0279434
0.0277982
0.0277481
0.0277028
0.0276778
0.0276693
0.0276451
0.0276365
0.0276145
0.0275819
0.0275503
0.0274843
0.0274329
0.0273823
0.0273666
0.0272888
0.0270434
0.0269608
0.0268987
0.0268961
0.0268771
0.0268689
0.0268381
0.0268269
0.0268201
0.0268145
0.0267921
0.026673
0.0265667
0.026541
0.0265247
0.0265143
0.0264792
0.0264327
0.0264285
0.0264099
0.0264017
0.0263868
0.0263251
0.0263194
0.0263187
0.02628
0.0262559
0.0262515
0.026174
0.0261719
0.0261592
0.0261445
0.026087
0.0260839
0.0260837
0.0260823
0.0260406
0.0260353
0.0259926
0.0259407
0.0258837
0.0258592
0.0258481
0.025835
0.0258217
0.0257945
0.025762
0.0257157
0.0256652
0.0256244
0.0254849
0.0254499
0.0254416
0.0254416
0.0254216
0.0253884
0.0253803
0.0253676
0.0252828
0.0252749
0.0252719
0.025231
0.0252145
0.0251922
0.0251894
0.0251559
0.0251293
0.025107
0.0250463
0.0250426
0.0250406
0.0250205
0.0250186
0.025001
0.0249873
0.0249669
0.0249468
0.0249388
0.0249378
0.0249345
0.0249345
0.0248979
0.02488
0.0247628
0.0247577
0.0247444
0.0247006
0.0246766
0.0246683
0.0246434
0.0246423
0.0246248
0.0245721
0.0245006
0.0244946
0.0244869
0.0244798
0.0244758
0.0244579
0.024438
0.0244206
0.0243414
0.0243136
0.024233
0.0242308
0.0242102
0.0241387
0.0240989
0.024082
0.0240724
0.0240276
0.0240236
0.0239741
0.0239484
0.0239351
0.0239114
0.0238771
0.0238578
0.0238421
0.0238119
0.0237974
0.0237753
0.0237674
0.0237505
0.0237165
0.0237034
0.0236784
0.0236656
0.0236513
0.0236284
0.0236154
0.0236042
0.0235451
0.0235289
0.0234986
0.0234805
0.023451
0.0234111
0.0233825
0.0233782
0.0233699
0.0233418
0.0233309
0.0233077
0.0232836
0.02327
0.0232626
0.0232553
0.0232292
0.0232076
0.0231877
0.0231724
0.0231346
0.023106
0.0230788
0.0230655
0.0230287
0.0230022
0.022945
0.0229379
0.0229207
0.0229049
0.022838
0.0228216
0.0227763
0.0227301
0.0227077
0.022645
0.0225955
0.0225701
0.0225329
0.0224591
0.0224098
0.0223978
0.0223627
0.0223057
0.0223031
0.0222865
0.0222239
0.022192
0.0221704
0.0221421
0.0221225
0.0220998
0.022091
0.0220177
0.0220014
0.0219714
0.0219378
0.0219264
0.0219131
0.0218808
0.0218411
0.0218205
0.0217903
0.0217493
0.0217127
0.0216886
0.0216578
0.0216259
0.0216056
0.0215765
0.0215307
0.021498
0.021456
0.0214201
0.0213614
0.0213472
0.021325
0.0212792
0.0212545
0.0212419
0.0211916
0.0211609
0.0211084
0.0210886
0.0210623
0.0210359
0.021022
0.0209986
0.0209599
0.0209259
0.0208986
0.0208881
0.0208668
0.0208406
0.0208033
0.020782
0.0207681
0.0207436
0.0206881
0.0206596
0.0206039
0.0205713
0.0205318
0.0204722
0.0204481
0.0203985
0.0203714
0.0203298
0.0203018
0.020271
0.0202431
0.0202204
0.0201909
0.0201277
0.0200974
0.0200626
0.0200257
0.0200074
0.01999
0.0199594
0.0199434
0.0199207
0.0198853
0.0198346
0.019811
0.0197991
0.0197638
0.0197271
0.0197009
0.0196756
0.0196203
0.0196019
0.0195854
0.0195353
0.0195146
0.0194812
0.0194294
0.0193934
0.0193781
0.0193446
0.0193194
0.0192917
0.0192293
0.0191873
0.0191472
0.0191264
0.0190995
0.0190455
0.0190094
0.0189406
0.0188938
0.0188533
0.0187994
0.0187559
0.01867
0.018635
0.0185869
0.0185553
0.0185139
0.0184826
0.0184414
0.0184026
0.0183671
0.0183206
0.0182892
0.0182285
0.0181787
0.0181475
0.0181071
0.0180675
0.0180283
0.017952
0.0179191
0.0178768
0.0178421
0.0178093
0.0177779
0.0177114
0.0176597
0.0175987
0.0175131
0.017464
0.0174376
0.0173721
0.0173147
0.0172167
0.0171612
0.0170895
0.0170138
0.0169514
0.0168566
0.0167993
0.0166971
0.0166423
0.0165232
0.0164317
0.0163542
0.0162687
0.0161247
0.0160066
0.0158641
0.0157617
0.0156388
0.0155236
0.0154112
0.0153321
0.0152065
0.0150501
0.0149156
0.014583
0.0144509
0.0142241
0.0139944
0.0138827
0.0137073
0.0134308
0.013256
0.013019
0.0128815
0.0127176
0.0124926
0.0123698
0.0122659
0.0121085
0.0120104
0.0118562
0.0117287
0.0115737
0.0114895
0.0113898
0.011285
0.0111738
0.0110798
0.0109203
0.0108104
0.0106668
0.0105631
0.0104497
0.0103502
0.0102321
0.0101207
0.0100087
0.00993593
0.00986444
0.00971589
0.00962418
0.0095017
0.00938895
0.00928612
0.00919086
0.00906374
0.00897462
0.00889833
0.00882645
0.0086993
0.00859941
0.00849603
0.00839461
0.00828585
0.00821213
0.00813001
0.00803151
0.00792028
0.00783346
0.00776806
0.00766346
0.00759617
0.00749808
0.00743016
0.00732198
0.00724551
0.00716512
0.00708038
0.00699319
0.00693936
0.00684833
0.00676318
0.00668324
0.00660893
0.00651391
0.00645673
0.00637361
0.00631246
0.00625706
0.00617609
0.00610751
0.00603955
0.00597075
0.00588926
0.00580979
0.00575414
0.00569532
0.00562801
0.0055679
0.00547385
0.0054167
0.00535138
0.0052765
0.00520986
0.00514118
0.00506615
0.00500979
0.00493532
0.00488497
0.0048369
0.00477741
0.00472093
0.00466241
0.00459898
0.00454982
0.00449077
0.00442366
0.00436031
0.00428635
0.00422158
0.00416038
0.00410615
0.00405234
0.00399632
0.00394138
0.00388546
0.00383407
0.00378427
0.00373978
0.00367683
0.00362939
0.00357093
0.00352841
0.00347936
0.00343136
0.00338138
0.00333189
0.00329276
0.00324442
0.00320339
0.00315143
0.00311452
0.00306983
0.00302944
0.00299785
0.00295039
0.00291014
0.00286564
0.00282076
0.00278004
0.00273432
0.00269334
0.00265707
0.00261479
0.00257278
0.0025325
0.0024951
0.00246077
0.00241898
0.00236591
0.00232244
0.00228419
0.00224167
0.00220054
0.00215728
0.00211882
0.00206182
0.00202646
0.00198333
0.0019437
0.00190706
0.00187047
0.00182581
0.00178426
0.00174862
0.00170519
0.00165843
0.00162495
0.00158752
0.00154259
0.00150951
0.00146582
0.00142045
0.00137433
0.00132625
0.00128388
0.00123609
0.00119823
0.00115654
0.0011155
0.00107449
0.00103512
0.00100944
0.000968476
0.00093149
0.000887218
0.000843021
0.000803961
0.000765964
0.000724387
0.000677094
0.000637319
0.000590931
0.00055919
0.000529996
0.000490542
0.000462881
0.000429889
0.000396174
0.000363674
0.000334983
0.000305569
0.000280882
0.000258469
0.00023675
0.000218239
0.000203454
0.000184801
0.000170592
0.00015341
0.000140623
0.000128134
0.000116046
0.000105722
9.66145e-05
8.78168e-05
8.04087e-05
7.3876e-05
6.88622e-05
6.32579e-05
5.83564e-05
5.34009e-05
4.84209e-05
4.32531e-05
3.93525e-05
3.56138e-05
3.2426e-05
2.92747e-05
2.63251e-05
2.42517e-05
2.2235e-05
2.05914e-05
1.90554e-05
1.73834e-05
1.56871e-05
1.4133e-05
1.28611e-05
1.17555e-05
1.08055e-05
1.00021e-05
9.17447e-06
8.38859e-06
7.68193e-06
6.97741e-06
6.42381e-06
5.78162e-06
5.12824e-06
4.60841e-06
4.14896e-06
3.71763e-06
3.39205e-06
3.09906e-06
2.78532e-06
2.46448e-06
2.12236e-06
1.84938e-06
1.56195e-06
1.35405e-06
1.10712e-06
9.10815e-07
7.52612e-07
5.99883e-07
4.66004e-07
3.41924e-07
2.43971e-07
1.71451e-07
9.97543e-08
5.22682e-08
2.49401e-08
1.26818e-08
5.28849e-09
2.00204e-09
4.43662e-10
0
0
0
0
0
0
0
0
0
0
0
-4.284e-10
-5.68228e-10
