1
0.5
0.333333
0.25
0.2
0.2
0.173913
0.157895
0.205128
0.173913
0.148515
0.148515
0.148936
0.156463
0.159091
0.136842
0.113402
0.102041
0.0909091
0.08
0.0973451
0.0875332
0.0645995
0.0918367
0.0850202
0.0650888
0.0585938
0.0746269
0.0731707
0.0724638
0.0573566
0.0352369
0.0178784
0.00588928
0.0174216
0.0173812
0.0153846
0.021764
0.022779
0.0227273
0.0318302
0.031746
0.0329381
0.0379085
0.0477419
0.0582278
0.0604534
0.0810811
0.0719603
0.0622951
0.0747218
0.0769231
0.0740426
0.0731293
0.0610879
0.047541
0.0384615
0.0359138
0.0342629
0.0333863
0.0316456
0.0307814
0.0299213
0.0321569
0.0396947
0.0418251
0.0439394
0.0445956
0.0488355
0.0550595
0.0557621
0.05689
0.0532495
0.0510949
0.0490018
0.0471014
0.0473815
0.0473029
0.0483806
0.0442225
0.042735
0.0412518
0.0397727
0.0382979
0.0368272
0.0353607
0.0336803
0.0324401
0.0269461
0.00879765
0.00732064
0.0144928
0.0252101
0.0237762
0.0223464
0.0209205
0.0194986
0.0180807
0.0180305
0.0152144
0.0151724
0.0123457
0.00817439
0.0121786
0.0185567
0.0185131
0.0185022
0.0184913
0.0184805
0.018967
0.0200873
0.0214742
0.0239954
0.031669
0.0322004
0.0284698
0.0229682
0.0184372
0.0157343
0.0121528
0.0121317
0.0278952
0.0327456
0.0399334
0.0477759
0.0407801
0.0407621
0.0400177
0.039558
0.0396651
0.0374347
0.0365355
0.0359408
0.0356489
0.035503
0.0304954
0.0301944
0.0295777
0.0294037
0.0293956
0.0293795
0.0293714
0.0293553
0.0298162
0.0300313
0.0304017
0.0307797
0.031034
0.0318792
0.0311662
0.0287592
0.0281026
0.0268058
0.0271928
0.0279535
0.0270051
0.0261368
0.0238689
0.0181185
0.0184991
0.0137836
0.0160355
0.0173528
0.0196477
0.019697
0.019687
0.0201613
0.0203876
0.0208595
0.0192338
0.01885
0.0178318
0.0154038
0.0153942
0.0110338
0.00994843
0.0123595
0.0123978
0.0124352
0.0127863
0.0126582
0.0105312
0.00911714
0.00783049
0.00678239
0.00631531
0.00752737
0.0105359
0.0138748
0.0161834
0.0174927
0.0200022
0.0218409
0.0234014
0.0241893
0.0245129
0.0243851
0.0245546
0.024531
0.0237183
0.0237126
0.0236651
0.0238916
0.0250417
0.0255983
0.0258532
0.0262342
0.0264921
0.0270143
0.026772
0.02716
0.0286998
0.0306537
0.0320558
0.0332163
0.0321368
0.0312054
0.0309242
0.0315883
0.0319619
0.0321388
0.0316837
0.0293682
0.0291851
0.0288768
0.0285025
0.0287287
0.0290812
0.0295503
0.0306707
0.0326096
0.034167
0.0355905
0.0365998
0.038426
0.0415971
0.0415087
0.0457742
0.0452584
0.0448607
0.0426822
0.0440561
0.0440143
0.0458446
0.0469331
0.0450996
0.0459031
0.045585
0.0458085
0.0476406
0.0488989
0.0527671
0.0535447
0.056395
0.0580768
0.0590772
0.0622071
0.0622741
0.0618227
0.0611403
0.0616114
0.0712305
0.0710335
0.06749
0.0641081
0.0653846
0.0688904
0.0690171
0.0694939
0.0707037
0.0715636
0.0728032
0.0776219
0.0862089
0.0861881
0.0851396
0.0855839
0.0854618
0.0853594
0.0834888
0.0827872
0.0765619
0.0714931
0.0660125
0.0650756
0.0692809
0.0732202
0.079111
0.0806202
0.0799238
0.0783561
0.0778394
0.077181
0.0762309
0.0749937
0.0749333
0.0763695
0.076308
0.0785325
0.0743654
0.0744528
0.0765471
0.0763076
0.0758133
0.074611
0.0727786
0.0702105
0.0692264
0.0686071
0.0707681
0.0716534
0.0754023
0.0756907
0.0752581
0.0768328
0.0791596
0.0763785
0.0750566
0.0742516
0.0726214
0.0706466
0.0706271
0.0748773
0.0745475
0.0737579
0.0726109
0.0721781
0.0718028
0.0715595
0.0713262
0.0710771
0.0706897
0.081295
0.0812645
0.0813953
0.0814395
0.0810672
0.081242
0.0918005
0.0926181
0.0962366
0.0958633
0.0955241
0.096079
0.101953
0.102136
0.109124
0.113378
0.114748
0.115835
0.118748
0.119298
0.124275
0.12495
0.133227
0.133677
0.135642
0.136595
0.136847
0.143759
0.143308
0.141062
0.138564
0.137963
0.137812
0.137255
0.13782
0.138736
0.138702
0.139023
0.138384
0.137188
0.134916
0.133026
0.129391
0.126876
0.123981
0.121761
0.118531
0.116614
0.115609
0.114268
0.128733
0.128877
0.130877
0.130705
0.128956
0.126748
0.123831
0.122915
0.123205
0.122974
0.119088
0.110832
0.104797
0.102561
0.1021
0.102566
0.103134
0.10354
0.103549
0.107979
0.107875
0.11257
0.110083
0.108602
0.106711
0.105955
0.104216
0.103446
0.101483
0.0997167
0.0984958
0.0959543
0.0949638
0.090133
0.0896038
0.0872954
0.0859119
0.0855591
0.0844338
0.0844767
0.0849929
0.0840584
0.0836301
0.0826035
0.0815557
0.0805668
0.0795847
0.0783219
0.0775403
0.0773332
0.0771874
0.0774925
0.0771713
0.0767966
0.0748384
0.0741102
0.0734132
0.0733152
0.0729831
0.0725306
0.0722394
0.0720096
0.0720207
0.071571
0.0709292
0.0708593
0.072242
0.0725384
0.0733993
0.0740213
0.0734929
0.0723964
0.0721974
0.0728871
0.0730056
0.0725996
0.0721301
0.0716736
0.0700673
0.0695275
0.0690533
0.0681257
0.0673739
0.0666286
0.0662547
0.0661922
0.0655501
0.0648191
0.0640134
0.0631259
0.062939
0.0617516
0.0604726
0.0597456
0.0589132
0.0574637
0.0571268
0.0568581
0.0567918
0.0568255
0.0564303
0.0559094
0.0559417
0.0552957
0.0551426
0.0556043
0.05517
0.0546983
0.0547021
0.0548396
0.0549899
0.0548276
0.0543805
0.0537272
0.0530493
0.0523176
0.051371
0.0502762
0.0494227
0.0495157
0.0497606
0.0490556
0.047404
0.0470094
0.045131
0.0441084
0.0434827
0.0423092
0.0420069
0.0417422
0.041583
0.0416429
0.0415936
0.0418149
0.0423274
0.0430637
0.0433012
0.0429394
0.0426982
0.0423288
0.0415228
0.0404909
0.039252
0.0390966
0.0382177
0.0377552
0.036567
0.0352569
0.0351733
0.0352845
0.0340147
0.0331593
0.0321411
0.0316201
0.0312668
0.030912
0.0283134
0.0284685
0.0280084
0.0281125
0.0292268
0.0300939
0.0307554
0.0313595
0.0323048
0.0296513
0.0295566
0.030211
0.0309615
0.0320703
0.0334204
0.0341836
0.0351643
0.0364496
0.0397326
0.0409876
0.0421545
0.0429158
0.0440502
0.0444341
0.0455534
0.0471168
0.0489159
0.0506477
0.0516262
0.0525084
0.053918
0.0546657
0.0573088
0.0596498
0.0616632
0.0632632
0.0650549
0.0654865
0.0672555
0.0696963
0.071541
0.0720142
0.0715425
0.0712886
0.0701513
0.0694148
0.0685015
0.06801
0.0678624
0.068208
0.0694017
0.0705229
0.0725186
0.0735457
0.0749205
0.0771748
0.079027
0.0795279
0.0797365
0.0816695
0.082685
0.0842285
0.0856833
0.0877015
0.0898163
0.0905766
0.0918827
0.0908609
0.0898226
0.0892735
0.0885366
0.0877599
0.0870643
0.0869564
0.0869255
0.086213
0.0857418
0.0844237
0.0833662
0.0823014
0.0798307
0.0772347
0.0750404
0.074128
0.0733389
0.0730609
0.0724211
0.0714751
0.070619
0.0697123
0.0696474
0.0701114
0.0707444
0.0711958
0.0714976
0.0701019
0.0676515
0.0644031
0.0635083
0.0629272
0.0626171
0.0621051
0.0611674
0.0606586
0.06052
0.0607537
0.0605139
0.0605336
0.0602899
0.0605034
0.0611002
0.0616139
0.0620628
0.0624746
0.0636234
0.0642806
0.0648343
0.065328
0.0659176
0.0668382
0.0675721
0.068202
0.0684504
0.0682684
0.0693962
0.0693906
0.0698806
0.0705227
0.0704423
0.0706079
0.0705529
0.0703555
0.0702184
0.0700093
0.0708743
0.0715837
0.0725248
0.0729643
0.0736111
0.0736046
0.0731336
0.0715281
0.0706251
0.0699101
0.0695367
0.0691363
0.068619
0.0682701
0.0681622
0.0676138
0.0671367
0.0664103
0.064997
0.0636189
0.062667
0.0616892
0.0612849
0.0607058
0.0595221
0.058628
0.0568106
0.0558867
0.0555236
0.0549168
0.0544716
0.054053
0.0531062
0.052898
0.0525472
0.0667869
0.0671293
0.0667528
0.0662495
0.0823449
0.082594
0.0854696
0.0889249
0.088515
0.0890447
