0.0938505
0.0815533
0.0735446
0.0702918
0.0682302
0.0676662
0.0669554
0.0652781
0.0652509
0.0640748
0.0630952
0.062358
0.0617449
0.0614276
0.0609176
0.0606543
0.0605892
0.0594904
0.0584567
0.0580191
0.0565501
0.0560972
0.0558938
0.0557991
0.0555254
0.0551147
0.0548013
0.0539934
0.0539341
0.053594
0.0533947
0.0530945
0.0525727
0.0525269
0.0524362
0.0523711
0.0523317
0.0522471
0.0521238
0.0518395
0.0517902
0.0514013
0.0513637
0.0512607
0.0512138
0.050876
0.0507516
0.0505061
0.0502768
0.0502692
0.0499223
0.0498972
0.0494165
0.0491003
0.0490774
0.0490427
0.0488745
0.04884
0.0487966
0.0486463
0.0485374
0.048496
0.0481892
0.0479467
0.0478328
0.0476513
0.0473802
0.0473674
0.0472191
0.0471511
0.0471244
0.0471089
0.0470749
0.0469913
0.046853
0.0465049
0.0464515
0.0464284
0.0458355
0.0456766
0.0455431
0.0454614
0.0454317
0.045135
0.0450465
0.0450094
0.0447666
0.0445543
0.044538
0.0444063
0.0441576
0.0440972
0.0440403
0.0439592
0.043725
0.0435651
0.0435496
0.0433625
0.0432574
0.0431326
0.0430936
0.0430853
0.0430791
0.042962
0.0428416
0.0428388
0.0428385
0.0428188
0.0420113
0.0420058
0.042004
0.0419912
0.0414818
0.0414024
0.0413812
0.0413747
0.0413413
0.0410624
0.0410276
0.0409961
0.0409309
0.0406226
0.0405219
0.0403099
0.0402827
0.040106
0.039959
0.0399053
0.0397899
0.0395115
0.0395113
0.0394715
0.0393352
0.0392381
0.0390472
0.0389926
0.0389517
0.0389248
0.0389084
0.0388531
0.0387849
0.0387845
0.0387767
0.0385894
0.0385304
0.0384614
0.038428
0.0384265
0.0384147
0.0379716
0.0379547
0.0378898
0.0376184
0.0373746
0.0373515
0.0372582
0.0372092
0.0371394
0.0370826
0.037033
0.0369307
0.0367417
0.0366764
0.0364237
0.0364225
0.0364098
0.0362606
0.0362099
0.0360739
0.0360705
0.0359485
0.0358605
0.0357287
0.0356851
0.0354994
0.0354096
0.0353464
0.0352959
0.0352815
0.0351092
0.0350389
0.0350252
0.0350212
0.0349668
0.0349403
0.0349083
0.0348983
0.034886
0.03486
0.034773
0.0346179
0.034601
0.0345796
0.0344843
0.0344769
0.0342039
0.0341618
0.0341339
0.0341082
0.0339337
0.0338367
0.0338193
0.033744
0.0336317
0.0334912
0.0331753
0.0331682
0.032916
0.0328278
0.0326904
0.0325822
0.032469
0.0323265
0.0322956
0.0322287
0.0320894
0.0319887
0.0319233
0.031841
0.0317566
0.031704
0.031426
0.0313378
0.0312675
0.0312601
0.0312011
0.0311246
0.031024
0.0307903
0.03072
0.0306537
0.0305143
0.0303784
0.0303371
0.0302668
0.0301842
0.0301764
0.0301309
0.0300704
0.0300422
0.0298964
0.029853
0.0296791
0.0296274
0.02957
0.0294717
0.0294574
0.0292509
0.029198
0.0291419
0.0291146
0.0290694
0.029005
0.0288485
0.0288053
0.0286726
0.0285778
0.0285289
0.0284634
0.0283856
0.0283275
0.0281937
0.0281734
0.0280986
0.0279447
0.027897
0.0277985
0.0277085
0.0276266
0.027518
0.0274432
0.0274203
0.0273258
0.0272498
0.0270924
0.0270128
0.0269103
0.0267897
0.0266671
0.0265036
0.0264805
0.0264238
0.0262699
0.0262104
0.0261524
0.0260201
0.0259019
0.0258134
0.0256913
0.0255246
0.0253474
0.0251807
0.0250807
0.0249457
0.0248109
0.0247504
0.0245654
0.0244732
0.024435
0.0243815
0.0242433
0.0239873
0.0239209
0.0237606
0.0235615
0.0233985
0.0232877
0.0231822
0.023156
0.0230206
0.0228998
0.0227744
0.0226892
0.0225398
0.0224408
0.0223532
0.0222653
0.0221357
0.0220413
0.0219364
0.0219041
0.0217689
0.02162
0.0215294
0.0214092
0.0213119
0.0210221
0.020911
0.0208452
0.0208004
0.0207405
0.020692
0.0205005
0.0203205
0.020197
0.020081
0.0200056
0.0199342
0.0197479
0.0196112
0.0195184
0.0194049
0.0192557
0.0192227
0.0190822
0.019019
0.0188687
0.0187489
0.018623
0.0185394
0.0184705
0.0183804
0.0182153
0.0180407
0.018017
0.0179101
0.01781
0.0177084
0.0175862
0.0175141
0.0174343
0.017316
0.0172357
0.0171626
0.0170353
0.0169715
0.0168493
0.016706
0.0165822
0.0164763
0.0163831
0.016336
0.0162348
0.0161398
0.016071
0.0159147
0.0157684
0.0156942
0.0156323
0.0155568
0.0154304
0.015352
0.0152759
0.015204
0.0151335
0.0150601
0.0149613
0.0148826
0.0147594
0.0146464
0.0145572
0.0144909
0.0143863
0.0143107
0.0142453
0.0141699
0.0141012
0.0139929
0.0139087
0.013831
0.0137317
0.0136128
0.0135153
0.0134137
0.013349
0.0132762
0.0131643
0.0129954
0.0129173
0.0128169
0.0126505
0.0125448
0.0124532
0.0123878
0.0123046
0.012186
0.0120626
0.0119677
0.0118513
0.0117526
0.0116878
0.0116011
0.0115613
0.0114464
0.0113694
0.0112668
0.011195
0.0110763
0.0110013
0.0109213
0.0108549
0.0107418
0.0105971
0.0105021
0.0103857
0.0102799
0.0101774
0.010079
0.00999136
0.00987755
0.00973782
0.00964216
0.00954289
0.00939044
0.0092461
0.00912714
0.00900912
0.00891716
0.00880947
0.00872208
0.00865971
0.00857631
0.00845044
0.00834004
0.00821864
0.00807379
0.00794934
0.00786555
0.00774477
0.00758091
0.00746589
0.0073316
0.00724838
0.00713466
0.00700435
0.00689522
0.0068066
0.00672458
0.00659655
0.00650179
0.00639227
0.00629148
0.0061979
0.00606239
0.00596644
0.00586052
0.00578984
0.00551496
0.00531617
0.00504576
0.00484943
0.00464549
0.00442601
0.00430616
0.00411254
0.00393147
0.00377106
0.00361971
0.00344176
0.00331307
0.00320496
0.00311817
0.00301445
0.00297791
0.00282247
0.00268619
0.00252177
0.00233618
0.00219897
0.00212512
0.00202687
0.00193888
0.00187988
0.00181994
0.00176721
0.00171187
0.00166446
0.00161701
0.00157918
0.00154321
0.00152101
0.00148262
0.00139088
0.00126581
0.00117001
0.00109125
0.00102924
0.000970137
0.000931997
0.000895403
0.000858922
0.000821448
0.000789719
0.000759777
0.000720114
0.000695156
0.000676235
0.000654393
0.000631178
0.000612033
0.000592567
0.000573086
0.000559602
0.000545515
0.000531241
0.000518512
0.000507398
0.000495458
0.000485256
0.00047186
0.00046203
0.000453184
0.000441388
0.000433314
0.000423256
0.000412633
0.000404448
0.000396937
0.000387264
0.000379886
0.000373544
0.000366795
0.000359575
0.000355108
0.000350807
0.000344379
0.000338461
0.000333323
0.000326462
0.000320145
0.00031499
0.00031047
0.000305263
0.000300264
0.000297538
0.00029436
0.000290699
0.00028632
0.000282551
0.000279004
0.000275496
0.000273506
0.000270584
0.000267928
0.00026553
0.00026379
0.000260872
0.000256059
0.000251437
0.00024818
0.000243574
0.000239396
0.000235439
0.000230036
0.000225614
0.000220861
0.000217239
0.000213263
0.00020946
0.000206103
0.000203025
0.000199384
0.000196602
0.000193943
0.000191327
0.000188217
0.000184441
0.000181384
0.000177606
0.000174182
0.000170696
0.00016699
0.000163814
0.000160543
0.000157803
0.000155811
0.000152513
0.000149606
0.000146488
0.000143103
0.000140276
0.000136962
0.000134069
0.000130603
0.000127758
0.000125501
0.000123243
0.000120744
0.000117972
0.000115398
0.000112895
0.000110752
0.000108693
0.000106665
0.000104795
0.000102767
0.000100833
9.90765e-05
9.75794e-05
9.58499e-05
9.39799e-05
9.22556e-05
9.0623e-05
8.91242e-05
8.74996e-05
8.62377e-05
8.47662e-05
8.32929e-05
8.16208e-05
8.02231e-05
7.86483e-05
7.71928e-05
7.58842e-05
7.46296e-05
7.33821e-05
7.18977e-05
7.06223e-05
6.94925e-05
6.84174e-05
6.72795e-05
6.6379e-05
6.54928e-05
6.43277e-05
6.30911e-05
6.21278e-05
6.09166e-05
5.97233e-05
5.86014e-05
5.7489e-05
5.64139e-05
5.54712e-05
5.44879e-05
5.34311e-05
5.22519e-05
5.13992e-05
5.0458e-05
4.95045e-05
4.85614e-05
4.761e-05
4.68091e-05
4.60213e-05
4.50509e-05
4.42271e-05
4.34773e-05
4.27062e-05
4.19556e-05
4.11236e-05
4.0314e-05
3.95784e-05
3.88929e-05
3.81739e-05
3.7506e-05
3.68e-05
3.61763e-05
3.55841e-05
3.50438e-05
3.44265e-05
3.37564e-05
3.31663e-05
3.24521e-05
3.18907e-05
3.13136e-05
3.07784e-05
3.02257e-05
2.96413e-05
2.90277e-05
2.84277e-05
2.79578e-05
2.75266e-05
2.70528e-05
2.6696e-05
2.63278e-05
2.57888e-05
2.5252e-05
2.47706e-05
2.42611e-05
2.37198e-05
2.31952e-05
2.27127e-05
2.22561e-05
2.18608e-05
2.14165e-05
2.09756e-05
2.05398e-05
2.01116e-05
1.97131e-05
1.94889e-05
1.90329e-05
1.85899e-05
1.81006e-05
1.76259e-05
1.71935e-05
1.68145e-05
1.64438e-05
1.60038e-05
1.55772e-05
1.51219e-05
1.47277e-05
1.43351e-05
1.39918e-05
1.36202e-05
1.32981e-05
1.29425e-05
1.25465e-05
1.21953e-05
1.18001e-05
1.14458e-05
1.10854e-05
1.07152e-05
1.03848e-05
1.00395e-05
9.72652e-06
9.44885e-06
9.16335e-06
8.90751e-06
8.67391e-06
8.39755e-06
8.12934e-06
7.84081e-06
7.58316e-06
7.34454e-06
7.07896e-06
6.82071e-06
6.59008e-06
6.41196e-06
6.17521e-06
5.94198e-06
5.74705e-06
5.54756e-06
5.34871e-06
5.20553e-06
4.93725e-06
4.72154e-06
4.5091e-06
4.28944e-06
4.09853e-06
3.90302e-06
3.70173e-06
3.5066e-06
3.29166e-06
3.09869e-06
2.92146e-06
2.73901e-06
2.56806e-06
2.40774e-06
2.24516e-06
2.08689e-06
1.93586e-06
1.79651e-06
1.66726e-06
1.54176e-06
1.42521e-06
1.32376e-06
1.22156e-06
1.11645e-06
1.01462e-06
9.16212e-07
8.18577e-07
7.32634e-07
6.50399e-07
5.76746e-07
5.09549e-07
4.47672e-07
3.88496e-07
3.32389e-07
2.84405e-07
2.44592e-07
2.12528e-07
1.84954e-07
1.59694e-07
1.39208e-07
1.18054e-07
9.91364e-08
8.14921e-08
6.72711e-08
5.46331e-08
4.38689e-08
3.53252e-08
2.72355e-08
2.05555e-08
1.54932e-08
1.08179e-08
7.37273e-09
4.44325e-09
2.11536e-09
1.94007e-10
0
0
0
0
0
0
0
0
0
0
0
0
0
0
0
