168.637
148.826
111.755
111.66
108.673
100.933
99.1669
97.1265
97.119
92.1602
85.7286
82.157
81.6946
78.9201
77.2521
76.5209
76.1161
74.6959
72.9085
72.1514
71.6079
71.2915
69.7399
69.0543
68.7379
68.2259
67.74
66.6724
65.6638
65.4448
65.4414
63.8735
62.9448
62.3255
61.3845
60.8928
60.6738
60.3149
60.082
59.4229
58.7985
58.4774
58.4471
58.3111
58.1472
57.8048
57.625
57.5901
57.2943
56.7132
56.3023
56.1699
56.0704
55.5343
55.4822
55.3365
54.8885
54.7219
53.0717
52.906
52.747
52.7208
52.3294
52.1512
51.8396
51.6098
51.4271
51.278
51.1217
50.9764
50.5196
50.2224
49.7497
49.594
49.5145
49.3966
49.0934
48.8655
48.7755
48.1272
47.9229
47.7902
47.5356
47.3488
46.9028
46.688
46.4764
46.0935
45.8932
45.5598
45.2773
44.9657
44.7941
44.3949
44.2637
43.8952
43.6139
43.3852
43.0042
42.7644
42.4695
42.2164
41.7617
41.4399
41.0108
40.816
40.5965
40.2257
39.9961
39.5858
39.2314
38.8656
38.7052
38.2849
37.93
37.6605
37.4496
36.8975
36.7064
36.4109
35.9603
35.7518
35.3334
35.0912
34.6599
34.3388
33.9682
33.6608
33.4363
32.9831
32.7012
32.4225
32.052
31.67
31.3464
31.0091
30.4834
30.1924
29.9193
29.6294
29.2356
28.8265
28.5257
28.1286
27.8036
27.3833
27.1418
26.7799
26.3852
25.9725
25.7051
25.3611
24.935
24.6071
24.2343
23.8729
23.5758
23.0933
22.7849
22.4316
22.1145
21.7036
21.3813
20.9824
20.6235
20.2473
19.8788
19.5154
19.1342
18.7936
18.3971
18.0688
17.7038
17.335
16.9535
16.5998
16.2117
15.8437
15.4866
15.1089
14.7443
14.3557
14.0107
13.6415
13.268
12.9056
12.5462
12.1715
11.7993
11.4362
11.0826
10.6819
10.3162
9.951
9.57216
9.18758
8.83183
8.45886
8.07733
7.71133
7.33489
6.95914
6.59009
6.20972
5.83673
5.46278
5.0858
4.70443
4.33688
3.95304
3.58164
3.20629
2.8263
2.44654
2.06936
1.69404
1.31165
0.938581
0.553708
0.14428
